TN:
SF:/home/diego/Desktop/taller2-appserver/ContenidoParaLasPruebas/gtest_main.cc
FN:4,main
FN:7,_Z41__static_initialization_and_destruction_0ii
FN:7,_GLOBAL__sub_I_main
FNDA:10,main
FNDA:10,_GLOBAL__sub_I_main
FNDA:10,_Z41__static_initialization_and_destruction_0ii
FNF:3
FNH:3
DA:4,10
DA:5,10
DA:6,10
DA:7,30
LF:4
LH:4
end_of_record
SF:/usr/include/c++/4.8/iostream
DA:74,10
LF:1
LH:1
end_of_record
SF:/usr/local/include/gtest/gtest.h
FN:2232,_Z13RUN_ALL_TESTSv
FNDA:10,_Z13RUN_ALL_TESTSv
FNF:1
FNH:1
DA:2232,10
DA:2233,10
LF:2
LH:2
end_of_record
TN:
SF:/home/diego/Desktop/taller2-appserver/Appserver/src/servicios/JsonValor.h
FN:10,_ZN9JsonValorC2ERKS_
FNDA:60,_ZN9JsonValorC2ERKS_
FNF:1
FNH:1
DA:10,60
LF:1
LH:1
end_of_record
SF:/home/diego/Desktop/taller2-appserver/ContenidoParaLasPruebas/TestCases/JsonValoresTests.cpp
FN:8,_ZN16JsonValoresTestsD0Ev
FN:8,_ZN16JsonValoresTestsD2Ev
FN:8,_ZN16JsonValoresTestsC2Ev
FN:12,_ZN16JsonValoresTests24agregarNumeroAlJsonArrayEiR9JsonArray
FN:18,_ZN16JsonValoresTests25agregarPalabraAlJsonArrayESsR9JsonArray
FN:24,_ZN16JsonValoresTests26compararStringConJsonValorESs9JsonValor
FN:35,_Z41__static_initialization_and_destruction_0ii
FN:35,_ZN48JsonValoresTests_testJsonArrayComienzaVacio_TestC2Ev
FN:35,_ZN48JsonValoresTests_testJsonArrayComienzaVacio_TestD0Ev
FN:35,_ZN48JsonValoresTests_testJsonArrayComienzaVacio_TestD2Ev
FN:35,_ZN48JsonValoresTests_testJsonArrayComienzaVacio_Test8TestBodyEv
FN:42,_ZN51JsonValoresTests_testAgregarUnNumerolJsonArray_TestD0Ev
FN:42,_ZN51JsonValoresTests_testAgregarUnNumerolJsonArray_TestD2Ev
FN:42,_ZN51JsonValoresTests_testAgregarUnNumerolJsonArray_Test8TestBodyEv
FN:42,_ZN51JsonValoresTests_testAgregarUnNumerolJsonArray_TestC2Ev
FN:53,_ZN92JsonValoresTests_testAgregarVariosNumerosAlJsonArrayElUltimoEnAgregarseEsElDeMayorOrden_TestD2Ev
FN:53,_ZN92JsonValoresTests_testAgregarVariosNumerosAlJsonArrayElUltimoEnAgregarseEsElDeMayorOrden_TestD0Ev
FN:53,_ZN92JsonValoresTests_testAgregarVariosNumerosAlJsonArrayElUltimoEnAgregarseEsElDeMayorOrden_TestC2Ev
FN:53,_ZN92JsonValoresTests_testAgregarVariosNumerosAlJsonArrayElUltimoEnAgregarseEsElDeMayorOrden_Test8TestBodyEv
FN:75,_ZN54JsonValoresTests_testAgregarUnaPalabraAlJsonArray_TestD2Ev
FN:75,_ZN54JsonValoresTests_testAgregarUnaPalabraAlJsonArray_Test8TestBodyEv
FN:75,_ZN54JsonValoresTests_testAgregarUnaPalabraAlJsonArray_TestD0Ev
FN:75,_ZN54JsonValoresTests_testAgregarUnaPalabraAlJsonArray_TestC2Ev
FN:82,_ZN58JsonValoresTests_testAgregarVariasPalabrasAlJsonArray_TestC2Ev
FN:82,_ZN58JsonValoresTests_testAgregarVariasPalabrasAlJsonArray_TestD2Ev
FN:82,_ZN58JsonValoresTests_testAgregarVariasPalabrasAlJsonArray_Test8TestBodyEv
FN:82,_ZN58JsonValoresTests_testAgregarVariasPalabrasAlJsonArray_TestD0Ev
FN:97,_ZN55JsonValoresTests_testAgregarUnJsonArrayAlJsonArray_Test8TestBodyEv
FN:97,_ZN55JsonValoresTests_testAgregarUnJsonArrayAlJsonArray_TestC2Ev
FN:97,_ZN55JsonValoresTests_testAgregarUnJsonArrayAlJsonArray_TestD2Ev
FN:97,_ZN55JsonValoresTests_testAgregarUnJsonArrayAlJsonArray_TestD0Ev
FN:110,_GLOBAL__sub_I__ZN48JsonValoresTests_testJsonArrayComienzaVacio_Test10test_info_E
FNDA:0,_ZN16JsonValoresTestsD0Ev
FNDA:60,_ZN16JsonValoresTestsD2Ev
FNDA:60,_ZN16JsonValoresTestsC2Ev
FNDA:60,_ZN16JsonValoresTests24agregarNumeroAlJsonArrayEiR9JsonArray
FNDA:120,_ZN16JsonValoresTests25agregarPalabraAlJsonArrayESsR9JsonArray
FNDA:160,_ZN16JsonValoresTests26compararStringConJsonValorESs9JsonValor
FNDA:10,_ZN48JsonValoresTests_testJsonArrayComienzaVacio_TestD0Ev
FNDA:10,_ZN48JsonValoresTests_testJsonArrayComienzaVacio_TestD2Ev
FNDA:10,_ZN48JsonValoresTests_testJsonArrayComienzaVacio_Test8TestBodyEv
FNDA:10,_ZN48JsonValoresTests_testJsonArrayComienzaVacio_TestC2Ev
FNDA:10,_ZN51JsonValoresTests_testAgregarUnNumerolJsonArray_TestD0Ev
FNDA:10,_ZN51JsonValoresTests_testAgregarUnNumerolJsonArray_TestD2Ev
FNDA:10,_ZN51JsonValoresTests_testAgregarUnNumerolJsonArray_Test8TestBodyEv
FNDA:10,_ZN51JsonValoresTests_testAgregarUnNumerolJsonArray_TestC2Ev
FNDA:10,_ZN92JsonValoresTests_testAgregarVariosNumerosAlJsonArrayElUltimoEnAgregarseEsElDeMayorOrden_TestD0Ev
FNDA:10,_ZN92JsonValoresTests_testAgregarVariosNumerosAlJsonArrayElUltimoEnAgregarseEsElDeMayorOrden_TestD2Ev
FNDA:10,_ZN92JsonValoresTests_testAgregarVariosNumerosAlJsonArrayElUltimoEnAgregarseEsElDeMayorOrden_Test8TestBodyEv
FNDA:10,_ZN92JsonValoresTests_testAgregarVariosNumerosAlJsonArrayElUltimoEnAgregarseEsElDeMayorOrden_TestC2Ev
FNDA:10,_ZN54JsonValoresTests_testAgregarUnaPalabraAlJsonArray_TestD0Ev
FNDA:10,_ZN54JsonValoresTests_testAgregarUnaPalabraAlJsonArray_TestD2Ev
FNDA:10,_ZN54JsonValoresTests_testAgregarUnaPalabraAlJsonArray_Test8TestBodyEv
FNDA:10,_ZN54JsonValoresTests_testAgregarUnaPalabraAlJsonArray_TestC2Ev
FNDA:10,_ZN58JsonValoresTests_testAgregarVariasPalabrasAlJsonArray_TestD0Ev
FNDA:10,_ZN58JsonValoresTests_testAgregarVariasPalabrasAlJsonArray_TestD2Ev
FNDA:10,_ZN58JsonValoresTests_testAgregarVariasPalabrasAlJsonArray_Test8TestBodyEv
FNDA:10,_ZN58JsonValoresTests_testAgregarVariasPalabrasAlJsonArray_TestC2Ev
FNDA:10,_ZN55JsonValoresTests_testAgregarUnJsonArrayAlJsonArray_TestD0Ev
FNDA:10,_ZN55JsonValoresTests_testAgregarUnJsonArrayAlJsonArray_TestD2Ev
FNDA:10,_ZN55JsonValoresTests_testAgregarUnJsonArrayAlJsonArray_Test8TestBodyEv
FNDA:10,_ZN55JsonValoresTests_testAgregarUnJsonArrayAlJsonArray_TestC2Ev
FNDA:10,_GLOBAL__sub_I__ZN48JsonValoresTests_testJsonArrayComienzaVacio_Test10test_info_E
FNDA:10,_Z41__static_initialization_and_destruction_0ii
FNF:32
FNH:31
DA:8,120
DA:12,60
DA:15,60
DA:16,60
DA:18,120
DA:21,120
DA:22,120
DA:24,160
DA:25,160
DA:35,50
DA:36,10
DA:37,10
DA:42,50
DA:43,10
DA:44,10
DA:45,10
DA:53,50
DA:54,10
DA:55,10
DA:56,10
DA:57,10
DA:58,10
DA:59,10
DA:61,10
DA:63,10
DA:64,10
DA:65,10
DA:66,10
DA:67,10
DA:75,50
DA:76,10
DA:77,10
DA:78,10
DA:82,50
DA:83,10
DA:84,10
DA:85,10
DA:86,10
DA:87,10
DA:88,10
DA:89,10
DA:90,10
DA:91,10
DA:92,10
DA:93,10
DA:94,10
DA:97,50
DA:98,20
DA:99,10
DA:100,10
DA:102,10
DA:103,10
DA:104,10
DA:106,10
DA:108,10
DA:109,20
DA:110,30
LF:57
LH:57
end_of_record
SF:/usr/include/c++/4.8/bits/basic_string.h
FN:272,_ZNSs12_Alloc_hiderD2Ev
FNDA:0,_ZNSs12_Alloc_hiderD2Ev
FNF:1
FNH:0
DA:272,0
LF:1
LH:0
end_of_record
SF:/usr/include/c++/4.8/bits/char_traits.h
FN:254,_ZNSt11char_traitsIcE7compareEPKcS2_m
FNDA:0,_ZNSt11char_traitsIcE7compareEPKcS2_m
FNF:1
FNH:0
DA:254,0
DA:255,0
LF:2
LH:0
end_of_record
SF:/usr/include/c++/4.8/bits/stl_algobase.h
FN:193,_ZSt3minImERKT_S2_S2_
FNDA:0,_ZSt3minImERKT_S2_S2_
FNF:1
FNH:0
DA:193,0
DA:198,0
DA:199,0
DA:200,0
LF:4
LH:0
end_of_record
SF:/usr/include/c++/4.8/ext/atomicity.h
FN:48,_ZN9__gnu_cxxL18__exchange_and_addEPVii
FN:65,_ZN9__gnu_cxxL25__exchange_and_add_singleEPii
FN:78,_ZN9__gnu_cxxL27__exchange_and_add_dispatchEPii
FNDA:0,_ZN9__gnu_cxxL18__exchange_and_addEPVii
FNDA:0,_ZN9__gnu_cxxL25__exchange_and_add_singleEPii
FNDA:0,_ZN9__gnu_cxxL27__exchange_and_add_dispatchEPii
FNF:3
FNH:0
DA:48,0
DA:49,0
DA:65,0
DA:67,0
DA:68,0
DA:69,0
DA:78,0
DA:81,0
DA:82,0
DA:84,0
LF:10
LH:0
end_of_record
SF:/usr/include/c++/4.8/ext/new_allocator.h
FN:79,_ZN9__gnu_cxx13new_allocatorIcEC2Ev
FN:81,_ZN9__gnu_cxx13new_allocatorIcEC2ERKS1_
FN:86,_ZN9__gnu_cxx13new_allocatorIcED2Ev
FNDA:0,_ZN9__gnu_cxx13new_allocatorIcEC2Ev
FNDA:0,_ZN9__gnu_cxx13new_allocatorIcEC2ERKS1_
FNDA:0,_ZN9__gnu_cxx13new_allocatorIcED2Ev
FNF:3
FNH:0
DA:79,0
DA:81,0
DA:86,0
LF:3
LH:0
end_of_record
SF:/usr/include/c++/4.8/iostream
DA:74,10
LF:1
LH:1
end_of_record
SF:/usr/include/x86_64-linux-gnu/c++/4.8/bits/gthr-default.h
FN:247,_ZL18__gthread_active_pv
FNDA:0,_ZL18__gthread_active_pv
FNF:1
FNH:0
DA:247,0
DA:251,0
LF:2
LH:0
end_of_record
SF:/usr/local/include/gtest/gtest-message.h
FN:85,_ZN7testing7MessageD2Ev
FNDA:0,_ZN7testing7MessageD2Ev
FNF:1
FNH:0
DA:85,0
LF:1
LH:0
end_of_record
SF:/usr/local/include/gtest/gtest.h
FN:256,_ZN7testing15AssertionResultD2Ev
FN:272,_ZN7testing15AssertionResultC2IbEERKT_PNS_8internal8EnableIfIXntsrNS5_21ImplicitlyConvertibleIS2_S0_EE5valueEE4typeE
FN:288,_ZNK7testing15AssertionResultcvbEv
FN:389,_ZN7testing4Test13SetUpTestCaseEv
FN:397,_ZN7testing4Test16TearDownTestCaseEv
FN:474,_ZN7testing4Test5SetupEv
FNDA:0,_ZN7testing15AssertionResultD2Ev
FNDA:0,_ZN7testing15AssertionResultC2IbEERKT_PNS_8internal8EnableIfIXntsrNS5_21ImplicitlyConvertibleIS2_S0_EE5valueEE4typeE
FNDA:0,_ZNK7testing15AssertionResultcvbEv
FNDA:0,_ZN7testing4Test13SetUpTestCaseEv
FNDA:0,_ZN7testing4Test16TearDownTestCaseEv
FNDA:0,_ZN7testing4Test5SetupEv
FNF:6
FNH:0
DA:256,0
DA:272,0
DA:277,0
DA:288,0
DA:389,0
DA:397,0
DA:474,0
LF:7
LH:0
end_of_record
SF:/usr/local/include/gtest/internal/gtest-internal.h
FN:447,_ZN7testing8internal9GetTypeIdI16JsonValoresTestsEEPKvv
FN:466,_ZN7testing8internal15TestFactoryBaseD0Ev
FN:466,_ZN7testing8internal15TestFactoryBaseD2Ev
FN:473,_ZN7testing8internal15TestFactoryBaseC2Ev
FN:482,_ZN7testing8internal15TestFactoryImplI51JsonValoresTests_testAgregarUnNumerolJsonArray_TestEC2Ev
FN:482,_ZN7testing8internal15TestFactoryImplI48JsonValoresTests_testJsonArrayComienzaVacio_TestED0Ev
FN:482,_ZN7testing8internal15TestFactoryImplI92JsonValoresTests_testAgregarVariosNumerosAlJsonArrayElUltimoEnAgregarseEsElDeMayorOrden_TestED2Ev
FN:482,_ZN7testing8internal15TestFactoryImplI92JsonValoresTests_testAgregarVariosNumerosAlJsonArrayElUltimoEnAgregarseEsElDeMayorOrden_TestED0Ev
FN:482,_ZN7testing8internal15TestFactoryImplI58JsonValoresTests_testAgregarVariasPalabrasAlJsonArray_TestED0Ev
FN:482,_ZN7testing8internal15TestFactoryImplI48JsonValoresTests_testJsonArrayComienzaVacio_TestED2Ev
FN:482,_ZN7testing8internal15TestFactoryImplI92JsonValoresTests_testAgregarVariosNumerosAlJsonArrayElUltimoEnAgregarseEsElDeMayorOrden_TestEC2Ev
FN:482,_ZN7testing8internal15TestFactoryImplI55JsonValoresTests_testAgregarUnJsonArrayAlJsonArray_TestED0Ev
FN:482,_ZN7testing8internal15TestFactoryImplI58JsonValoresTests_testAgregarVariasPalabrasAlJsonArray_TestEC2Ev
FN:482,_ZN7testing8internal15TestFactoryImplI55JsonValoresTests_testAgregarUnJsonArrayAlJsonArray_TestED2Ev
FN:482,_ZN7testing8internal15TestFactoryImplI51JsonValoresTests_testAgregarUnNumerolJsonArray_TestED0Ev
FN:482,_ZN7testing8internal15TestFactoryImplI48JsonValoresTests_testJsonArrayComienzaVacio_TestEC2Ev
FN:482,_ZN7testing8internal15TestFactoryImplI55JsonValoresTests_testAgregarUnJsonArrayAlJsonArray_TestEC2Ev
FN:482,_ZN7testing8internal15TestFactoryImplI51JsonValoresTests_testAgregarUnNumerolJsonArray_TestED2Ev
FN:482,_ZN7testing8internal15TestFactoryImplI58JsonValoresTests_testAgregarVariasPalabrasAlJsonArray_TestED2Ev
FN:482,_ZN7testing8internal15TestFactoryImplI54JsonValoresTests_testAgregarUnaPalabraAlJsonArray_TestEC2Ev
FN:482,_ZN7testing8internal15TestFactoryImplI54JsonValoresTests_testAgregarUnaPalabraAlJsonArray_TestED0Ev
FN:482,_ZN7testing8internal15TestFactoryImplI54JsonValoresTests_testAgregarUnaPalabraAlJsonArray_TestED2Ev
FN:484,_ZN7testing8internal15TestFactoryImplI55JsonValoresTests_testAgregarUnJsonArrayAlJsonArray_TestE10CreateTestEv
FN:484,_ZN7testing8internal15TestFactoryImplI51JsonValoresTests_testAgregarUnNumerolJsonArray_TestE10CreateTestEv
FN:484,_ZN7testing8internal15TestFactoryImplI58JsonValoresTests_testAgregarVariasPalabrasAlJsonArray_TestE10CreateTestEv
FN:484,_ZN7testing8internal15TestFactoryImplI48JsonValoresTests_testJsonArrayComienzaVacio_TestE10CreateTestEv
FN:484,_ZN7testing8internal15TestFactoryImplI92JsonValoresTests_testAgregarVariosNumerosAlJsonArrayElUltimoEnAgregarseEsElDeMayorOrden_TestE10CreateTestEv
FN:484,_ZN7testing8internal15TestFactoryImplI54JsonValoresTests_testAgregarUnaPalabraAlJsonArray_TestE10CreateTestEv
FN:504,_ZN7testing8internal12CodeLocationD2Ev
FN:505,_ZN7testing8internal12CodeLocationC2ERKSsi
FNDA:60,_ZN7testing8internal9GetTypeIdI16JsonValoresTestsEEPKvv
FNDA:0,_ZN7testing8internal15TestFactoryBaseD0Ev
FNDA:0,_ZN7testing8internal15TestFactoryBaseD2Ev
FNDA:0,_ZN7testing8internal15TestFactoryBaseC2Ev
FNDA:10,_ZN7testing8internal15TestFactoryImplI48JsonValoresTests_testJsonArrayComienzaVacio_TestED0Ev
FNDA:10,_ZN7testing8internal15TestFactoryImplI48JsonValoresTests_testJsonArrayComienzaVacio_TestED2Ev
FNDA:10,_ZN7testing8internal15TestFactoryImplI51JsonValoresTests_testAgregarUnNumerolJsonArray_TestED0Ev
FNDA:10,_ZN7testing8internal15TestFactoryImplI51JsonValoresTests_testAgregarUnNumerolJsonArray_TestED2Ev
FNDA:10,_ZN7testing8internal15TestFactoryImplI92JsonValoresTests_testAgregarVariosNumerosAlJsonArrayElUltimoEnAgregarseEsElDeMayorOrden_TestED0Ev
FNDA:10,_ZN7testing8internal15TestFactoryImplI92JsonValoresTests_testAgregarVariosNumerosAlJsonArrayElUltimoEnAgregarseEsElDeMayorOrden_TestED2Ev
FNDA:10,_ZN7testing8internal15TestFactoryImplI54JsonValoresTests_testAgregarUnaPalabraAlJsonArray_TestED0Ev
FNDA:10,_ZN7testing8internal15TestFactoryImplI54JsonValoresTests_testAgregarUnaPalabraAlJsonArray_TestED2Ev
FNDA:10,_ZN7testing8internal15TestFactoryImplI58JsonValoresTests_testAgregarVariasPalabrasAlJsonArray_TestED0Ev
FNDA:10,_ZN7testing8internal15TestFactoryImplI58JsonValoresTests_testAgregarVariasPalabrasAlJsonArray_TestED2Ev
FNDA:10,_ZN7testing8internal15TestFactoryImplI55JsonValoresTests_testAgregarUnJsonArrayAlJsonArray_TestED0Ev
FNDA:10,_ZN7testing8internal15TestFactoryImplI55JsonValoresTests_testAgregarUnJsonArrayAlJsonArray_TestED2Ev
FNDA:10,_ZN7testing8internal15TestFactoryImplI55JsonValoresTests_testAgregarUnJsonArrayAlJsonArray_TestEC2Ev
FNDA:10,_ZN7testing8internal15TestFactoryImplI58JsonValoresTests_testAgregarVariasPalabrasAlJsonArray_TestEC2Ev
FNDA:10,_ZN7testing8internal15TestFactoryImplI54JsonValoresTests_testAgregarUnaPalabraAlJsonArray_TestEC2Ev
FNDA:10,_ZN7testing8internal15TestFactoryImplI92JsonValoresTests_testAgregarVariosNumerosAlJsonArrayElUltimoEnAgregarseEsElDeMayorOrden_TestEC2Ev
FNDA:10,_ZN7testing8internal15TestFactoryImplI51JsonValoresTests_testAgregarUnNumerolJsonArray_TestEC2Ev
FNDA:10,_ZN7testing8internal15TestFactoryImplI48JsonValoresTests_testJsonArrayComienzaVacio_TestEC2Ev
FNDA:10,_ZN7testing8internal15TestFactoryImplI48JsonValoresTests_testJsonArrayComienzaVacio_TestE10CreateTestEv
FNDA:10,_ZN7testing8internal15TestFactoryImplI51JsonValoresTests_testAgregarUnNumerolJsonArray_TestE10CreateTestEv
FNDA:10,_ZN7testing8internal15TestFactoryImplI92JsonValoresTests_testAgregarVariosNumerosAlJsonArrayElUltimoEnAgregarseEsElDeMayorOrden_TestE10CreateTestEv
FNDA:10,_ZN7testing8internal15TestFactoryImplI54JsonValoresTests_testAgregarUnaPalabraAlJsonArray_TestE10CreateTestEv
FNDA:10,_ZN7testing8internal15TestFactoryImplI58JsonValoresTests_testAgregarVariasPalabrasAlJsonArray_TestE10CreateTestEv
FNDA:10,_ZN7testing8internal15TestFactoryImplI55JsonValoresTests_testAgregarUnJsonArrayAlJsonArray_TestE10CreateTestEv
FNDA:0,_ZN7testing8internal12CodeLocationD2Ev
FNDA:0,_ZN7testing8internal12CodeLocationC2ERKSsi
FNF:30
FNH:25
DA:447,60
DA:452,60
DA:466,0
DA:473,0
DA:482,180
DA:484,60
DA:504,0
DA:505,0
LF:8
LH:4
end_of_record
SF:/usr/local/include/gtest/internal/gtest-port.h
FN:1119,_ZN7testing8internal10scoped_ptrISsEC2EPSs
FN:1120,_ZN7testing8internal10scoped_ptrISsED2Ev
FN:1120,_ZN7testing8internal10scoped_ptrISt18basic_stringstreamIcSt11char_traitsIcESaIcEEED2Ev
FN:1132,_ZN7testing8internal10scoped_ptrISsE5resetEPSs
FN:1132,_ZN7testing8internal10scoped_ptrISt18basic_stringstreamIcSt11char_traitsIcESaIcEEE5resetEPS6_
FNDA:0,_ZN7testing8internal10scoped_ptrISsEC2EPSs
FNDA:0,_ZN7testing8internal10scoped_ptrISsED2Ev
FNDA:0,_ZN7testing8internal10scoped_ptrISt18basic_stringstreamIcSt11char_traitsIcESaIcEEED2Ev
FNDA:0,_ZN7testing8internal10scoped_ptrISt18basic_stringstreamIcSt11char_traitsIcESaIcEEE5resetEPS6_
FNDA:0,_ZN7testing8internal10scoped_ptrISsE5resetEPSs
FNF:5
FNH:0
DA:1119,0
DA:1120,0
DA:1132,0
DA:1133,0
DA:1134,0
DA:1135,0
DA:1137,0
DA:1139,0
LF:8
LH:0
end_of_record
TN:
SF:/home/diego/Desktop/taller2-appserver/ContenidoParaLasPruebas/TestCases/MensajeHTTPReplyTests.cpp
FN:10,_ZN20MensajeHTTPReplyTestD2Ev
FN:10,_ZN20MensajeHTTPReplyTestC2Ev
FN:10,_ZN20MensajeHTTPReplyTestD0Ev
FN:14,_ZN20MensajeHTTPReplyTest5SetUpEv
FN:44,_ZN20MensajeHTTPReplyTest13iniciarMg_strER6mg_strPKcm
FN:50,_ZN20MensajeHTTPReplyTest8TearDownEv
FN:65,_Z41__static_initialization_and_destruction_0ii
FN:65,_ZN64MensajeHTTPReplyTest_testObjetenerCodigoDelMensajeHTTPReply_TestD0Ev
FN:65,_ZN64MensajeHTTPReplyTest_testObjetenerCodigoDelMensajeHTTPReply_Test8TestBodyEv
FN:65,_ZN64MensajeHTTPReplyTest_testObjetenerCodigoDelMensajeHTTPReply_TestD2Ev
FN:65,_ZN64MensajeHTTPReplyTest_testObjetenerCodigoDelMensajeHTTPReply_TestC2Ev
FN:72,_ZN71MensajeHTTPReplyTest_testObtenerMensajeDeEstadoDelMensajeHTTPReply_TestD0Ev
FN:72,_ZN71MensajeHTTPReplyTest_testObtenerMensajeDeEstadoDelMensajeHTTPReply_TestC2Ev
FN:72,_ZN71MensajeHTTPReplyTest_testObtenerMensajeDeEstadoDelMensajeHTTPReply_Test8TestBodyEv
FN:72,_ZN71MensajeHTTPReplyTest_testObtenerMensajeDeEstadoDelMensajeHTTPReply_TestD2Ev
FN:79,_ZN62MensajeHTTPReplyTest_testObtenerHeaderDelMensajeHTTPReply_TestD0Ev
FN:79,_ZN62MensajeHTTPReplyTest_testObtenerHeaderDelMensajeHTTPReply_Test8TestBodyEv
FN:79,_ZN62MensajeHTTPReplyTest_testObtenerHeaderDelMensajeHTTPReply_TestC2Ev
FN:79,_ZN62MensajeHTTPReplyTest_testObtenerHeaderDelMensajeHTTPReply_TestD2Ev
FN:82,_GLOBAL__sub_I__ZN64MensajeHTTPReplyTest_testObjetenerCodigoDelMensajeHTTPReply_Test10test_info_E
FNDA:0,_ZN20MensajeHTTPReplyTestD0Ev
FNDA:30,_ZN20MensajeHTTPReplyTestD2Ev
FNDA:30,_ZN20MensajeHTTPReplyTestC2Ev
FNDA:30,_ZN20MensajeHTTPReplyTest5SetUpEv
FNDA:210,_ZN20MensajeHTTPReplyTest13iniciarMg_strER6mg_strPKcm
FNDA:30,_ZN20MensajeHTTPReplyTest8TearDownEv
FNDA:10,_ZN64MensajeHTTPReplyTest_testObjetenerCodigoDelMensajeHTTPReply_TestD0Ev
FNDA:10,_ZN64MensajeHTTPReplyTest_testObjetenerCodigoDelMensajeHTTPReply_TestD2Ev
FNDA:10,_ZN64MensajeHTTPReplyTest_testObjetenerCodigoDelMensajeHTTPReply_Test8TestBodyEv
FNDA:10,_ZN64MensajeHTTPReplyTest_testObjetenerCodigoDelMensajeHTTPReply_TestC2Ev
FNDA:10,_ZN71MensajeHTTPReplyTest_testObtenerMensajeDeEstadoDelMensajeHTTPReply_TestD0Ev
FNDA:10,_ZN71MensajeHTTPReplyTest_testObtenerMensajeDeEstadoDelMensajeHTTPReply_TestD2Ev
FNDA:10,_ZN71MensajeHTTPReplyTest_testObtenerMensajeDeEstadoDelMensajeHTTPReply_Test8TestBodyEv
FNDA:10,_ZN71MensajeHTTPReplyTest_testObtenerMensajeDeEstadoDelMensajeHTTPReply_TestC2Ev
FNDA:10,_ZN62MensajeHTTPReplyTest_testObtenerHeaderDelMensajeHTTPReply_TestD0Ev
FNDA:10,_ZN62MensajeHTTPReplyTest_testObtenerHeaderDelMensajeHTTPReply_TestD2Ev
FNDA:10,_ZN62MensajeHTTPReplyTest_testObtenerHeaderDelMensajeHTTPReply_Test8TestBodyEv
FNDA:10,_ZN62MensajeHTTPReplyTest_testObtenerHeaderDelMensajeHTTPReply_TestC2Ev
FNDA:10,_GLOBAL__sub_I__ZN64MensajeHTTPReplyTest_testObjetenerCodigoDelMensajeHTTPReply_Test10test_info_E
FNDA:10,_Z41__static_initialization_and_destruction_0ii
FNF:20
FNH:19
DA:10,60
DA:14,30
DA:18,30
DA:19,30
DA:20,30
DA:21,30
DA:22,30
DA:23,30
DA:24,30
DA:27,30
DA:28,30
DA:30,30
DA:31,30
DA:33,30
DA:34,30
DA:36,30
DA:37,30
DA:40,30
DA:42,30
DA:44,210
DA:45,210
DA:46,210
DA:47,210
DA:50,30
DA:51,30
DA:52,30
DA:65,50
DA:67,10
DA:72,50
DA:74,10
DA:79,50
DA:80,10
DA:81,10
DA:82,30
LF:34
LH:34
end_of_record
SF:/usr/include/c++/4.8/bits/allocator.h
FN:133,_ZSteqIcEbRKSaIT_ES3_
FNDA:0,_ZSteqIcEbRKSaIT_ES3_
FNF:1
FNH:0
DA:133,0
DA:134,0
LF:2
LH:0
end_of_record
SF:/usr/include/c++/4.8/bits/basic_string.h
FN:272,_ZNSs12_Alloc_hiderD2Ev
FN:1721,_ZNSs16_S_construct_auxIPcEES0_T_S1_RKSaIcESt12__false_type
FN:1743,_ZNSs12_S_constructIPcEES0_T_S1_RKSaIcE
FN:2507,_ZSteqIcSt11char_traitsIcESaIcEEbPKT_RKSbIS3_T0_T1_E
FNDA:0,_ZNSs12_Alloc_hiderD2Ev
FNDA:0,_ZNSs16_S_construct_auxIPcEES0_T_S1_RKSaIcESt12__false_type
FNDA:0,_ZNSs12_S_constructIPcEES0_T_S1_RKSaIcE
FNDA:0,_ZSteqIcSt11char_traitsIcESaIcEEbPKT_RKSbIS3_T0_T1_E
FNF:4
FNH:0
DA:272,0
DA:1721,0
DA:1725,0
DA:1743,0
DA:1746,0
DA:2507,0
DA:2509,0
LF:7
LH:0
end_of_record
SF:/usr/include/c++/4.8/bits/basic_string.tcc
FN:123,_ZNSs12_S_constructIPcEES0_T_S1_RKSaIcESt20forward_iterator_tag
FN:227,_ZNSsC2IPcEET_S1_RKSaIcE
FNDA:0,_ZNSs12_S_constructIPcEES0_T_S1_RKSaIcESt20forward_iterator_tag
FNDA:0,_ZNSsC2IPcEET_S1_RKSaIcE
FNF:2
FNH:0
DA:123,0
DA:128,0
DA:129,0
DA:132,0
DA:133,0
DA:136,0
DA:138,0
DA:140,0
DA:141,=====
DA:143,=====
DA:144,=====
DA:146,0
DA:147,0
DA:227,0
DA:229,0
DA:230,0
LF:16
LH:0
end_of_record
SF:/usr/include/c++/4.8/bits/char_traits.h
FN:242,_ZNSt11char_traitsIcE6assignERcRKc
FN:258,_ZNSt11char_traitsIcE6lengthEPKc
FN:270,_ZNSt11char_traitsIcE4copyEPcPKcm
FNDA:0,_ZNSt11char_traitsIcE6assignERcRKc
FNDA:0,_ZNSt11char_traitsIcE6lengthEPKc
FNDA:0,_ZNSt11char_traitsIcE4copyEPcPKcm
FNF:3
FNH:0
DA:242,0
DA:243,0
DA:258,0
DA:259,0
DA:270,0
DA:271,0
LF:6
LH:0
end_of_record
SF:/usr/include/c++/4.8/bits/ios_base.h
FN:123,_ZStorSt13_Ios_OpenmodeS_
FN:163,_ZStorSt12_Ios_IostateS_
FNDA:0,_ZStorSt13_Ios_OpenmodeS_
FNDA:0,_ZStorSt12_Ios_IostateS_
FNF:2
FNH:0
DA:123,0
DA:124,0
DA:163,0
DA:164,0
LF:4
LH:0
end_of_record
SF:/usr/include/c++/4.8/bits/stl_iterator_base_funcs.h
FN:90,_ZSt10__distanceIPcENSt15iterator_traitsIT_E15difference_typeES2_S2_St26random_access_iterator_tag
FN:114,_ZSt8distanceIPcENSt15iterator_traitsIT_E15difference_typeES2_S2_
FNDA:0,_ZSt10__distanceIPcENSt15iterator_traitsIT_E15difference_typeES2_S2_St26random_access_iterator_tag
FNDA:0,_ZSt8distanceIPcENSt15iterator_traitsIT_E15difference_typeES2_S2_
FNF:2
FNH:0
DA:90,0
DA:96,0
DA:114,0
DA:118,0
LF:4
LH:0
end_of_record
SF:/usr/include/c++/4.8/bits/stl_iterator_base_types.h
FN:201,_ZSt19__iterator_categoryIPcENSt15iterator_traitsIT_E17iterator_categoryERKS2_
FNDA:0,_ZSt19__iterator_categoryIPcENSt15iterator_traitsIT_E17iterator_categoryERKS2_
FNF:1
FNH:0
DA:201,0
DA:202,0
LF:2
LH:0
end_of_record
SF:/usr/include/c++/4.8/ext/atomicity.h
FN:48,_ZN9__gnu_cxxL18__exchange_and_addEPVii
FN:65,_ZN9__gnu_cxxL25__exchange_and_add_singleEPii
FN:78,_ZN9__gnu_cxxL27__exchange_and_add_dispatchEPii
FNDA:0,_ZN9__gnu_cxxL18__exchange_and_addEPVii
FNDA:0,_ZN9__gnu_cxxL25__exchange_and_add_singleEPii
FNDA:0,_ZN9__gnu_cxxL27__exchange_and_add_dispatchEPii
FNF:3
FNH:0
DA:48,0
DA:49,0
DA:65,0
DA:67,0
DA:68,0
DA:69,0
DA:78,0
DA:81,0
DA:82,0
DA:84,0
LF:10
LH:0
end_of_record
SF:/usr/include/c++/4.8/ext/new_allocator.h
FN:79,_ZN9__gnu_cxx13new_allocatorIcEC2Ev
FN:81,_ZN9__gnu_cxx13new_allocatorIcEC2ERKS1_
FN:86,_ZN9__gnu_cxx13new_allocatorIcED2Ev
FNDA:0,_ZN9__gnu_cxx13new_allocatorIcEC2Ev
FNDA:0,_ZN9__gnu_cxx13new_allocatorIcEC2ERKS1_
FNDA:0,_ZN9__gnu_cxx13new_allocatorIcED2Ev
FNF:3
FNH:0
DA:79,0
DA:81,0
DA:86,0
LF:3
LH:0
end_of_record
SF:/usr/include/c++/4.8/ext/type_traits.h
FN:150,_ZN9__gnu_cxx17__is_null_pointerIcEEbPT_
FNDA:0,_ZN9__gnu_cxx17__is_null_pointerIcEEbPT_
FNF:1
FNH:0
DA:150,0
DA:151,0
LF:2
LH:0
end_of_record
SF:/usr/include/c++/4.8/iostream
DA:74,10
LF:1
LH:1
end_of_record
SF:/usr/include/c++/4.8/sstream
FN:64,_ZNSt15basic_stringbufIcSt11char_traitsIcESaIcEED2Ev
FN:64,_ZNSt15basic_stringbufIcSt11char_traitsIcESaIcEED0Ev
FNDA:0,_ZNSt15basic_stringbufIcSt11char_traitsIcESaIcEED0Ev
FNDA:0,_ZNSt15basic_stringbufIcSt11char_traitsIcESaIcEED2Ev
FNF:2
FNH:0
DA:64,0
LF:1
LH:0
end_of_record
SF:/usr/include/x86_64-linux-gnu/c++/4.8/bits/gthr-default.h
FN:247,_ZL18__gthread_active_pv
FNDA:0,_ZL18__gthread_active_pv
FNF:1
FNH:0
DA:247,0
DA:251,0
LF:2
LH:0
end_of_record
SF:/usr/local/include/gtest/gtest-message.h
FN:85,_ZN7testing7MessageD2Ev
FNDA:0,_ZN7testing7MessageD2Ev
FNF:1
FNH:0
DA:85,0
LF:1
LH:0
end_of_record
SF:/usr/local/include/gtest/gtest-printers.h
FN:222,_ZN16testing_internal26DefaultPrintNonContainerToIiEEvRKT_PSo
FN:275,_ZN7testing8internal19FormatForComparisonISsA9_cE6FormatERKSs
FN:275,_ZN7testing8internal19FormatForComparisonISsA7_cE6FormatERKSs
FN:275,_ZN7testing8internal19FormatForComparisonIiiE6FormatERKi
FN:284,_ZN7testing8internal19FormatForComparisonIA9_cSsE6FormatEPKc
FN:284,_ZN7testing8internal19FormatForComparisonIA7_cSsE6FormatEPKc
FN:321,_ZN7testing8internal19FormatForComparisonIPKcSsE6FormatES3_
FN:349,_ZN7testing8internal33FormatForComparisonFailureMessageIA9_cSsEESsRKT_RKT0_
FN:349,_ZN7testing8internal33FormatForComparisonFailureMessageIA7_cSsEESsRKT_RKT0_
FN:349,_ZN7testing8internal33FormatForComparisonFailureMessageIiiEESsRKT_RKT0_
FN:349,_ZN7testing8internal33FormatForComparisonFailureMessageISsA9_cEESsRKT_RKT0_
FN:349,_ZN7testing8internal33FormatForComparisonFailureMessageISsA7_cEESsRKT_RKT0_
FN:436,_ZN7testing8internal14DefaultPrintToIiEEvcNS0_13bool_constantILb0EEERKT_PSo
FN:454,_ZN7testing8internal7PrintToIiEEvRKT_PSo
FN:565,_ZN7testing8internal7PrintToERKSsPSo
FN:698,_ZN7testing8internal16UniversalPrinterIiE5PrintERKiPSo
FN:698,_ZN7testing8internal16UniversalPrinterISsE5PrintERKSsPSo
FN:783,_ZN7testing8internal21UniversalTersePrinterISsE5PrintERKSsPSo
FN:783,_ZN7testing8internal21UniversalTersePrinterIiE5PrintERKiPSo
FN:804,_ZN7testing8internal21UniversalTersePrinterIPKcE5PrintES3_PSo
FN:852,_ZN7testing8internal14UniversalPrintISsEEvRKT_PSo
FN:852,_ZN7testing8internal14UniversalPrintIiEEvRKT_PSo
FN:980,_ZN7testing13PrintToStringIiEESsRKT_
FN:980,_ZN7testing13PrintToStringISsEESsRKT_
FN:980,_ZN7testing13PrintToStringIPKcEESsRKT_
FNDA:0,_ZN16testing_internal26DefaultPrintNonContainerToIiEEvRKT_PSo
FNDA:0,_ZN7testing8internal19FormatForComparisonISsA7_cE6FormatERKSs
FNDA:0,_ZN7testing8internal19FormatForComparisonISsA9_cE6FormatERKSs
FNDA:0,_ZN7testing8internal19FormatForComparisonIiiE6FormatERKi
FNDA:0,_ZN7testing8internal19FormatForComparisonIA7_cSsE6FormatEPKc
FNDA:0,_ZN7testing8internal19FormatForComparisonIA9_cSsE6FormatEPKc
FNDA:0,_ZN7testing8internal19FormatForComparisonIPKcSsE6FormatES3_
FNDA:0,_ZN7testing8internal33FormatForComparisonFailureMessageISsA7_cEESsRKT_RKT0_
FNDA:0,_ZN7testing8internal33FormatForComparisonFailureMessageIA7_cSsEESsRKT_RKT0_
FNDA:0,_ZN7testing8internal33FormatForComparisonFailureMessageISsA9_cEESsRKT_RKT0_
FNDA:0,_ZN7testing8internal33FormatForComparisonFailureMessageIA9_cSsEESsRKT_RKT0_
FNDA:0,_ZN7testing8internal33FormatForComparisonFailureMessageIiiEESsRKT_RKT0_
FNDA:0,_ZN7testing8internal14DefaultPrintToIiEEvcNS0_13bool_constantILb0EEERKT_PSo
FNDA:0,_ZN7testing8internal7PrintToIiEEvRKT_PSo
FNDA:0,_ZN7testing8internal7PrintToERKSsPSo
FNDA:0,_ZN7testing8internal16UniversalPrinterIiE5PrintERKiPSo
FNDA:0,_ZN7testing8internal16UniversalPrinterISsE5PrintERKSsPSo
FNDA:0,_ZN7testing8internal21UniversalTersePrinterISsE5PrintERKSsPSo
FNDA:0,_ZN7testing8internal21UniversalTersePrinterIiE5PrintERKiPSo
FNDA:0,_ZN7testing8internal21UniversalTersePrinterIPKcE5PrintES3_PSo
FNDA:0,_ZN7testing8internal14UniversalPrintIiEEvRKT_PSo
FNDA:0,_ZN7testing8internal14UniversalPrintISsEEvRKT_PSo
FNDA:0,_ZN7testing13PrintToStringISsEESsRKT_
FNDA:0,_ZN7testing13PrintToStringIiEESsRKT_
FNDA:0,_ZN7testing13PrintToStringIPKcEESsRKT_
FNF:25
FNH:0
DA:222,0
DA:249,0
DA:250,0
DA:275,0
DA:276,0
DA:284,0
DA:285,0
DA:321,0
DA:349,0
DA:351,0
DA:436,0
DA:439,0
DA:440,0
DA:454,0
DA:477,0
DA:478,0
DA:565,0
DA:566,0
DA:567,0
DA:698,0
DA:707,0
DA:708,0
DA:783,0
DA:784,0
DA:785,0
DA:804,0
DA:805,0
DA:806,0
DA:808,0
DA:810,0
DA:852,0
DA:856,0
DA:857,0
DA:980,0
DA:981,0
DA:982,0
DA:983,0
LF:37
LH:0
end_of_record
SF:/usr/local/include/gtest/gtest.h
FN:256,_ZN7testing15AssertionResultD2Ev
FN:288,_ZNK7testing15AssertionResultcvbEv
FN:297,_ZNK7testing15AssertionResult7messageEv
FN:302,_ZNK7testing15AssertionResult15failure_messageEv
FN:389,_ZN7testing4Test13SetUpTestCaseEv
FN:397,_ZN7testing4Test16TearDownTestCaseEv
FN:474,_ZN7testing4Test5SetupEv
FN:1375,_ZN7testing8internal18CmpHelperEQFailureIA7_cSsEENS_15AssertionResultEPKcS5_RKT_RKT0_
FN:1375,_ZN7testing8internal18CmpHelperEQFailureIA9_cSsEENS_15AssertionResultEPKcS5_RKT_RKT0_
FN:1375,_ZN7testing8internal18CmpHelperEQFailureIiiEENS_15AssertionResultEPKcS4_RKT_RKT0_
FN:1387,_ZN7testing8internal11CmpHelperEQIiiEENS_15AssertionResultEPKcS4_RKT_RKT0_
FN:1387,_ZN7testing8internal11CmpHelperEQIA9_cSsEENS_15AssertionResultEPKcS5_RKT_RKT0_
FN:1387,_ZN7testing8internal11CmpHelperEQIA7_cSsEENS_15AssertionResultEPKcS5_RKT_RKT0_
FN:1417,_ZN7testing8internal8EqHelperILb0EE7CompareIA7_cSsEENS_15AssertionResultEPKcS7_RKT_RKT0_
FN:1417,_ZN7testing8internal8EqHelperILb0EE7CompareIiiEENS_15AssertionResultEPKcS6_RKT_RKT0_
FN:1417,_ZN7testing8internal8EqHelperILb0EE7CompareIA9_cSsEENS_15AssertionResultEPKcS7_RKT_RKT0_
FNDA:0,_ZN7testing15AssertionResultD2Ev
FNDA:0,_ZNK7testing15AssertionResultcvbEv
FNDA:0,_ZNK7testing15AssertionResult7messageEv
FNDA:0,_ZNK7testing15AssertionResult15failure_messageEv
FNDA:0,_ZN7testing4Test13SetUpTestCaseEv
FNDA:0,_ZN7testing4Test16TearDownTestCaseEv
FNDA:0,_ZN7testing4Test5SetupEv
FNDA:0,_ZN7testing8internal18CmpHelperEQFailureIA7_cSsEENS_15AssertionResultEPKcS5_RKT_RKT0_
FNDA:0,_ZN7testing8internal18CmpHelperEQFailureIA9_cSsEENS_15AssertionResultEPKcS5_RKT_RKT0_
FNDA:0,_ZN7testing8internal18CmpHelperEQFailureIiiEENS_15AssertionResultEPKcS4_RKT_RKT0_
FNDA:0,_ZN7testing8internal11CmpHelperEQIA7_cSsEENS_15AssertionResultEPKcS5_RKT_RKT0_
FNDA:10,_ZN7testing8internal11CmpHelperEQIA9_cSsEENS_15AssertionResultEPKcS5_RKT_RKT0_
FNDA:10,_ZN7testing8internal11CmpHelperEQIiiEENS_15AssertionResultEPKcS4_RKT_RKT0_
FNDA:0,_ZN7testing8internal8EqHelperILb0EE7CompareIA7_cSsEENS_15AssertionResultEPKcS7_RKT_RKT0_
FNDA:10,_ZN7testing8internal8EqHelperILb0EE7CompareIA9_cSsEENS_15AssertionResultEPKcS7_RKT_RKT0_
FNDA:10,_ZN7testing8internal8EqHelperILb0EE7CompareIiiEENS_15AssertionResultEPKcS6_RKT_RKT0_
FNF:16
FNH:4
DA:256,0
DA:288,0
DA:297,0
DA:298,0
DA:302,0
DA:389,0
DA:397,0
DA:474,0
DA:1375,0
DA:1382,0
DA:1387,20
DA:1392,20
DA:1393,20
DA:1397,0
DA:1417,20
DA:1421,20
LF:16
LH:5
end_of_record
SF:/usr/local/include/gtest/internal/gtest-internal.h
FN:447,_ZN7testing8internal9GetTypeIdI20MensajeHTTPReplyTestEEPKvv
FN:466,_ZN7testing8internal15TestFactoryBaseD2Ev
FN:466,_ZN7testing8internal15TestFactoryBaseD0Ev
FN:473,_ZN7testing8internal15TestFactoryBaseC2Ev
FN:482,_ZN7testing8internal15TestFactoryImplI64MensajeHTTPReplyTest_testObjetenerCodigoDelMensajeHTTPReply_TestED2Ev
FN:482,_ZN7testing8internal15TestFactoryImplI62MensajeHTTPReplyTest_testObtenerHeaderDelMensajeHTTPReply_TestEC2Ev
FN:482,_ZN7testing8internal15TestFactoryImplI64MensajeHTTPReplyTest_testObjetenerCodigoDelMensajeHTTPReply_TestED0Ev
FN:482,_ZN7testing8internal15TestFactoryImplI71MensajeHTTPReplyTest_testObtenerMensajeDeEstadoDelMensajeHTTPReply_TestEC2Ev
FN:482,_ZN7testing8internal15TestFactoryImplI71MensajeHTTPReplyTest_testObtenerMensajeDeEstadoDelMensajeHTTPReply_TestED0Ev
FN:482,_ZN7testing8internal15TestFactoryImplI62MensajeHTTPReplyTest_testObtenerHeaderDelMensajeHTTPReply_TestED0Ev
FN:482,_ZN7testing8internal15TestFactoryImplI64MensajeHTTPReplyTest_testObjetenerCodigoDelMensajeHTTPReply_TestEC2Ev
FN:482,_ZN7testing8internal15TestFactoryImplI62MensajeHTTPReplyTest_testObtenerHeaderDelMensajeHTTPReply_TestED2Ev
FN:482,_ZN7testing8internal15TestFactoryImplI71MensajeHTTPReplyTest_testObtenerMensajeDeEstadoDelMensajeHTTPReply_TestED2Ev
FN:484,_ZN7testing8internal15TestFactoryImplI64MensajeHTTPReplyTest_testObjetenerCodigoDelMensajeHTTPReply_TestE10CreateTestEv
FN:484,_ZN7testing8internal15TestFactoryImplI62MensajeHTTPReplyTest_testObtenerHeaderDelMensajeHTTPReply_TestE10CreateTestEv
FN:484,_ZN7testing8internal15TestFactoryImplI71MensajeHTTPReplyTest_testObtenerMensajeDeEstadoDelMensajeHTTPReply_TestE10CreateTestEv
FN:504,_ZN7testing8internal12CodeLocationD2Ev
FN:505,_ZN7testing8internal12CodeLocationC2ERKSsi
FN:940,_ZN7testing8internal15IsContainerTestIiEEcl
FNDA:30,_ZN7testing8internal9GetTypeIdI20MensajeHTTPReplyTestEEPKvv
FNDA:0,_ZN7testing8internal15TestFactoryBaseD0Ev
FNDA:0,_ZN7testing8internal15TestFactoryBaseD2Ev
FNDA:0,_ZN7testing8internal15TestFactoryBaseC2Ev
FNDA:10,_ZN7testing8internal15TestFactoryImplI64MensajeHTTPReplyTest_testObjetenerCodigoDelMensajeHTTPReply_TestED0Ev
FNDA:10,_ZN7testing8internal15TestFactoryImplI64MensajeHTTPReplyTest_testObjetenerCodigoDelMensajeHTTPReply_TestED2Ev
FNDA:10,_ZN7testing8internal15TestFactoryImplI71MensajeHTTPReplyTest_testObtenerMensajeDeEstadoDelMensajeHTTPReply_TestED0Ev
FNDA:10,_ZN7testing8internal15TestFactoryImplI71MensajeHTTPReplyTest_testObtenerMensajeDeEstadoDelMensajeHTTPReply_TestED2Ev
FNDA:10,_ZN7testing8internal15TestFactoryImplI62MensajeHTTPReplyTest_testObtenerHeaderDelMensajeHTTPReply_TestED0Ev
FNDA:10,_ZN7testing8internal15TestFactoryImplI62MensajeHTTPReplyTest_testObtenerHeaderDelMensajeHTTPReply_TestED2Ev
FNDA:10,_ZN7testing8internal15TestFactoryImplI62MensajeHTTPReplyTest_testObtenerHeaderDelMensajeHTTPReply_TestEC2Ev
FNDA:10,_ZN7testing8internal15TestFactoryImplI71MensajeHTTPReplyTest_testObtenerMensajeDeEstadoDelMensajeHTTPReply_TestEC2Ev
FNDA:10,_ZN7testing8internal15TestFactoryImplI64MensajeHTTPReplyTest_testObjetenerCodigoDelMensajeHTTPReply_TestEC2Ev
FNDA:10,_ZN7testing8internal15TestFactoryImplI64MensajeHTTPReplyTest_testObjetenerCodigoDelMensajeHTTPReply_TestE10CreateTestEv
FNDA:10,_ZN7testing8internal15TestFactoryImplI71MensajeHTTPReplyTest_testObtenerMensajeDeEstadoDelMensajeHTTPReply_TestE10CreateTestEv
FNDA:10,_ZN7testing8internal15TestFactoryImplI62MensajeHTTPReplyTest_testObtenerHeaderDelMensajeHTTPReply_TestE10CreateTestEv
FNDA:0,_ZN7testing8internal12CodeLocationD2Ev
FNDA:0,_ZN7testing8internal12CodeLocationC2ERKSsi
FNDA:0,_ZN7testing8internal15IsContainerTestIiEEcl
FNF:19
FNH:13
DA:447,30
DA:452,30
DA:466,0
DA:473,0
DA:482,90
DA:484,30
DA:504,0
DA:505,0
DA:940,0
LF:9
LH:4
end_of_record
SF:/usr/local/include/gtest/internal/gtest-port.h
FN:1120,_ZN7testing8internal10scoped_ptrISt18basic_stringstreamIcSt11char_traitsIcESaIcEEED2Ev
FN:1120,_ZN7testing8internal10scoped_ptrISsED2Ev
FN:1123,_ZNK7testing8internal10scoped_ptrISsEptEv
FN:1124,_ZNK7testing8internal10scoped_ptrISsE3getEv
FN:1132,_ZN7testing8internal10scoped_ptrISsE5resetEPSs
FN:1132,_ZN7testing8internal10scoped_ptrISt18basic_stringstreamIcSt11char_traitsIcESaIcEEE5resetEPS6_
FNDA:0,_ZN7testing8internal10scoped_ptrISsED2Ev
FNDA:0,_ZN7testing8internal10scoped_ptrISt18basic_stringstreamIcSt11char_traitsIcESaIcEEED2Ev
FNDA:0,_ZNK7testing8internal10scoped_ptrISsEptEv
FNDA:0,_ZNK7testing8internal10scoped_ptrISsE3getEv
FNDA:0,_ZN7testing8internal10scoped_ptrISt18basic_stringstreamIcSt11char_traitsIcESaIcEEE5resetEPS6_
FNDA:0,_ZN7testing8internal10scoped_ptrISsE5resetEPSs
FNF:6
FNH:0
DA:1120,0
DA:1123,0
DA:1124,0
DA:1132,0
DA:1133,0
DA:1134,0
DA:1135,0
DA:1137,0
DA:1139,0
LF:9
LH:0
end_of_record
TN:
SF:/home/diego/Desktop/taller2-appserver/ContenidoParaLasPruebas/TestCases/BaseDeDatosTests.cpp
FN:12,_ZN15BaseDeDatosTestD2Ev
FN:12,_ZN15BaseDeDatosTestD0Ev
FN:12,_ZN15BaseDeDatosTestC2Ev
FN:21,_ZN15BaseDeDatosTest5SetUpEv
FN:34,_ZN15BaseDeDatosTest8TearDownEv
FN:54,_ZN60BaseDeDatosTest_testAgregarUnaClaveValorNuevaYObtenerla_TestD2Ev
FN:54,_ZN60BaseDeDatosTest_testAgregarUnaClaveValorNuevaYObtenerla_TestC2Ev
FN:54,_Z41__static_initialization_and_destruction_0ii
FN:54,_ZN60BaseDeDatosTest_testAgregarUnaClaveValorNuevaYObtenerla_Test8TestBodyEv
FN:54,_ZN60BaseDeDatosTest_testAgregarUnaClaveValorNuevaYObtenerla_TestD0Ev
FN:63,_ZN99BaseDeDatosTest_AlHacerDosVecesUnPutConLaMismaClaveElValorAlmacenadoDeberiaSerElUltimoGuardado_TestC2Ev
FN:63,_ZN99BaseDeDatosTest_AlHacerDosVecesUnPutConLaMismaClaveElValorAlmacenadoDeberiaSerElUltimoGuardado_TestD0Ev
FN:63,_ZN99BaseDeDatosTest_AlHacerDosVecesUnPutConLaMismaClaveElValorAlmacenadoDeberiaSerElUltimoGuardado_Test8TestBodyEv
FN:63,_ZN99BaseDeDatosTest_AlHacerDosVecesUnPutConLaMismaClaveElValorAlmacenadoDeberiaSerElUltimoGuardado_TestD2Ev
FN:73,_ZN87BaseDeDatosTest_testAlPreguntarPorLaExistenciaDeUnaClaveInexistenteDeberiaDarFalse_TestD0Ev
FN:73,_ZN87BaseDeDatosTest_testAlPreguntarPorLaExistenciaDeUnaClaveInexistenteDeberiaDarFalse_TestC2Ev
FN:73,_ZN87BaseDeDatosTest_testAlPreguntarPorLaExistenciaDeUnaClaveInexistenteDeberiaDarFalse_Test8TestBodyEv
FN:73,_ZN87BaseDeDatosTest_testAlPreguntarPorLaExistenciaDeUnaClaveInexistenteDeberiaDarFalse_TestD2Ev
FN:80,_ZN50BaseDeDatosTest_existenciaDeUnaClaveExistente_TestD2Ev
FN:80,_ZN50BaseDeDatosTest_existenciaDeUnaClaveExistente_TestC2Ev
FN:80,_ZN50BaseDeDatosTest_existenciaDeUnaClaveExistente_Test8TestBodyEv
FN:80,_ZN50BaseDeDatosTest_existenciaDeUnaClaveExistente_TestD0Ev
FN:88,_ZN84BaseDeDatosTest_testObtenerElValorDeUnaClaveInexistenteDebeDevolverUnValorVacio_TestC2Ev
FN:88,_ZN84BaseDeDatosTest_testObtenerElValorDeUnaClaveInexistenteDebeDevolverUnValorVacio_Test8TestBodyEv
FN:88,_ZN84BaseDeDatosTest_testObtenerElValorDeUnaClaveInexistenteDebeDevolverUnValorVacio_TestD0Ev
FN:88,_ZN84BaseDeDatosTest_testObtenerElValorDeUnaClaveInexistenteDebeDevolverUnValorVacio_TestD2Ev
FN:91,_GLOBAL__sub_I__ZN60BaseDeDatosTest_testAgregarUnaClaveValorNuevaYObtenerla_Test10test_info_E
FNDA:0,_ZN15BaseDeDatosTestD0Ev
FNDA:50,_ZN15BaseDeDatosTestD2Ev
FNDA:50,_ZN15BaseDeDatosTestC2Ev
FNDA:50,_ZN15BaseDeDatosTest5SetUpEv
FNDA:50,_ZN15BaseDeDatosTest8TearDownEv
FNDA:10,_ZN60BaseDeDatosTest_testAgregarUnaClaveValorNuevaYObtenerla_TestD0Ev
FNDA:10,_ZN60BaseDeDatosTest_testAgregarUnaClaveValorNuevaYObtenerla_TestD2Ev
FNDA:10,_ZN60BaseDeDatosTest_testAgregarUnaClaveValorNuevaYObtenerla_Test8TestBodyEv
FNDA:10,_ZN60BaseDeDatosTest_testAgregarUnaClaveValorNuevaYObtenerla_TestC2Ev
FNDA:10,_ZN99BaseDeDatosTest_AlHacerDosVecesUnPutConLaMismaClaveElValorAlmacenadoDeberiaSerElUltimoGuardado_TestD0Ev
FNDA:10,_ZN99BaseDeDatosTest_AlHacerDosVecesUnPutConLaMismaClaveElValorAlmacenadoDeberiaSerElUltimoGuardado_TestD2Ev
FNDA:10,_ZN99BaseDeDatosTest_AlHacerDosVecesUnPutConLaMismaClaveElValorAlmacenadoDeberiaSerElUltimoGuardado_Test8TestBodyEv
FNDA:10,_ZN99BaseDeDatosTest_AlHacerDosVecesUnPutConLaMismaClaveElValorAlmacenadoDeberiaSerElUltimoGuardado_TestC2Ev
FNDA:10,_ZN87BaseDeDatosTest_testAlPreguntarPorLaExistenciaDeUnaClaveInexistenteDeberiaDarFalse_TestD0Ev
FNDA:10,_ZN87BaseDeDatosTest_testAlPreguntarPorLaExistenciaDeUnaClaveInexistenteDeberiaDarFalse_TestD2Ev
FNDA:10,_ZN87BaseDeDatosTest_testAlPreguntarPorLaExistenciaDeUnaClaveInexistenteDeberiaDarFalse_Test8TestBodyEv
FNDA:10,_ZN87BaseDeDatosTest_testAlPreguntarPorLaExistenciaDeUnaClaveInexistenteDeberiaDarFalse_TestC2Ev
FNDA:10,_ZN50BaseDeDatosTest_existenciaDeUnaClaveExistente_TestD0Ev
FNDA:10,_ZN50BaseDeDatosTest_existenciaDeUnaClaveExistente_TestD2Ev
FNDA:10,_ZN50BaseDeDatosTest_existenciaDeUnaClaveExistente_Test8TestBodyEv
FNDA:10,_ZN50BaseDeDatosTest_existenciaDeUnaClaveExistente_TestC2Ev
FNDA:10,_ZN84BaseDeDatosTest_testObtenerElValorDeUnaClaveInexistenteDebeDevolverUnValorVacio_TestD0Ev
FNDA:10,_ZN84BaseDeDatosTest_testObtenerElValorDeUnaClaveInexistenteDebeDevolverUnValorVacio_TestD2Ev
FNDA:10,_ZN84BaseDeDatosTest_testObtenerElValorDeUnaClaveInexistenteDebeDevolverUnValorVacio_Test8TestBodyEv
FNDA:10,_ZN84BaseDeDatosTest_testObtenerElValorDeUnaClaveInexistenteDebeDevolverUnValorVacio_TestC2Ev
FNDA:10,_GLOBAL__sub_I__ZN60BaseDeDatosTest_testAgregarUnaClaveValorNuevaYObtenerla_Test10test_info_E
FNDA:10,_Z41__static_initialization_and_destruction_0ii
FNF:27
FNH:26
DA:12,100
DA:21,50
DA:22,50
DA:23,50
DA:24,50
DA:25,50
DA:26,50
DA:34,50
DA:35,50
DA:36,50
DA:54,50
DA:55,10
DA:56,10
DA:63,50
DA:65,10
DA:66,10
DA:68,10
DA:73,50
DA:74,10
DA:75,10
DA:80,50
DA:82,10
DA:83,10
DA:88,50
DA:89,10
DA:90,10
DA:91,30
LF:27
LH:27
end_of_record
SF:/usr/include/c++/4.8/bits/allocator.h
FN:133,_ZSteqIcEbRKSaIT_ES3_
FNDA:0,_ZSteqIcEbRKSaIT_ES3_
FNF:1
FNH:0
DA:133,0
DA:134,0
LF:2
LH:0
end_of_record
SF:/usr/include/c++/4.8/bits/basic_string.h
FN:272,_ZNSs12_Alloc_hiderD2Ev
FN:1721,_ZNSs16_S_construct_auxIPcEES0_T_S1_RKSaIcESt12__false_type
FN:1743,_ZNSs12_S_constructIPcEES0_T_S1_RKSaIcE
FN:2493,_ZSteqIcEN9__gnu_cxx11__enable_ifIXsrSt9__is_charIT_E7__valueEbE6__typeERKSbIS3_St11char_traitsIS3_ESaIS3_EESC_
FN:2507,_ZSteqIcSt11char_traitsIcESaIcEEbPKT_RKSbIS3_T0_T1_E
FNDA:0,_ZNSs12_Alloc_hiderD2Ev
FNDA:0,_ZNSs16_S_construct_auxIPcEES0_T_S1_RKSaIcESt12__false_type
FNDA:0,_ZNSs12_S_constructIPcEES0_T_S1_RKSaIcE
FNDA:0,_ZSteqIcEN9__gnu_cxx11__enable_ifIXsrSt9__is_charIT_E7__valueEbE6__typeERKSbIS3_St11char_traitsIS3_ESaIS3_EESC_
FNDA:0,_ZSteqIcSt11char_traitsIcESaIcEEbPKT_RKSbIS3_T0_T1_E
FNF:5
FNH:0
DA:272,0
DA:1721,0
DA:1725,0
DA:1743,0
DA:1746,0
DA:2493,0
DA:2495,0
DA:2497,0
DA:2507,0
DA:2509,0
LF:10
LH:0
end_of_record
SF:/usr/include/c++/4.8/bits/basic_string.tcc
FN:123,_ZNSs12_S_constructIPcEES0_T_S1_RKSaIcESt20forward_iterator_tag
FN:227,_ZNSsC2IPcEET_S1_RKSaIcE
FNDA:0,_ZNSs12_S_constructIPcEES0_T_S1_RKSaIcESt20forward_iterator_tag
FNDA:0,_ZNSsC2IPcEET_S1_RKSaIcE
FNF:2
FNH:0
DA:123,0
DA:128,0
DA:129,0
DA:132,0
DA:133,0
DA:136,0
DA:138,0
DA:140,0
DA:141,=====
DA:143,=====
DA:144,=====
DA:146,0
DA:147,0
DA:227,0
DA:229,0
DA:230,0
LF:16
LH:0
end_of_record
SF:/usr/include/c++/4.8/bits/char_traits.h
FN:242,_ZNSt11char_traitsIcE6assignERcRKc
FN:254,_ZNSt11char_traitsIcE7compareEPKcS2_m
FN:258,_ZNSt11char_traitsIcE6lengthEPKc
FN:270,_ZNSt11char_traitsIcE4copyEPcPKcm
FNDA:0,_ZNSt11char_traitsIcE6assignERcRKc
FNDA:0,_ZNSt11char_traitsIcE7compareEPKcS2_m
FNDA:0,_ZNSt11char_traitsIcE6lengthEPKc
FNDA:0,_ZNSt11char_traitsIcE4copyEPcPKcm
FNF:4
FNH:0
DA:242,0
DA:243,0
DA:254,0
DA:255,0
DA:258,0
DA:259,0
DA:270,0
DA:271,0
LF:8
LH:0
end_of_record
SF:/usr/include/c++/4.8/bits/ios_base.h
FN:123,_ZStorSt13_Ios_OpenmodeS_
FN:163,_ZStorSt12_Ios_IostateS_
FNDA:0,_ZStorSt13_Ios_OpenmodeS_
FNDA:0,_ZStorSt12_Ios_IostateS_
FNF:2
FNH:0
DA:123,0
DA:124,0
DA:163,0
DA:164,0
LF:4
LH:0
end_of_record
SF:/usr/include/c++/4.8/bits/stl_iterator_base_funcs.h
FN:90,_ZSt10__distanceIPcENSt15iterator_traitsIT_E15difference_typeES2_S2_St26random_access_iterator_tag
FN:114,_ZSt8distanceIPcENSt15iterator_traitsIT_E15difference_typeES2_S2_
FNDA:0,_ZSt10__distanceIPcENSt15iterator_traitsIT_E15difference_typeES2_S2_St26random_access_iterator_tag
FNDA:0,_ZSt8distanceIPcENSt15iterator_traitsIT_E15difference_typeES2_S2_
FNF:2
FNH:0
DA:90,0
DA:96,0
DA:114,0
DA:118,0
LF:4
LH:0
end_of_record
SF:/usr/include/c++/4.8/bits/stl_iterator_base_types.h
FN:201,_ZSt19__iterator_categoryIPcENSt15iterator_traitsIT_E17iterator_categoryERKS2_
FNDA:0,_ZSt19__iterator_categoryIPcENSt15iterator_traitsIT_E17iterator_categoryERKS2_
FNF:1
FNH:0
DA:201,0
DA:202,0
LF:2
LH:0
end_of_record
SF:/usr/include/c++/4.8/ext/atomicity.h
FN:48,_ZN9__gnu_cxxL18__exchange_and_addEPVii
FN:65,_ZN9__gnu_cxxL25__exchange_and_add_singleEPii
FN:78,_ZN9__gnu_cxxL27__exchange_and_add_dispatchEPii
FNDA:0,_ZN9__gnu_cxxL18__exchange_and_addEPVii
FNDA:0,_ZN9__gnu_cxxL25__exchange_and_add_singleEPii
FNDA:0,_ZN9__gnu_cxxL27__exchange_and_add_dispatchEPii
FNF:3
FNH:0
DA:48,0
DA:49,0
DA:65,0
DA:67,0
DA:68,0
DA:69,0
DA:78,0
DA:81,0
DA:82,0
DA:84,0
LF:10
LH:0
end_of_record
SF:/usr/include/c++/4.8/ext/new_allocator.h
FN:79,_ZN9__gnu_cxx13new_allocatorIcEC2Ev
FN:81,_ZN9__gnu_cxx13new_allocatorIcEC2ERKS1_
FN:86,_ZN9__gnu_cxx13new_allocatorIcED2Ev
FNDA:0,_ZN9__gnu_cxx13new_allocatorIcEC2Ev
FNDA:0,_ZN9__gnu_cxx13new_allocatorIcEC2ERKS1_
FNDA:0,_ZN9__gnu_cxx13new_allocatorIcED2Ev
FNF:3
FNH:0
DA:79,0
DA:81,0
DA:86,0
LF:3
LH:0
end_of_record
SF:/usr/include/c++/4.8/ext/type_traits.h
FN:150,_ZN9__gnu_cxx17__is_null_pointerIcEEbPT_
FNDA:0,_ZN9__gnu_cxx17__is_null_pointerIcEEbPT_
FNF:1
FNH:0
DA:150,0
DA:151,0
LF:2
LH:0
end_of_record
SF:/usr/include/c++/4.8/iostream
DA:74,10
LF:1
LH:1
end_of_record
SF:/usr/include/c++/4.8/sstream
FN:64,_ZNSt15basic_stringbufIcSt11char_traitsIcESaIcEED0Ev
FN:64,_ZNSt15basic_stringbufIcSt11char_traitsIcESaIcEED2Ev
FNDA:0,_ZNSt15basic_stringbufIcSt11char_traitsIcESaIcEED0Ev
FNDA:0,_ZNSt15basic_stringbufIcSt11char_traitsIcESaIcEED2Ev
FNF:2
FNH:0
DA:64,0
LF:1
LH:0
end_of_record
SF:/usr/include/x86_64-linux-gnu/c++/4.8/bits/gthr-default.h
FN:247,_ZL18__gthread_active_pv
FNDA:0,_ZL18__gthread_active_pv
FNF:1
FNH:0
DA:247,0
DA:251,0
LF:2
LH:0
end_of_record
SF:/usr/local/include/gtest/gtest-message.h
FN:85,_ZN7testing7MessageD2Ev
FNDA:0,_ZN7testing7MessageD2Ev
FNF:1
FNH:0
DA:85,0
LF:1
LH:0
end_of_record
SF:/usr/local/include/gtest/gtest-printers.h
FN:275,_ZN7testing8internal19FormatForComparisonISsA1_cE6FormatERKSs
FN:275,_ZN7testing8internal19FormatForComparisonISsSsE6FormatERKSs
FN:284,_ZN7testing8internal19FormatForComparisonIA1_cSsE6FormatEPKc
FN:321,_ZN7testing8internal19FormatForComparisonIPKcSsE6FormatES3_
FN:349,_ZN7testing8internal33FormatForComparisonFailureMessageISsA1_cEESsRKT_RKT0_
FN:349,_ZN7testing8internal33FormatForComparisonFailureMessageIA1_cSsEESsRKT_RKT0_
FN:349,_ZN7testing8internal33FormatForComparisonFailureMessageISsSsEESsRKT_RKT0_
FN:565,_ZN7testing8internal7PrintToERKSsPSo
FN:698,_ZN7testing8internal16UniversalPrinterISsE5PrintERKSsPSo
FN:783,_ZN7testing8internal21UniversalTersePrinterISsE5PrintERKSsPSo
FN:804,_ZN7testing8internal21UniversalTersePrinterIPKcE5PrintES3_PSo
FN:852,_ZN7testing8internal14UniversalPrintISsEEvRKT_PSo
FN:980,_ZN7testing13PrintToStringISsEESsRKT_
FN:980,_ZN7testing13PrintToStringIPKcEESsRKT_
FNDA:0,_ZN7testing8internal19FormatForComparisonISsA1_cE6FormatERKSs
FNDA:0,_ZN7testing8internal19FormatForComparisonISsSsE6FormatERKSs
FNDA:0,_ZN7testing8internal19FormatForComparisonIA1_cSsE6FormatEPKc
FNDA:0,_ZN7testing8internal19FormatForComparisonIPKcSsE6FormatES3_
FNDA:0,_ZN7testing8internal33FormatForComparisonFailureMessageISsA1_cEESsRKT_RKT0_
FNDA:0,_ZN7testing8internal33FormatForComparisonFailureMessageIA1_cSsEESsRKT_RKT0_
FNDA:0,_ZN7testing8internal33FormatForComparisonFailureMessageISsSsEESsRKT_RKT0_
FNDA:0,_ZN7testing8internal7PrintToERKSsPSo
FNDA:0,_ZN7testing8internal16UniversalPrinterISsE5PrintERKSsPSo
FNDA:0,_ZN7testing8internal21UniversalTersePrinterISsE5PrintERKSsPSo
FNDA:0,_ZN7testing8internal21UniversalTersePrinterIPKcE5PrintES3_PSo
FNDA:0,_ZN7testing8internal14UniversalPrintISsEEvRKT_PSo
FNDA:0,_ZN7testing13PrintToStringISsEESsRKT_
FNDA:0,_ZN7testing13PrintToStringIPKcEESsRKT_
FNF:14
FNH:0
DA:275,0
DA:276,0
DA:284,0
DA:285,0
DA:321,0
DA:349,0
DA:351,0
DA:565,0
DA:566,0
DA:567,0
DA:698,0
DA:707,0
DA:708,0
DA:783,0
DA:784,0
DA:785,0
DA:804,0
DA:805,0
DA:806,0
DA:808,0
DA:810,0
DA:852,0
DA:856,0
DA:857,0
DA:980,0
DA:981,0
DA:982,0
DA:983,0
LF:28
LH:0
end_of_record
SF:/usr/local/include/gtest/gtest.h
FN:256,_ZN7testing15AssertionResultD2Ev
FN:272,_ZN7testing15AssertionResultC2IbEERKT_PNS_8internal8EnableIfIXntsrNS5_21ImplicitlyConvertibleIS2_S0_EE5valueEE4typeE
FN:288,_ZNK7testing15AssertionResultcvbEv
FN:297,_ZNK7testing15AssertionResult7messageEv
FN:302,_ZNK7testing15AssertionResult15failure_messageEv
FN:389,_ZN7testing4Test13SetUpTestCaseEv
FN:397,_ZN7testing4Test16TearDownTestCaseEv
FN:474,_ZN7testing4Test5SetupEv
FN:1375,_ZN7testing8internal18CmpHelperEQFailureIA1_cSsEENS_15AssertionResultEPKcS5_RKT_RKT0_
FN:1375,_ZN7testing8internal18CmpHelperEQFailureISsSsEENS_15AssertionResultEPKcS4_RKT_RKT0_
FN:1387,_ZN7testing8internal11CmpHelperEQIA1_cSsEENS_15AssertionResultEPKcS5_RKT_RKT0_
FN:1387,_ZN7testing8internal11CmpHelperEQISsSsEENS_15AssertionResultEPKcS4_RKT_RKT0_
FN:1417,_ZN7testing8internal8EqHelperILb0EE7CompareIA1_cSsEENS_15AssertionResultEPKcS7_RKT_RKT0_
FN:1417,_ZN7testing8internal8EqHelperILb0EE7CompareISsSsEENS_15AssertionResultEPKcS6_RKT_RKT0_
FNDA:0,_ZN7testing15AssertionResultD2Ev
FNDA:620,_ZN7testing15AssertionResultC2IbEERKT_PNS_8internal8EnableIfIXntsrNS5_21ImplicitlyConvertibleIS2_S0_EE5valueEE4typeE
FNDA:0,_ZNK7testing15AssertionResultcvbEv
FNDA:0,_ZNK7testing15AssertionResult7messageEv
FNDA:0,_ZNK7testing15AssertionResult15failure_messageEv
FNDA:0,_ZN7testing4Test13SetUpTestCaseEv
FNDA:0,_ZN7testing4Test16TearDownTestCaseEv
FNDA:0,_ZN7testing4Test5SetupEv
FNDA:0,_ZN7testing8internal18CmpHelperEQFailureIA1_cSsEENS_15AssertionResultEPKcS5_RKT_RKT0_
FNDA:0,_ZN7testing8internal18CmpHelperEQFailureISsSsEENS_15AssertionResultEPKcS4_RKT_RKT0_
FNDA:10,_ZN7testing8internal11CmpHelperEQIA1_cSsEENS_15AssertionResultEPKcS5_RKT_RKT0_
FNDA:0,_ZN7testing8internal11CmpHelperEQISsSsEENS_15AssertionResultEPKcS4_RKT_RKT0_
FNDA:10,_ZN7testing8internal8EqHelperILb0EE7CompareIA1_cSsEENS_15AssertionResultEPKcS7_RKT_RKT0_
FNDA:0,_ZN7testing8internal8EqHelperILb0EE7CompareISsSsEENS_15AssertionResultEPKcS6_RKT_RKT0_
FNF:14
FNH:3
DA:256,0
DA:272,620
DA:277,620
DA:288,0
DA:297,0
DA:298,0
DA:302,0
DA:389,0
DA:397,0
DA:474,0
DA:1375,0
DA:1382,0
DA:1387,10
DA:1392,10
DA:1393,10
DA:1397,0
DA:1417,10
DA:1421,10
LF:18
LH:7
end_of_record
SF:/usr/local/include/gtest/internal/gtest-internal.h
FN:447,_ZN7testing8internal9GetTypeIdI15BaseDeDatosTestEEPKvv
FN:466,_ZN7testing8internal15TestFactoryBaseD2Ev
FN:466,_ZN7testing8internal15TestFactoryBaseD0Ev
FN:473,_ZN7testing8internal15TestFactoryBaseC2Ev
FN:482,_ZN7testing8internal15TestFactoryImplI60BaseDeDatosTest_testAgregarUnaClaveValorNuevaYObtenerla_TestED2Ev
FN:482,_ZN7testing8internal15TestFactoryImplI99BaseDeDatosTest_AlHacerDosVecesUnPutConLaMismaClaveElValorAlmacenadoDeberiaSerElUltimoGuardado_TestEC2Ev
FN:482,_ZN7testing8internal15TestFactoryImplI87BaseDeDatosTest_testAlPreguntarPorLaExistenciaDeUnaClaveInexistenteDeberiaDarFalse_TestED2Ev
FN:482,_ZN7testing8internal15TestFactoryImplI87BaseDeDatosTest_testAlPreguntarPorLaExistenciaDeUnaClaveInexistenteDeberiaDarFalse_TestEC2Ev
FN:482,_ZN7testing8internal15TestFactoryImplI50BaseDeDatosTest_existenciaDeUnaClaveExistente_TestED2Ev
FN:482,_ZN7testing8internal15TestFactoryImplI84BaseDeDatosTest_testObtenerElValorDeUnaClaveInexistenteDebeDevolverUnValorVacio_TestED2Ev
FN:482,_ZN7testing8internal15TestFactoryImplI50BaseDeDatosTest_existenciaDeUnaClaveExistente_TestEC2Ev
FN:482,_ZN7testing8internal15TestFactoryImplI60BaseDeDatosTest_testAgregarUnaClaveValorNuevaYObtenerla_TestED0Ev
FN:482,_ZN7testing8internal15TestFactoryImplI99BaseDeDatosTest_AlHacerDosVecesUnPutConLaMismaClaveElValorAlmacenadoDeberiaSerElUltimoGuardado_TestED2Ev
FN:482,_ZN7testing8internal15TestFactoryImplI87BaseDeDatosTest_testAlPreguntarPorLaExistenciaDeUnaClaveInexistenteDeberiaDarFalse_TestED0Ev
FN:482,_ZN7testing8internal15TestFactoryImplI84BaseDeDatosTest_testObtenerElValorDeUnaClaveInexistenteDebeDevolverUnValorVacio_TestEC2Ev
FN:482,_ZN7testing8internal15TestFactoryImplI60BaseDeDatosTest_testAgregarUnaClaveValorNuevaYObtenerla_TestEC2Ev
FN:482,_ZN7testing8internal15TestFactoryImplI84BaseDeDatosTest_testObtenerElValorDeUnaClaveInexistenteDebeDevolverUnValorVacio_TestED0Ev
FN:482,_ZN7testing8internal15TestFactoryImplI50BaseDeDatosTest_existenciaDeUnaClaveExistente_TestED0Ev
FN:482,_ZN7testing8internal15TestFactoryImplI99BaseDeDatosTest_AlHacerDosVecesUnPutConLaMismaClaveElValorAlmacenadoDeberiaSerElUltimoGuardado_TestED0Ev
FN:484,_ZN7testing8internal15TestFactoryImplI60BaseDeDatosTest_testAgregarUnaClaveValorNuevaYObtenerla_TestE10CreateTestEv
FN:484,_ZN7testing8internal15TestFactoryImplI99BaseDeDatosTest_AlHacerDosVecesUnPutConLaMismaClaveElValorAlmacenadoDeberiaSerElUltimoGuardado_TestE10CreateTestEv
FN:484,_ZN7testing8internal15TestFactoryImplI87BaseDeDatosTest_testAlPreguntarPorLaExistenciaDeUnaClaveInexistenteDeberiaDarFalse_TestE10CreateTestEv
FN:484,_ZN7testing8internal15TestFactoryImplI50BaseDeDatosTest_existenciaDeUnaClaveExistente_TestE10CreateTestEv
FN:484,_ZN7testing8internal15TestFactoryImplI84BaseDeDatosTest_testObtenerElValorDeUnaClaveInexistenteDebeDevolverUnValorVacio_TestE10CreateTestEv
FN:504,_ZN7testing8internal12CodeLocationD2Ev
FN:505,_ZN7testing8internal12CodeLocationC2ERKSsi
FNDA:50,_ZN7testing8internal9GetTypeIdI15BaseDeDatosTestEEPKvv
FNDA:0,_ZN7testing8internal15TestFactoryBaseD0Ev
FNDA:0,_ZN7testing8internal15TestFactoryBaseD2Ev
FNDA:0,_ZN7testing8internal15TestFactoryBaseC2Ev
FNDA:10,_ZN7testing8internal15TestFactoryImplI60BaseDeDatosTest_testAgregarUnaClaveValorNuevaYObtenerla_TestED0Ev
FNDA:10,_ZN7testing8internal15TestFactoryImplI60BaseDeDatosTest_testAgregarUnaClaveValorNuevaYObtenerla_TestED2Ev
FNDA:10,_ZN7testing8internal15TestFactoryImplI99BaseDeDatosTest_AlHacerDosVecesUnPutConLaMismaClaveElValorAlmacenadoDeberiaSerElUltimoGuardado_TestED0Ev
FNDA:10,_ZN7testing8internal15TestFactoryImplI99BaseDeDatosTest_AlHacerDosVecesUnPutConLaMismaClaveElValorAlmacenadoDeberiaSerElUltimoGuardado_TestED2Ev
FNDA:10,_ZN7testing8internal15TestFactoryImplI87BaseDeDatosTest_testAlPreguntarPorLaExistenciaDeUnaClaveInexistenteDeberiaDarFalse_TestED0Ev
FNDA:10,_ZN7testing8internal15TestFactoryImplI87BaseDeDatosTest_testAlPreguntarPorLaExistenciaDeUnaClaveInexistenteDeberiaDarFalse_TestED2Ev
FNDA:10,_ZN7testing8internal15TestFactoryImplI50BaseDeDatosTest_existenciaDeUnaClaveExistente_TestED0Ev
FNDA:10,_ZN7testing8internal15TestFactoryImplI50BaseDeDatosTest_existenciaDeUnaClaveExistente_TestED2Ev
FNDA:10,_ZN7testing8internal15TestFactoryImplI84BaseDeDatosTest_testObtenerElValorDeUnaClaveInexistenteDebeDevolverUnValorVacio_TestED0Ev
FNDA:10,_ZN7testing8internal15TestFactoryImplI84BaseDeDatosTest_testObtenerElValorDeUnaClaveInexistenteDebeDevolverUnValorVacio_TestED2Ev
FNDA:10,_ZN7testing8internal15TestFactoryImplI84BaseDeDatosTest_testObtenerElValorDeUnaClaveInexistenteDebeDevolverUnValorVacio_TestEC2Ev
FNDA:10,_ZN7testing8internal15TestFactoryImplI50BaseDeDatosTest_existenciaDeUnaClaveExistente_TestEC2Ev
FNDA:10,_ZN7testing8internal15TestFactoryImplI87BaseDeDatosTest_testAlPreguntarPorLaExistenciaDeUnaClaveInexistenteDeberiaDarFalse_TestEC2Ev
FNDA:10,_ZN7testing8internal15TestFactoryImplI99BaseDeDatosTest_AlHacerDosVecesUnPutConLaMismaClaveElValorAlmacenadoDeberiaSerElUltimoGuardado_TestEC2Ev
FNDA:10,_ZN7testing8internal15TestFactoryImplI60BaseDeDatosTest_testAgregarUnaClaveValorNuevaYObtenerla_TestEC2Ev
FNDA:10,_ZN7testing8internal15TestFactoryImplI60BaseDeDatosTest_testAgregarUnaClaveValorNuevaYObtenerla_TestE10CreateTestEv
FNDA:10,_ZN7testing8internal15TestFactoryImplI99BaseDeDatosTest_AlHacerDosVecesUnPutConLaMismaClaveElValorAlmacenadoDeberiaSerElUltimoGuardado_TestE10CreateTestEv
FNDA:10,_ZN7testing8internal15TestFactoryImplI87BaseDeDatosTest_testAlPreguntarPorLaExistenciaDeUnaClaveInexistenteDeberiaDarFalse_TestE10CreateTestEv
FNDA:10,_ZN7testing8internal15TestFactoryImplI50BaseDeDatosTest_existenciaDeUnaClaveExistente_TestE10CreateTestEv
FNDA:10,_ZN7testing8internal15TestFactoryImplI84BaseDeDatosTest_testObtenerElValorDeUnaClaveInexistenteDebeDevolverUnValorVacio_TestE10CreateTestEv
FNDA:0,_ZN7testing8internal12CodeLocationD2Ev
FNDA:0,_ZN7testing8internal12CodeLocationC2ERKSsi
FNF:26
FNH:21
DA:447,50
DA:452,50
DA:466,0
DA:473,0
DA:482,150
DA:484,50
DA:504,0
DA:505,0
LF:8
LH:4
end_of_record
SF:/usr/local/include/gtest/internal/gtest-port.h
FN:1119,_ZN7testing8internal10scoped_ptrISsEC2EPSs
FN:1120,_ZN7testing8internal10scoped_ptrISt18basic_stringstreamIcSt11char_traitsIcESaIcEEED2Ev
FN:1120,_ZN7testing8internal10scoped_ptrISsED2Ev
FN:1123,_ZNK7testing8internal10scoped_ptrISsEptEv
FN:1124,_ZNK7testing8internal10scoped_ptrISsE3getEv
FN:1132,_ZN7testing8internal10scoped_ptrISsE5resetEPSs
FN:1132,_ZN7testing8internal10scoped_ptrISt18basic_stringstreamIcSt11char_traitsIcESaIcEEE5resetEPS6_
FNDA:620,_ZN7testing8internal10scoped_ptrISsEC2EPSs
FNDA:0,_ZN7testing8internal10scoped_ptrISsED2Ev
FNDA:0,_ZN7testing8internal10scoped_ptrISt18basic_stringstreamIcSt11char_traitsIcESaIcEEED2Ev
FNDA:0,_ZNK7testing8internal10scoped_ptrISsEptEv
FNDA:0,_ZNK7testing8internal10scoped_ptrISsE3getEv
FNDA:0,_ZN7testing8internal10scoped_ptrISt18basic_stringstreamIcSt11char_traitsIcESaIcEEE5resetEPS6_
FNDA:0,_ZN7testing8internal10scoped_ptrISsE5resetEPSs
FNF:7
FNH:1
DA:1119,620
DA:1120,0
DA:1123,0
DA:1124,0
DA:1132,0
DA:1133,0
DA:1134,0
DA:1135,0
DA:1137,0
DA:1139,0
LF:10
LH:1
end_of_record
TN:
SF:/home/diego/Desktop/taller2-appserver/ContenidoParaLasPruebas/TestCases/MensajeHTTPRequestTests.cpp
FN:9,_ZN22HttpMessageRequestTestD0Ev
FN:9,_ZN22HttpMessageRequestTestD2Ev
FN:9,_ZN22HttpMessageRequestTestC2Ev
FN:13,_ZN22HttpMessageRequestTest5SetUpEv
FN:43,_ZN22HttpMessageRequestTest8TearDownEv
FN:48,_ZN22HttpMessageRequestTest21crearHeaderBodyLenghtESs
FN:53,_ZN22HttpMessageRequestTest13iniciarMg_strER6mg_strPKcm
FN:65,_ZN66HttpMessageRequestTest_testObjenerMetodoDelMensajeHTTPRequest_TestC2Ev
FN:65,_ZN66HttpMessageRequestTest_testObjenerMetodoDelMensajeHTTPRequest_Test8TestBodyEv
FN:65,_Z41__static_initialization_and_destruction_0ii
FN:65,_ZN66HttpMessageRequestTest_testObjenerMetodoDelMensajeHTTPRequest_TestD0Ev
FN:65,_ZN66HttpMessageRequestTest_testObjenerMetodoDelMensajeHTTPRequest_TestD2Ev
FN:71,_ZN63HttpMessageRequestTest_testObtenerUriDelMensajeHTTPRequest_TestD2Ev
FN:71,_ZN63HttpMessageRequestTest_testObtenerUriDelMensajeHTTPRequest_TestD0Ev
FN:71,_ZN63HttpMessageRequestTest_testObtenerUriDelMensajeHTTPRequest_Test8TestBodyEv
FN:71,_ZN63HttpMessageRequestTest_testObtenerUriDelMensajeHTTPRequest_TestC2Ev
FN:76,_ZN67HttpMessageRequestTest_testObtenerHeadersDelMensajeHTTPRequest_TestD2Ev
FN:76,_ZN67HttpMessageRequestTest_testObtenerHeadersDelMensajeHTTPRequest_Test8TestBodyEv
FN:76,_ZN67HttpMessageRequestTest_testObtenerHeadersDelMensajeHTTPRequest_TestC2Ev
FN:76,_ZN67HttpMessageRequestTest_testObtenerHeadersDelMensajeHTTPRequest_TestD0Ev
FN:82,_ZN66HttpMessageRequestTest_testCrearUnMensajeHTTPRequestDesdeCero_TestC2Ev
FN:82,_ZN66HttpMessageRequestTest_testCrearUnMensajeHTTPRequestDesdeCero_TestD2Ev
FN:82,_ZN66HttpMessageRequestTest_testCrearUnMensajeHTTPRequestDesdeCero_TestD0Ev
FN:82,_ZN66HttpMessageRequestTest_testCrearUnMensajeHTTPRequestDesdeCero_Test8TestBodyEv
FN:103,_GLOBAL__sub_I__ZN66HttpMessageRequestTest_testObjenerMetodoDelMensajeHTTPRequest_Test10test_info_E
FNDA:0,_ZN22HttpMessageRequestTestD0Ev
FNDA:40,_ZN22HttpMessageRequestTestD2Ev
FNDA:40,_ZN22HttpMessageRequestTestC2Ev
FNDA:40,_ZN22HttpMessageRequestTest5SetUpEv
FNDA:40,_ZN22HttpMessageRequestTest8TearDownEv
FNDA:10,_ZN22HttpMessageRequestTest21crearHeaderBodyLenghtESs
FNDA:320,_ZN22HttpMessageRequestTest13iniciarMg_strER6mg_strPKcm
FNDA:10,_ZN66HttpMessageRequestTest_testObjenerMetodoDelMensajeHTTPRequest_TestD0Ev
FNDA:10,_ZN66HttpMessageRequestTest_testObjenerMetodoDelMensajeHTTPRequest_TestD2Ev
FNDA:10,_ZN66HttpMessageRequestTest_testObjenerMetodoDelMensajeHTTPRequest_Test8TestBodyEv
FNDA:10,_ZN66HttpMessageRequestTest_testObjenerMetodoDelMensajeHTTPRequest_TestC2Ev
FNDA:10,_ZN63HttpMessageRequestTest_testObtenerUriDelMensajeHTTPRequest_TestD0Ev
FNDA:10,_ZN63HttpMessageRequestTest_testObtenerUriDelMensajeHTTPRequest_TestD2Ev
FNDA:10,_ZN63HttpMessageRequestTest_testObtenerUriDelMensajeHTTPRequest_Test8TestBodyEv
FNDA:10,_ZN63HttpMessageRequestTest_testObtenerUriDelMensajeHTTPRequest_TestC2Ev
FNDA:10,_ZN67HttpMessageRequestTest_testObtenerHeadersDelMensajeHTTPRequest_TestD0Ev
FNDA:10,_ZN67HttpMessageRequestTest_testObtenerHeadersDelMensajeHTTPRequest_TestD2Ev
FNDA:10,_ZN67HttpMessageRequestTest_testObtenerHeadersDelMensajeHTTPRequest_Test8TestBodyEv
FNDA:10,_ZN67HttpMessageRequestTest_testObtenerHeadersDelMensajeHTTPRequest_TestC2Ev
FNDA:10,_ZN66HttpMessageRequestTest_testCrearUnMensajeHTTPRequestDesdeCero_TestD0Ev
FNDA:10,_ZN66HttpMessageRequestTest_testCrearUnMensajeHTTPRequestDesdeCero_TestD2Ev
FNDA:10,_ZN66HttpMessageRequestTest_testCrearUnMensajeHTTPRequestDesdeCero_Test8TestBodyEv
FNDA:10,_ZN66HttpMessageRequestTest_testCrearUnMensajeHTTPRequestDesdeCero_TestC2Ev
FNDA:10,_GLOBAL__sub_I__ZN66HttpMessageRequestTest_testObjenerMetodoDelMensajeHTTPRequest_Test10test_info_E
FNDA:10,_Z41__static_initialization_and_destruction_0ii
FNF:25
FNH:24
DA:9,80
DA:13,40
DA:15,40
DA:16,40
DA:17,40
DA:18,40
DA:19,40
DA:20,40
DA:21,40
DA:22,40
DA:25,40
DA:26,40
DA:28,40
DA:29,40
DA:31,40
DA:32,40
DA:34,40
DA:35,40
DA:38,40
DA:40,40
DA:43,40
DA:44,40
DA:45,40
DA:48,10
DA:50,10
DA:53,320
DA:54,320
DA:55,320
DA:56,320
DA:65,50
DA:67,10
DA:71,50
DA:72,10
DA:76,50
DA:77,10
DA:78,10
DA:82,50
DA:83,10
DA:84,20
DA:85,10
DA:86,10
DA:87,10
DA:88,10
DA:89,10
DA:90,10
DA:91,10
DA:92,10
DA:93,10
DA:94,10
DA:95,10
DA:96,10
DA:98,20
DA:100,20
DA:102,20
DA:103,30
LF:55
LH:55
end_of_record
SF:/usr/include/c++/4.8/bits/allocator.h
FN:133,_ZSteqIcEbRKSaIT_ES3_
FNDA:15360,_ZSteqIcEbRKSaIT_ES3_
FNF:1
FNH:1
DA:133,15360
DA:134,15360
LF:2
LH:2
end_of_record
SF:/usr/include/c++/4.8/bits/basic_string.h
FN:272,_ZNSs12_Alloc_hiderC2ERKS_
FN:272,_ZNSs12_Alloc_hiderD2Ev
FN:1721,_ZNSs16_S_construct_auxIPcEES0_T_S1_RKSaIcESt12__false_type
FN:1743,_ZNSs12_S_constructIPcEES0_T_S1_RKSaIcE
FN:2402,_ZStplIcSt11char_traitsIcESaIcEESbIT_T0_T1_ERKS6_PKS3_
FN:2430,_ZStplIcSt11char_traitsIcESaIcEESbIT_T0_T1_EOS6_RKS6_
FN:2454,_ZStplIcSt11char_traitsIcESaIcEESbIT_T0_T1_EPKS3_OS6_
FN:2466,_ZStplIcSt11char_traitsIcESaIcEESbIT_T0_T1_EOS6_PKS3_
FN:2493,_ZSteqIcEN9__gnu_cxx11__enable_ifIXsrSt9__is_charIT_E7__valueEbE6__typeERKSbIS3_St11char_traitsIS3_ESaIS3_EESC_
FN:2507,_ZSteqIcSt11char_traitsIcESaIcEEbPKT_RKSbIS3_T0_T1_E
FN:2880,_ZSt9to_stringm
FNDA:0,_ZNSs12_Alloc_hiderC2ERKS_
FNDA:0,_ZNSs12_Alloc_hiderD2Ev
FNDA:11260,_ZNSs16_S_construct_auxIPcEES0_T_S1_RKSaIcESt12__false_type
FNDA:11260,_ZNSs12_S_constructIPcEES0_T_S1_RKSaIcE
FNDA:0,_ZStplIcSt11char_traitsIcESaIcEESbIT_T0_T1_ERKS6_PKS3_
FNDA:0,_ZStplIcSt11char_traitsIcESaIcEESbIT_T0_T1_EOS6_RKS6_
FNDA:0,_ZStplIcSt11char_traitsIcESaIcEESbIT_T0_T1_EPKS3_OS6_
FNDA:0,_ZStplIcSt11char_traitsIcESaIcEESbIT_T0_T1_EOS6_PKS3_
FNDA:0,_ZSteqIcEN9__gnu_cxx11__enable_ifIXsrSt9__is_charIT_E7__valueEbE6__typeERKSbIS3_St11char_traitsIS3_ESaIS3_EESC_
FNDA:80,_ZSteqIcSt11char_traitsIcESaIcEEbPKT_RKSbIS3_T0_T1_E
FNDA:10,_ZSt9to_stringm
FNF:11
FNH:4
DA:272,0
DA:1721,11260
DA:1725,11260
DA:1743,11260
DA:1746,11260
DA:2402,0
DA:2405,0
DA:2406,0
DA:2407,0
DA:2430,0
DA:2432,0
DA:2454,0
DA:2456,0
DA:2466,0
DA:2468,0
DA:2493,0
DA:2495,0
DA:2497,0
DA:2507,80
DA:2509,80
DA:2880,10
DA:2883,10
LF:22
LH:8
end_of_record
SF:/usr/include/c++/4.8/bits/basic_string.tcc
FN:123,_ZNSs12_S_constructIPcEES0_T_S1_RKSaIcESt20forward_iterator_tag
FN:227,_ZNSsC2IPcEET_S1_RKSaIcE
FNDA:113720,_ZNSs12_S_constructIPcEES0_T_S1_RKSaIcESt20forward_iterator_tag
FNDA:11260,_ZNSsC2IPcEET_S1_RKSaIcE
FNF:2
FNH:2
DA:123,113720
DA:128,113720
DA:129,340
DA:132,113380
DA:133,0
DA:136,113380
DA:138,113380
DA:140,113380
DA:141,=====
DA:143,=====
DA:144,=====
DA:146,113380
DA:147,113380
DA:227,11260
DA:229,11260
DA:230,11260
LF:16
LH:12
end_of_record
SF:/usr/include/c++/4.8/bits/char_traits.h
FN:242,_ZNSt11char_traitsIcE6assignERcRKc
FN:254,_ZNSt11char_traitsIcE7compareEPKcS2_m
FN:258,_ZNSt11char_traitsIcE6lengthEPKc
FN:270,_ZNSt11char_traitsIcE4copyEPcPKcm
FNDA:0,_ZNSt11char_traitsIcE6assignERcRKc
FNDA:0,_ZNSt11char_traitsIcE7compareEPKcS2_m
FNDA:0,_ZNSt11char_traitsIcE6lengthEPKc
FNDA:0,_ZNSt11char_traitsIcE4copyEPcPKcm
FNF:4
FNH:0
DA:242,0
DA:243,0
DA:254,0
DA:255,0
DA:258,0
DA:259,0
DA:270,0
DA:271,0
LF:8
LH:0
end_of_record
SF:/usr/include/c++/4.8/bits/ios_base.h
FN:123,_ZStorSt13_Ios_OpenmodeS_
FN:163,_ZStorSt12_Ios_IostateS_
FNDA:940,_ZStorSt13_Ios_OpenmodeS_
FNDA:0,_ZStorSt12_Ios_IostateS_
FNF:2
FNH:1
DA:123,940
DA:124,940
DA:163,0
DA:164,0
LF:4
LH:2
end_of_record
SF:/usr/include/c++/4.8/bits/move.h
FN:101,_ZSt4moveIRSsEONSt16remove_referenceIT_E4typeEOS2_
FNDA:0,_ZSt4moveIRSsEONSt16remove_referenceIT_E4typeEOS2_
FNF:1
FNH:0
DA:101,0
DA:102,0
LF:2
LH:0
end_of_record
SF:/usr/include/c++/4.8/bits/stl_iterator_base_funcs.h
FN:90,_ZSt10__distanceIPcENSt15iterator_traitsIT_E15difference_typeES2_S2_St26random_access_iterator_tag
FN:114,_ZSt8distanceIPcENSt15iterator_traitsIT_E15difference_typeES2_S2_
FNDA:113380,_ZSt10__distanceIPcENSt15iterator_traitsIT_E15difference_typeES2_S2_St26random_access_iterator_tag
FNDA:113380,_ZSt8distanceIPcENSt15iterator_traitsIT_E15difference_typeES2_S2_
FNF:2
FNH:2
DA:90,113380
DA:96,113380
DA:114,113380
DA:118,113380
LF:4
LH:4
end_of_record
SF:/usr/include/c++/4.8/bits/stl_iterator_base_types.h
FN:201,_ZSt19__iterator_categoryIPcENSt15iterator_traitsIT_E17iterator_categoryERKS2_
FNDA:113380,_ZSt19__iterator_categoryIPcENSt15iterator_traitsIT_E17iterator_categoryERKS2_
FNF:1
FNH:1
DA:201,113380
DA:202,113380
LF:2
LH:2
end_of_record
SF:/usr/include/c++/4.8/ext/atomicity.h
FN:48,_ZN9__gnu_cxxL18__exchange_and_addEPVii
FN:65,_ZN9__gnu_cxxL25__exchange_and_add_singleEPii
FN:78,_ZN9__gnu_cxxL27__exchange_and_add_dispatchEPii
FNDA:0,_ZN9__gnu_cxxL18__exchange_and_addEPVii
FNDA:0,_ZN9__gnu_cxxL25__exchange_and_add_singleEPii
FNDA:0,_ZN9__gnu_cxxL27__exchange_and_add_dispatchEPii
FNF:3
FNH:0
DA:48,0
DA:49,0
DA:65,0
DA:67,0
DA:68,0
DA:69,0
DA:78,0
DA:81,0
DA:82,0
DA:84,0
LF:10
LH:0
end_of_record
SF:/usr/include/c++/4.8/ext/new_allocator.h
FN:79,_ZN9__gnu_cxx13new_allocatorIcEC2Ev
FN:81,_ZN9__gnu_cxx13new_allocatorIcEC2ERKS1_
FN:86,_ZN9__gnu_cxx13new_allocatorIcED2Ev
FNDA:0,_ZN9__gnu_cxx13new_allocatorIcEC2Ev
FNDA:0,_ZN9__gnu_cxx13new_allocatorIcEC2ERKS1_
FNDA:0,_ZN9__gnu_cxx13new_allocatorIcED2Ev
FNF:3
FNH:0
DA:79,0
DA:81,0
DA:86,0
LF:3
LH:0
end_of_record
SF:/usr/include/c++/4.8/ext/string_conversions.h
FN:83,_ZN9__gnu_cxx12__to_xstringISscEET_PFiPT0_mPKS2_P13__va_list_tagEmS5_z
FNDA:11260,_ZN9__gnu_cxx12__to_xstringISscEET_PFiPT0_mPKS2_P13__va_list_tagEmS5_z
FNF:1
FNH:1
DA:83,11260
DA:90,11260
DA:93,11260
DA:95,11260
DA:97,11260
DA:99,11260
LF:6
LH:6
end_of_record
SF:/usr/include/c++/4.8/ext/type_traits.h
FN:150,_ZN9__gnu_cxx17__is_null_pointerIcEEbPT_
FNDA:113380,_ZN9__gnu_cxx17__is_null_pointerIcEEbPT_
FNF:1
FNH:1
DA:150,113380
DA:151,113380
LF:2
LH:2
end_of_record
SF:/usr/include/c++/4.8/iostream
DA:74,10
LF:1
LH:1
end_of_record
SF:/usr/include/c++/4.8/sstream
FN:64,_ZNSt15basic_stringbufIcSt11char_traitsIcESaIcEED0Ev
FN:64,_ZNSt15basic_stringbufIcSt11char_traitsIcESaIcEED2Ev
FNDA:0,_ZNSt15basic_stringbufIcSt11char_traitsIcESaIcEED0Ev
FNDA:0,_ZNSt15basic_stringbufIcSt11char_traitsIcESaIcEED2Ev
FNF:2
FNH:0
DA:64,0
LF:1
LH:0
end_of_record
SF:/usr/include/x86_64-linux-gnu/c++/4.8/bits/gthr-default.h
FN:247,_ZL18__gthread_active_pv
FNDA:0,_ZL18__gthread_active_pv
FNF:1
FNH:0
DA:247,0
DA:251,0
LF:2
LH:0
end_of_record
SF:/usr/local/include/gtest/gtest-message.h
FN:85,_ZN7testing7MessageD2Ev
FNDA:930,_ZN7testing7MessageD2Ev
FNF:1
FNH:1
DA:85,930
LF:1
LH:1
end_of_record
SF:/usr/local/include/gtest/gtest-printers.h
FN:275,_ZN7testing8internal19FormatForComparisonISsA19_cE6FormatERKSs
FN:275,_ZN7testing8internal19FormatForComparisonISsSsE6FormatERKSs
FN:275,_ZN7testing8internal19FormatForComparisonISsA7_cE6FormatERKSs
FN:284,_ZN7testing8internal19FormatForComparisonIA7_cSsE6FormatEPKc
FN:284,_ZN7testing8internal19FormatForComparisonIA19_cSsE6FormatEPKc
FN:321,_ZN7testing8internal19FormatForComparisonIPKcSsE6FormatES3_
FN:349,_ZN7testing8internal33FormatForComparisonFailureMessageISsA7_cEESsRKT_RKT0_
FN:349,_ZN7testing8internal33FormatForComparisonFailureMessageIA7_cSsEESsRKT_RKT0_
FN:349,_ZN7testing8internal33FormatForComparisonFailureMessageISsSsEESsRKT_RKT0_
FN:349,_ZN7testing8internal33FormatForComparisonFailureMessageISsA19_cEESsRKT_RKT0_
FN:349,_ZN7testing8internal33FormatForComparisonFailureMessageIA19_cSsEESsRKT_RKT0_
FN:565,_ZN7testing8internal7PrintToERKSsPSo
FN:698,_ZN7testing8internal16UniversalPrinterISsE5PrintERKSsPSo
FN:783,_ZN7testing8internal21UniversalTersePrinterISsE5PrintERKSsPSo
FN:804,_ZN7testing8internal21UniversalTersePrinterIPKcE5PrintES3_PSo
FN:852,_ZN7testing8internal14UniversalPrintISsEEvRKT_PSo
FN:980,_ZN7testing13PrintToStringIPKcEESsRKT_
FN:980,_ZN7testing13PrintToStringISsEESsRKT_
FNDA:0,_ZN7testing8internal19FormatForComparisonISsSsE6FormatERKSs
FNDA:0,_ZN7testing8internal19FormatForComparisonISsA19_cE6FormatERKSs
FNDA:0,_ZN7testing8internal19FormatForComparisonISsA7_cE6FormatERKSs
FNDA:0,_ZN7testing8internal19FormatForComparisonIA19_cSsE6FormatEPKc
FNDA:0,_ZN7testing8internal19FormatForComparisonIA7_cSsE6FormatEPKc
FNDA:0,_ZN7testing8internal19FormatForComparisonIPKcSsE6FormatES3_
FNDA:0,_ZN7testing8internal33FormatForComparisonFailureMessageISsSsEESsRKT_RKT0_
FNDA:0,_ZN7testing8internal33FormatForComparisonFailureMessageISsA19_cEESsRKT_RKT0_
FNDA:0,_ZN7testing8internal33FormatForComparisonFailureMessageIA19_cSsEESsRKT_RKT0_
FNDA:0,_ZN7testing8internal33FormatForComparisonFailureMessageISsA7_cEESsRKT_RKT0_
FNDA:0,_ZN7testing8internal33FormatForComparisonFailureMessageIA7_cSsEESsRKT_RKT0_
FNDA:0,_ZN7testing8internal7PrintToERKSsPSo
FNDA:0,_ZN7testing8internal16UniversalPrinterISsE5PrintERKSsPSo
FNDA:0,_ZN7testing8internal21UniversalTersePrinterISsE5PrintERKSsPSo
FNDA:0,_ZN7testing8internal21UniversalTersePrinterIPKcE5PrintES3_PSo
FNDA:0,_ZN7testing8internal14UniversalPrintISsEEvRKT_PSo
FNDA:0,_ZN7testing13PrintToStringISsEESsRKT_
FNDA:0,_ZN7testing13PrintToStringIPKcEESsRKT_
FNF:18
FNH:0
DA:275,0
DA:276,0
DA:284,0
DA:285,0
DA:321,0
DA:349,0
DA:351,0
DA:565,0
DA:566,0
DA:567,0
DA:698,0
DA:707,0
DA:708,0
DA:783,0
DA:784,0
DA:785,0
DA:804,0
DA:805,0
DA:806,0
DA:808,0
DA:810,0
DA:852,0
DA:856,0
DA:857,0
DA:980,0
DA:981,0
DA:982,0
DA:983,0
LF:28
LH:0
end_of_record
SF:/usr/local/include/gtest/gtest.h
FN:256,_ZN7testing15AssertionResultD2Ev
FN:288,_ZNK7testing15AssertionResultcvbEv
FN:297,_ZNK7testing15AssertionResult7messageEv
FN:302,_ZNK7testing15AssertionResult15failure_messageEv
FN:389,_ZN7testing4Test13SetUpTestCaseEv
FN:397,_ZN7testing4Test16TearDownTestCaseEv
FN:474,_ZN7testing4Test5SetupEv
FN:1375,_ZN7testing8internal18CmpHelperEQFailureISsSsEENS_15AssertionResultEPKcS4_RKT_RKT0_
FN:1375,_ZN7testing8internal18CmpHelperEQFailureIA19_cSsEENS_15AssertionResultEPKcS5_RKT_RKT0_
FN:1375,_ZN7testing8internal18CmpHelperEQFailureIA7_cSsEENS_15AssertionResultEPKcS5_RKT_RKT0_
FN:1387,_ZN7testing8internal11CmpHelperEQIA7_cSsEENS_15AssertionResultEPKcS5_RKT_RKT0_
FN:1387,_ZN7testing8internal11CmpHelperEQISsSsEENS_15AssertionResultEPKcS4_RKT_RKT0_
FN:1387,_ZN7testing8internal11CmpHelperEQIA19_cSsEENS_15AssertionResultEPKcS5_RKT_RKT0_
FN:1417,_ZN7testing8internal8EqHelperILb0EE7CompareIA19_cSsEENS_15AssertionResultEPKcS7_RKT_RKT0_
FN:1417,_ZN7testing8internal8EqHelperILb0EE7CompareISsSsEENS_15AssertionResultEPKcS6_RKT_RKT0_
FN:1417,_ZN7testing8internal8EqHelperILb0EE7CompareIA7_cSsEENS_15AssertionResultEPKcS7_RKT_RKT0_
FNDA:620,_ZN7testing15AssertionResultD2Ev
FNDA:620,_ZNK7testing15AssertionResultcvbEv
FNDA:0,_ZNK7testing15AssertionResult7messageEv
FNDA:0,_ZNK7testing15AssertionResult15failure_messageEv
FNDA:70,_ZN7testing4Test13SetUpTestCaseEv
FNDA:70,_ZN7testing4Test16TearDownTestCaseEv
FNDA:0,_ZN7testing4Test5SetupEv
FNDA:0,_ZN7testing8internal18CmpHelperEQFailureISsSsEENS_15AssertionResultEPKcS4_RKT_RKT0_
FNDA:0,_ZN7testing8internal18CmpHelperEQFailureIA19_cSsEENS_15AssertionResultEPKcS5_RKT_RKT0_
FNDA:0,_ZN7testing8internal18CmpHelperEQFailureIA7_cSsEENS_15AssertionResultEPKcS5_RKT_RKT0_
FNDA:50,_ZN7testing8internal11CmpHelperEQISsSsEENS_15AssertionResultEPKcS4_RKT_RKT0_
FNDA:10,_ZN7testing8internal11CmpHelperEQIA19_cSsEENS_15AssertionResultEPKcS5_RKT_RKT0_
FNDA:50,_ZN7testing8internal11CmpHelperEQIA7_cSsEENS_15AssertionResultEPKcS5_RKT_RKT0_
FNDA:50,_ZN7testing8internal8EqHelperILb0EE7CompareISsSsEENS_15AssertionResultEPKcS6_RKT_RKT0_
FNDA:10,_ZN7testing8internal8EqHelperILb0EE7CompareIA19_cSsEENS_15AssertionResultEPKcS7_RKT_RKT0_
FNDA:50,_ZN7testing8internal8EqHelperILb0EE7CompareIA7_cSsEENS_15AssertionResultEPKcS7_RKT_RKT0_
FNF:16
FNH:10
DA:256,620
DA:288,620
DA:297,0
DA:298,0
DA:302,0
DA:389,70
DA:397,70
DA:474,0
DA:1375,0
DA:1382,0
DA:1387,110
DA:1392,110
DA:1393,110
DA:1397,0
DA:1417,110
DA:1421,110
LF:16
LH:9
end_of_record
SF:/usr/local/include/gtest/internal/gtest-internal.h
FN:447,_ZN7testing8internal9GetTypeIdI22HttpMessageRequestTestEEPKvv
FN:466,_ZN7testing8internal15TestFactoryBaseD0Ev
FN:466,_ZN7testing8internal15TestFactoryBaseD2Ev
FN:473,_ZN7testing8internal15TestFactoryBaseC2Ev
FN:482,_ZN7testing8internal15TestFactoryImplI63HttpMessageRequestTest_testObtenerUriDelMensajeHTTPRequest_TestED2Ev
FN:482,_ZN7testing8internal15TestFactoryImplI66HttpMessageRequestTest_testCrearUnMensajeHTTPRequestDesdeCero_TestED2Ev
FN:482,_ZN7testing8internal15TestFactoryImplI63HttpMessageRequestTest_testObtenerUriDelMensajeHTTPRequest_TestED0Ev
FN:482,_ZN7testing8internal15TestFactoryImplI66HttpMessageRequestTest_testObjenerMetodoDelMensajeHTTPRequest_TestED2Ev
FN:482,_ZN7testing8internal15TestFactoryImplI67HttpMessageRequestTest_testObtenerHeadersDelMensajeHTTPRequest_TestEC2Ev
FN:482,_ZN7testing8internal15TestFactoryImplI66HttpMessageRequestTest_testObjenerMetodoDelMensajeHTTPRequest_TestEC2Ev
FN:482,_ZN7testing8internal15TestFactoryImplI66HttpMessageRequestTest_testCrearUnMensajeHTTPRequestDesdeCero_TestED0Ev
FN:482,_ZN7testing8internal15TestFactoryImplI63HttpMessageRequestTest_testObtenerUriDelMensajeHTTPRequest_TestEC2Ev
FN:482,_ZN7testing8internal15TestFactoryImplI67HttpMessageRequestTest_testObtenerHeadersDelMensajeHTTPRequest_TestED0Ev
FN:482,_ZN7testing8internal15TestFactoryImplI66HttpMessageRequestTest_testCrearUnMensajeHTTPRequestDesdeCero_TestEC2Ev
FN:482,_ZN7testing8internal15TestFactoryImplI67HttpMessageRequestTest_testObtenerHeadersDelMensajeHTTPRequest_TestED2Ev
FN:482,_ZN7testing8internal15TestFactoryImplI66HttpMessageRequestTest_testObjenerMetodoDelMensajeHTTPRequest_TestED0Ev
FN:484,_ZN7testing8internal15TestFactoryImplI66HttpMessageRequestTest_testObjenerMetodoDelMensajeHTTPRequest_TestE10CreateTestEv
FN:484,_ZN7testing8internal15TestFactoryImplI63HttpMessageRequestTest_testObtenerUriDelMensajeHTTPRequest_TestE10CreateTestEv
FN:484,_ZN7testing8internal15TestFactoryImplI66HttpMessageRequestTest_testCrearUnMensajeHTTPRequestDesdeCero_TestE10CreateTestEv
FN:484,_ZN7testing8internal15TestFactoryImplI67HttpMessageRequestTest_testObtenerHeadersDelMensajeHTTPRequest_TestE10CreateTestEv
FN:504,_ZN7testing8internal12CodeLocationD2Ev
FN:505,_ZN7testing8internal12CodeLocationC2ERKSsi
FNDA:40,_ZN7testing8internal9GetTypeIdI22HttpMessageRequestTestEEPKvv
FNDA:0,_ZN7testing8internal15TestFactoryBaseD0Ev
FNDA:330,_ZN7testing8internal15TestFactoryBaseD2Ev
FNDA:330,_ZN7testing8internal15TestFactoryBaseC2Ev
FNDA:10,_ZN7testing8internal15TestFactoryImplI66HttpMessageRequestTest_testObjenerMetodoDelMensajeHTTPRequest_TestED0Ev
FNDA:10,_ZN7testing8internal15TestFactoryImplI66HttpMessageRequestTest_testObjenerMetodoDelMensajeHTTPRequest_TestED2Ev
FNDA:10,_ZN7testing8internal15TestFactoryImplI63HttpMessageRequestTest_testObtenerUriDelMensajeHTTPRequest_TestED0Ev
FNDA:10,_ZN7testing8internal15TestFactoryImplI63HttpMessageRequestTest_testObtenerUriDelMensajeHTTPRequest_TestED2Ev
FNDA:10,_ZN7testing8internal15TestFactoryImplI67HttpMessageRequestTest_testObtenerHeadersDelMensajeHTTPRequest_TestED0Ev
FNDA:10,_ZN7testing8internal15TestFactoryImplI67HttpMessageRequestTest_testObtenerHeadersDelMensajeHTTPRequest_TestED2Ev
FNDA:10,_ZN7testing8internal15TestFactoryImplI66HttpMessageRequestTest_testCrearUnMensajeHTTPRequestDesdeCero_TestED0Ev
FNDA:10,_ZN7testing8internal15TestFactoryImplI66HttpMessageRequestTest_testCrearUnMensajeHTTPRequestDesdeCero_TestED2Ev
FNDA:10,_ZN7testing8internal15TestFactoryImplI66HttpMessageRequestTest_testCrearUnMensajeHTTPRequestDesdeCero_TestEC2Ev
FNDA:10,_ZN7testing8internal15TestFactoryImplI67HttpMessageRequestTest_testObtenerHeadersDelMensajeHTTPRequest_TestEC2Ev
FNDA:10,_ZN7testing8internal15TestFactoryImplI63HttpMessageRequestTest_testObtenerUriDelMensajeHTTPRequest_TestEC2Ev
FNDA:10,_ZN7testing8internal15TestFactoryImplI66HttpMessageRequestTest_testObjenerMetodoDelMensajeHTTPRequest_TestEC2Ev
FNDA:10,_ZN7testing8internal15TestFactoryImplI66HttpMessageRequestTest_testObjenerMetodoDelMensajeHTTPRequest_TestE10CreateTestEv
FNDA:10,_ZN7testing8internal15TestFactoryImplI63HttpMessageRequestTest_testObtenerUriDelMensajeHTTPRequest_TestE10CreateTestEv
FNDA:10,_ZN7testing8internal15TestFactoryImplI67HttpMessageRequestTest_testObtenerHeadersDelMensajeHTTPRequest_TestE10CreateTestEv
FNDA:10,_ZN7testing8internal15TestFactoryImplI66HttpMessageRequestTest_testCrearUnMensajeHTTPRequestDesdeCero_TestE10CreateTestEv
FNDA:990,_ZN7testing8internal12CodeLocationD2Ev
FNDA:330,_ZN7testing8internal12CodeLocationC2ERKSsi
FNF:22
FNH:21
DA:447,40
DA:452,40
DA:466,330
DA:473,330
DA:482,120
DA:484,40
DA:504,990
DA:505,330
LF:8
LH:8
end_of_record
SF:/usr/local/include/gtest/internal/gtest-port.h
FN:1120,_ZN7testing8internal10scoped_ptrISsED2Ev
FN:1120,_ZN7testing8internal10scoped_ptrISt18basic_stringstreamIcSt11char_traitsIcESaIcEEED2Ev
FN:1123,_ZNK7testing8internal10scoped_ptrISsEptEv
FN:1124,_ZNK7testing8internal10scoped_ptrISsE3getEv
FN:1132,_ZN7testing8internal10scoped_ptrISsE5resetEPSs
FN:1132,_ZN7testing8internal10scoped_ptrISt18basic_stringstreamIcSt11char_traitsIcESaIcEEE5resetEPS6_
FNDA:620,_ZN7testing8internal10scoped_ptrISsED2Ev
FNDA:930,_ZN7testing8internal10scoped_ptrISt18basic_stringstreamIcSt11char_traitsIcESaIcEEED2Ev
FNDA:0,_ZNK7testing8internal10scoped_ptrISsEptEv
FNDA:0,_ZNK7testing8internal10scoped_ptrISsE3getEv
FNDA:930,_ZN7testing8internal10scoped_ptrISt18basic_stringstreamIcSt11char_traitsIcESaIcEEE5resetEPS6_
FNDA:620,_ZN7testing8internal10scoped_ptrISsE5resetEPSs
FNF:6
FNH:4
DA:1120,1550
DA:1123,0
DA:1124,0
DA:1132,1550
DA:1133,1550
DA:1134,930
DA:1135,930
DA:1137,930
DA:1139,1550
LF:9
LH:7
end_of_record
TN:
SF:/home/diego/Desktop/taller2-appserver/ContenidoParaLasPruebas/TestCases/SesionesDeUsuariosTests.cpp
FN:6,_ZN22SesionesDeUsuariosTestC2Ev
FN:6,_ZN22SesionesDeUsuariosTestD2Ev
FN:6,_ZN22SesionesDeUsuariosTestD0Ev
FN:9,_ZN22SesionesDeUsuariosTest5SetUpEv
FN:13,_ZN22SesionesDeUsuariosTest8TearDownEv
FN:22,_Z41__static_initialization_and_destruction_0ii
FN:22,_ZN57SesionesDeUsuariosTest_testAgregarUnaSesionDeUsuario_TestD2Ev
FN:22,_ZN57SesionesDeUsuariosTest_testAgregarUnaSesionDeUsuario_TestC2Ev
FN:22,_ZN57SesionesDeUsuariosTest_testAgregarUnaSesionDeUsuario_TestD0Ev
FN:22,_ZN57SesionesDeUsuariosTest_testAgregarUnaSesionDeUsuario_Test8TestBodyEv
FN:28,_ZN60SesionesDeUsuariosTest_testValidarUsuarioTokenCorrectos_TestD2Ev
FN:28,_ZN60SesionesDeUsuariosTest_testValidarUsuarioTokenCorrectos_Test8TestBodyEv
FN:28,_ZN60SesionesDeUsuariosTest_testValidarUsuarioTokenCorrectos_TestD0Ev
FN:28,_ZN60SesionesDeUsuariosTest_testValidarUsuarioTokenCorrectos_TestC2Ev
FN:34,_ZN62SesionesDeUsuariosTest_testValidarUsuarioTokenIncorrectos_TestC2Ev
FN:34,_ZN62SesionesDeUsuariosTest_testValidarUsuarioTokenIncorrectos_TestD0Ev
FN:34,_ZN62SesionesDeUsuariosTest_testValidarUsuarioTokenIncorrectos_Test8TestBodyEv
FN:34,_ZN62SesionesDeUsuariosTest_testValidarUsuarioTokenIncorrectos_TestD2Ev
FN:41,_GLOBAL__sub_I__ZN57SesionesDeUsuariosTest_testAgregarUnaSesionDeUsuario_Test10test_info_E
FNDA:0,_ZN22SesionesDeUsuariosTestD0Ev
FNDA:30,_ZN22SesionesDeUsuariosTestD2Ev
FNDA:30,_ZN22SesionesDeUsuariosTestC2Ev
FNDA:30,_ZN22SesionesDeUsuariosTest5SetUpEv
FNDA:30,_ZN22SesionesDeUsuariosTest8TearDownEv
FNDA:10,_ZN57SesionesDeUsuariosTest_testAgregarUnaSesionDeUsuario_TestD0Ev
FNDA:10,_ZN57SesionesDeUsuariosTest_testAgregarUnaSesionDeUsuario_TestD2Ev
FNDA:10,_ZN57SesionesDeUsuariosTest_testAgregarUnaSesionDeUsuario_Test8TestBodyEv
FNDA:10,_ZN57SesionesDeUsuariosTest_testAgregarUnaSesionDeUsuario_TestC2Ev
FNDA:10,_ZN60SesionesDeUsuariosTest_testValidarUsuarioTokenCorrectos_TestD0Ev
FNDA:10,_ZN60SesionesDeUsuariosTest_testValidarUsuarioTokenCorrectos_TestD2Ev
FNDA:10,_ZN60SesionesDeUsuariosTest_testValidarUsuarioTokenCorrectos_Test8TestBodyEv
FNDA:10,_ZN60SesionesDeUsuariosTest_testValidarUsuarioTokenCorrectos_TestC2Ev
FNDA:10,_ZN62SesionesDeUsuariosTest_testValidarUsuarioTokenIncorrectos_TestD0Ev
FNDA:10,_ZN62SesionesDeUsuariosTest_testValidarUsuarioTokenIncorrectos_TestD2Ev
FNDA:10,_ZN62SesionesDeUsuariosTest_testValidarUsuarioTokenIncorrectos_Test8TestBodyEv
FNDA:10,_ZN62SesionesDeUsuariosTest_testValidarUsuarioTokenIncorrectos_TestC2Ev
FNDA:10,_GLOBAL__sub_I__ZN57SesionesDeUsuariosTest_testAgregarUnaSesionDeUsuario_Test10test_info_E
FNDA:10,_Z41__static_initialization_and_destruction_0ii
FNF:19
FNH:18
DA:6,60
DA:9,30
DA:10,30
DA:11,30
DA:13,30
DA:14,30
DA:15,30
DA:22,50
DA:23,10
DA:24,10
DA:28,50
DA:29,10
DA:30,10
DA:34,50
DA:36,10
DA:37,10
DA:38,10
DA:39,10
DA:41,30
LF:19
LH:19
end_of_record
SF:/usr/include/c++/4.8/bits/basic_string.h
FN:272,_ZNSs12_Alloc_hiderD2Ev
FNDA:0,_ZNSs12_Alloc_hiderD2Ev
FNF:1
FNH:0
DA:272,0
LF:1
LH:0
end_of_record
SF:/usr/include/c++/4.8/ext/atomicity.h
FN:48,_ZN9__gnu_cxxL18__exchange_and_addEPVii
FN:65,_ZN9__gnu_cxxL25__exchange_and_add_singleEPii
FN:78,_ZN9__gnu_cxxL27__exchange_and_add_dispatchEPii
[...]
FN:1119,_ZNSt8_Rb_treeISsSt4pairIKSsSsESt10_Select1stIS2_ESt4lessISsESaIS2_EE8_M_eraseEPSt13_Rb_tree_nodeIS2_E
FNDA:0,_ZNSt18_Rb_tree_node_base10_S_minimumEPS_
FNDA:0,_ZNSt18_Rb_tree_node_base10_S_maximumEPS_
FNDA:0,_ZNSt13_Rb_tree_nodeISt4pairIKSsSsEED2Ev
FNDA:0,_ZNSt13_Rb_tree_nodeISt4pairIKSsSsEEC2IIRKS2_EEEDpOT_
FNDA:0,_ZNSt8_Rb_treeISsSt4pairIKSsSsESt10_Select1stIS2_ESt4lessISsESaIS2_EE21_M_get_Node_allocatorEv
FNDA:0,_ZNSt8_Rb_treeISsSt4pairIKSsSsESt10_Select1stIS2_ESt4lessISsESaIS2_EE11_M_get_nodeEv
FNDA:0,_ZNSt8_Rb_treeISsSt4pairIKSsSsESt10_Select1stIS2_ESt4lessISsESaIS2_EE11_M_put_nodeEPSt13_Rb_tree_nodeIS2_E
FNDA:0,_ZNSt8_Rb_treeISsSt4pairIKSsSsESt10_Select1stIS2_ESt4lessISsESaIS2_EE14_M_create_nodeIIRKS2_EEEPSt13_Rb_tree_nodeIS2_EDpOT_
FNDA:0,_ZNSt8_Rb_treeISsSt4pairIKSsSsESt10_Select1stIS2_ESt4lessISsESaIS2_EE15_M_destroy_nodeEPSt13_Rb_tree_nodeIS2_E
FNDA:0,_ZNSt8_Rb_treeISsSt4pairIKSsSsESt10_Select1stIS2_ESt4lessISsESaIS2_EE13_M_clone_nodeEPKSt13_Rb_tree_nodeIS2_E
FNDA:0,_ZNSt8_Rb_treeISsSt4pairIKSsSsESt10_Select1stIS2_ESt4lessISsESaIS2_EE7_M_rootEv
FNDA:0,_ZNKSt8_Rb_treeISsSt4pairIKSsSsESt10_Select1stIS2_ESt4lessISsESaIS2_EE7_M_rootEv
FNDA:0,_ZNSt8_Rb_treeISsSt4pairIKSsSsESt10_Select1stIS2_ESt4lessISsESaIS2_EE11_M_leftmostEv
FNDA:0,_ZNSt8_Rb_treeISsSt4pairIKSsSsESt10_Select1stIS2_ESt4lessISsESaIS2_EE12_M_rightmostEv
FNDA:0,_ZNSt8_Rb_treeISsSt4pairIKSsSsESt10_Select1stIS2_ESt4lessISsESaIS2_EE8_M_beginEv
FNDA:0,_ZNKSt8_Rb_treeISsSt4pairIKSsSsESt10_Select1stIS2_ESt4lessISsESaIS2_EE8_M_beginEv
FNDA:0,_ZNSt8_Rb_treeISsSt4pairIKSsSsESt10_Select1stIS2_ESt4lessISsESaIS2_EE6_M_endEv
FNDA:0,_ZNSt8_Rb_treeISsSt4pairIKSsSsESt10_Select1stIS2_ESt4lessISsESaIS2_EE7_S_leftEPSt18_Rb_tree_node_base
FNDA:0,_ZNSt8_Rb_treeISsSt4pairIKSsSsESt10_Select1stIS2_ESt4lessISsESaIS2_EE7_S_leftEPKSt18_Rb_tree_node_base
FNDA:0,_ZNSt8_Rb_treeISsSt4pairIKSsSsESt10_Select1stIS2_ESt4lessISsESaIS2_EE8_S_rightEPSt18_Rb_tree_node_base
FNDA:0,_ZNSt8_Rb_treeISsSt4pairIKSsSsESt10_Select1stIS2_ESt4lessISsESaIS2_EE8_S_rightEPKSt18_Rb_tree_node_base
FNDA:0,_ZNSt8_Rb_treeISsSt4pairIKSsSsESt10_Select1stIS2_ESt4lessISsESaIS2_EE10_S_minimumEPSt18_Rb_tree_node_base
FNDA:0,_ZNSt8_Rb_treeISsSt4pairIKSsSsESt10_Select1stIS2_ESt4lessISsESaIS2_EE10_S_maximumEPSt18_Rb_tree_node_base
FNDA:0,_ZNSt8_Rb_treeISsSt4pairIKSsSsESt10_Select1stIS2_ESt4lessISsESaIS2_EE5clearEv
FNDA:0,_ZNSt8_Rb_treeISsSt4pairIKSsSsESt10_Select1stIS2_ESt4lessISsESaIS2_EEaSERKS8_
FNDA:0,_ZNSt8_Rb_treeISsSt4pairIKSsSsESt10_Select1stIS2_ESt4lessISsESaIS2_EE7_M_copyEPKSt13_Rb_tree_nodeIS2_EPSA_
FNDA:0,_ZNSt8_Rb_treeISsSt4pairIKSsSsESt10_Select1stIS2_ESt4lessISsESaIS2_EE8_M_eraseEPSt13_Rb_tree_nodeIS2_E
FNF:27
FNH:0
DA:102,0
DA:104,0
DA:105,0
DA:116,0
DA:118,0
DA:119,0
DA:131,0
DA:138,0
DA:140,0
DA:356,0
DA:357,0
DA:369,0
DA:370,0
DA:373,0
DA:374,0
DA:401,0
DA:403,0
DA:406,0
DA:407,0
DA:408,0
DA:410,=====
DA:412,=====
DA:413,=====
DA:415,0
DA:419,0
DA:421,0
DA:422,0
DA:423,0
DA:427,0
DA:429,0
DA:430,0
DA:431,0
DA:432,0
DA:433,0
DA:477,0
DA:478,0
DA:481,0
DA:482,0
DA:485,0
DA:486,0
DA:493,0
DA:494,0
DA:501,0
DA:502,0
DA:505,0
DA:508,0
DA:512,0
DA:513,0
DA:528,0
DA:529,0
DA:532,0
DA:533,0
DA:536,0
DA:537,0
DA:540,0
DA:541,0
DA:552,0
DA:553,0
DA:560,0
DA:561,0
DA:858,0
DA:860,0
DA:861,0
DA:862,0
DA:863,0
DA:864,0
DA:865,0
DA:987,0
DA:990,0
DA:993,0
DA:995,0
DA:997,0
DA:998,0
DA:999,0
DA:1000,0
DA:1003,0
DA:1083,0
DA:1087,0
DA:1088,0
DA:1092,0
DA:1093,0
DA:1094,0
DA:1095,0
DA:1097,0
DA:1099,0
DA:1100,0
DA:1101,0
DA:1102,0
DA:1103,0
DA:1104,0
DA:1105,0
DA:1108,=====
DA:1110,=====
DA:1111,=====
DA:1113,0
DA:1119,0
DA:1123,0
DA:1125,0
DA:1126,0
DA:1127,0
DA:1128,0
DA:1130,0
LF:102
LH:0
end_of_record
SF:/usr/include/c++/4.8/bits/stl_vector.h
FN:79,_ZNSt12_Vector_baseISsSaISsEE12_Vector_implD2Ev
FN:113,_ZNSt12_Vector_baseISsSaISsEE19_M_get_Tp_allocatorEv
FN:159,_ZNSt12_Vector_baseISsSaISsEED2Ev
FN:171,_ZNSt12_Vector_baseISsSaISsEE13_M_deallocateEPSsm
FN:414,_ZNSt6vectorISsSaISsEED2Ev
FNDA:1790,_ZNSt12_Vector_baseISsSaISsEE12_Vector_implD2Ev
FNDA:11890,_ZNSt12_Vector_baseISsSaISsEE19_M_get_Tp_allocatorEv
FNDA:1790,_ZNSt12_Vector_baseISsSaISsEED2Ev
FNDA:6600,_ZNSt12_Vector_baseISsSaISsEE13_M_deallocateEPSsm
FNDA:1790,_ZNSt6vectorISsSaISsEED2Ev
FNF:5
FNH:5
DA:79,1790
DA:113,11890
DA:114,11890
DA:159,1790
DA:160,1790
DA:161,3580
DA:171,6600
DA:173,6600
DA:174,4080
DA:175,6600
DA:414,1790
DA:415,1790
DA:416,3580
LF:13
LH:13
end_of_record
SF:/usr/include/c++/4.8/ext/atomicity.h
FN:48,_ZN9__gnu_cxxL18__exchange_and_addEPVii
FN:65,_ZN9__gnu_cxxL25__exchange_and_add_singleEPii
FN:78,_ZN9__gnu_cxxL27__exchange_and_add_dispatchEPii
FNDA:0,_ZN9__gnu_cxxL18__exchange_and_addEPVii
FNDA:0,_ZN9__gnu_cxxL25__exchange_and_add_singleEPii
FNDA:0,_ZN9__gnu_cxxL27__exchange_and_add_dispatchEPii
FNF:3
FNH:0
DA:48,0
DA:49,0
DA:65,0
DA:67,0
DA:68,0
DA:69,0
DA:78,0
DA:81,0
DA:82,0
DA:84,0
LF:10
LH:0
end_of_record
SF:/usr/include/c++/4.8/ext/new_allocator.h
FN:79,_ZN9__gnu_cxx13new_allocatorIcEC2Ev
FN:81,_ZN9__gnu_cxx13new_allocatorIcEC2ERKS1_
FN:86,_ZN9__gnu_cxx13new_allocatorISsED2Ev
FN:86,_ZN9__gnu_cxx13new_allocatorIcED2Ev
FN:99,_ZN9__gnu_cxx13new_allocatorISt13_Rb_tree_nodeISt4pairIKSsSsEEE8allocateEmPKv
FN:109,_ZN9__gnu_cxx13new_allocatorISt13_Rb_tree_nodeISt4pairIKSsSsEEE10deallocateEPS5_m
FN:109,_ZN9__gnu_cxx13new_allocatorISsE10deallocateEPSsm
FN:113,_ZNK9__gnu_cxx13new_allocatorISt13_Rb_tree_nodeISt4pairIKSsSsEEE8max_sizeEv
FN:119,_ZN9__gnu_cxx13new_allocatorISt13_Rb_tree_nodeISt4pairIKSsSsEEE9constructIS5_IRKS4_EEEvPT_DpOT0_
FN:124,_ZN9__gnu_cxx13new_allocatorISt13_Rb_tree_nodeISt4pairIKSsSsEEE7destroyIS5_EEvPT_
FNDA:0,_ZN9__gnu_cxx13new_allocatorIcEC2Ev
FNDA:0,_ZN9__gnu_cxx13new_allocatorIcEC2ERKS1_
FNDA:1790,_ZN9__gnu_cxx13new_allocatorISsED2Ev
FNDA:0,_ZN9__gnu_cxx13new_allocatorIcED2Ev
FNDA:0,_ZN9__gnu_cxx13new_allocatorISt13_Rb_tree_nodeISt4pairIKSsSsEEE8allocateEmPKv
FNDA:0,_ZN9__gnu_cxx13new_allocatorISt13_Rb_tree_nodeISt4pairIKSsSsEEE10deallocateEPS5_m
FNDA:4080,_ZN9__gnu_cxx13new_allocatorISsE10deallocateEPSsm
FNDA:0,_ZNK9__gnu_cxx13new_allocatorISt13_Rb_tree_nodeISt4pairIKSsSsEEE8max_sizeEv
FNDA:0,_ZN9__gnu_cxx13new_allocatorISt13_Rb_tree_nodeISt4pairIKSsSsEEE9constructIS5_IRKS4_EEEvPT_DpOT0_
FNDA:0,_ZN9__gnu_cxx13new_allocatorISt13_Rb_tree_nodeISt4pairIKSsSsEEE7destroyIS5_EEvPT_
FNF:10
FNH:2
DA:79,0
DA:81,0
DA:86,1790
DA:99,0
DA:101,0
DA:102,0
DA:104,0
DA:109,4080
DA:110,4080
DA:113,0
DA:114,0
DA:119,0
DA:120,0
DA:124,0
LF:14
LH:3
end_of_record
SF:/usr/include/c++/4.8/iostream
DA:74,10
LF:1
LH:1
end_of_record
SF:/usr/include/c++/4.8/new
FN:109,_ZnwmPv
FN:115,_ZdlPvS_
FNDA:0,_ZnwmPv
FNDA:0,_ZdlPvS_
FNF:2
FNH:0
DA:109,0
DA:110,0
DA:115,0
LF:3
LH:0
end_of_record
SF:/usr/include/x86_64-linux-gnu/c++/4.8/bits/gthr-default.h
FN:247,_ZL18__gthread_active_pv
FNDA:0,_ZL18__gthread_active_pv
FNF:1
FNH:0
DA:247,0
DA:251,0
LF:2
LH:0
end_of_record
TN:
SF:/home/diego/Desktop/taller2-appserver/Appserver/src/servicios/MensajeHTTP.h
FN:11,_ZN11MensajeHTTPC2ERKS_
FNDA:0,_ZN11MensajeHTTPC2ERKS_
FNF:1
FNH:0
DA:11,0
LF:1
LH:0
end_of_record
SF:/home/diego/Desktop/taller2-appserver/Appserver/src/servicios/MensajeHTTPRequest.h
FN:9,_ZN18MensajeHTTPRequestC2ERKS_
FNDA:0,_ZN18MensajeHTTPRequestC2ERKS_
FNF:1
FNH:0
DA:9,0
LF:1
LH:0
end_of_record
SF:/home/diego/Desktop/taller2-appserver/Appserver/src/servidor/Servidor.cpp
FN:3,_ZN8ServidorC2Ev
FN:28,_ZN8Servidor15iniciarServidorEv
FN:33,_ZN8Servidor18iniciarBaseDeDatosEv
FN:42,_ZN8Servidor23getRespuestaDelServicioE18MensajeHTTPRequest
FN:100,_ZN8ServidorD2Ev
FN:100,_ZN8ServidorD0Ev
FN:103,_GLOBAL__sub_I__ZN8ServidorC2Ev
FN:103,_Z41__static_initialization_and_destruction_0ii
FNDA:0,_ZN8ServidorC2Ev
FNDA:0,_ZN8Servidor15iniciarServidorEv
FNDA:0,_ZN8Servidor18iniciarBaseDeDatosEv
FNDA:0,_ZN8Servidor23getRespuestaDelServicioE18MensajeHTTPRequest
FNDA:0,_ZN8ServidorD0Ev
FNDA:0,_ZN8ServidorD2Ev
FNDA:10,_GLOBAL__sub_I__ZN8ServidorC2Ev
FNDA:10,_Z41__static_initialization_and_destruction_0ii
FNF:8
FNH:2
DA:3,0
DA:24,0
DA:26,0
DA:28,0
DA:29,0
DA:30,0
DA:33,0
DA:34,0
DA:35,0
DA:36,0
DA:42,0
DA:43,0
DA:45,0
DA:48,0
DA:51,0
DA:52,0
DA:53,0
DA:55,0
DA:58,0
DA:59,0
DA:60,0
DA:62,0
DA:65,0
DA:66,0
DA:67,0
DA:69,0
DA:72,0
DA:73,0
DA:74,0
DA:76,0
DA:80,0
DA:82,0
DA:85,0
DA:87,0
DA:91,0
DA:92,0
DA:94,0
DA:97,0
DA:100,0
DA:101,0
DA:102,0
DA:103,30
LF:42
LH:1
end_of_record
SF:/usr/include/c++/4.8/bits/alloc_traits.h
FN:253,_ZNSt16allocator_traitsISaISt13_Rb_tree_nodeISt4pairIKSsSsEEEE12_S_constructIS4_IRKS3_EEENSt9enable_ifIXsrNS6_18__construct_helperIT_IDpT0_EEE5valueEvE4typeERS5_PSC_DpOSD_
FN:391,_ZNSt16allocator_traitsISaISt13_Rb_tree_nodeISt4pairIKSsSsEEEE9constructIS4_IRKS3_EEEDTcl12_S_constructfp_fp0_spcl7forwardIT0_Efp1_EEERS5_PT_DpOSA_
FNDA:0,_ZNSt16allocator_traitsISaISt13_Rb_tree_nodeISt4pairIKSsSsEEEE12_S_constructIS4_IRKS3_EEENSt9enable_ifIXsrNS6_18__construct_helperIT_IDpT0_EEE5valueEvE4typeERS5_PSC_DpOSD_
FNDA:0,_ZNSt16allocator_traitsISaISt13_Rb_tree_nodeISt4pairIKSsSsEEEE9constructIS4_IRKS3_EEEDTcl12_S_constructfp_fp0_spcl7forwardIT0_Efp1_EEERS5_PT_DpOSA_
FNF:2
FNH:0
DA:253,0
DA:254,0
DA:391,0
DA:393,0
LF:4
LH:0
end_of_record
SF:/usr/include/c++/4.8/bits/allocator.h
FN:115,_ZNSaISt13_Rb_tree_nodeISt4pairIKSsSsEEEC2ERKS4_
FN:121,_ZNSaISt13_Rb_tree_nodeISt4pairIKSsSsEEED2Ev
FNDA:0,_ZNSaISt13_Rb_tree_nodeISt4pairIKSsSsEEEC2ERKS4_
FNDA:0,_ZNSaISt13_Rb_tree_nodeISt4pairIKSsSsEEED2Ev
FNF:2
FNH:0
DA:115,0
DA:116,0
DA:121,0
LF:3
LH:0
end_of_record
SF:/usr/include/c++/4.8/bits/basic_string.h
FN:272,_ZNSs12_Alloc_hiderD2Ev
FNDA:0,_ZNSs12_Alloc_hiderD2Ev
FNF:1
FNH:0
DA:272,0
LF:1
LH:0
end_of_record
SF:/usr/include/c++/4.8/bits/char_traits.h
FN:258,_ZNSt11char_traitsIcE6lengthEPKc
FNDA:0,_ZNSt11char_traitsIcE6lengthEPKc
FNF:1
FNH:0
DA:258,0
DA:259,0
LF:2
LH:0
end_of_record
SF:/usr/include/c++/4.8/bits/ios_base.h
FN:163,_ZStorSt12_Ios_IostateS_
FNDA:0,_ZStorSt12_Ios_IostateS_
FNF:1
FNH:0
DA:163,0
DA:164,0
LF:2
LH:0
end_of_record
SF:/usr/include/c++/4.8/bits/move.h
FN:76,_ZSt7forwardIRKSt4pairIKSsSsEEOT_RNSt16remove_referenceIS5_E4typeE
FNDA:0,_ZSt7forwardIRKSt4pairIKSsSsEEOT_RNSt16remove_referenceIS5_E4typeE
FNF:1
FNH:0
DA:76,0
DA:77,0
LF:2
LH:0
end_of_record
SF:/usr/include/c++/4.8/bits/stl_map.h
FN:180,_ZNSt3mapISsSsSt4lessISsESaISt4pairIKSsSsEEEC2ERKS6_
FNDA:0,_ZNSt3mapISsSsSt4lessISsESaISt4pairIKSsSsEEEC2ERKS6_
FNF:1
FNH:0
DA:180,0
DA:181,0
LF:2
LH:0
end_of_record
SF:/usr/include/c++/4.8/bits/stl_pair.h
FN:96,_ZNSt4pairIKSsSsED2Ev
FN:127,_ZNSt4pairIKSsSsEC2ERKS1_
FNDA:0,_ZNSt4pairIKSsSsED2Ev
FNDA:0,_ZNSt4pairIKSsSsEC2ERKS1_
FNF:2
FNH:0
DA:96,0
DA:127,0
LF:2
LH:0
end_of_record
SF:/usr/include/c++/4.8/bits/stl_tree.h
FN:102,_ZNSt18_Rb_tree_node_base10_S_minimumEPS_
FN:116,_ZNSt18_Rb_tree_node_base10_S_maximumEPS_
FN:131,_ZNSt13_Rb_tree_nodeISt4pairIKSsSsEED2Ev
FN:138,_ZNSt13_Rb_tree_nodeISt4pairIKSsSsEEC2IIRKS2_EEEDpOT_
FN:356,_ZNSt8_Rb_treeISsSt4pairIKSsSsESt10_Select1stIS2_ESt4lessISsESaIS2_EE21_M_get_Node_allocatorEv
FN:360,_ZNKSt8_Rb_treeISsSt4pairIKSsSsESt10_Select1stIS2_ESt4lessISsESaIS2_EE21_M_get_Node_allocatorEv
FN:369,_ZNSt8_Rb_treeISsSt4pairIKSsSsESt10_Select1stIS2_ESt4lessISsESaIS2_EE11_M_get_nodeEv
FN:373,_ZNSt8_Rb_treeISsSt4pairIKSsSsESt10_Select1stIS2_ESt4lessISsESaIS2_EE11_M_put_nodeEPSt13_Rb_tree_nodeIS2_E
FN:401,_ZNSt8_Rb_treeISsSt4pairIKSsSsESt10_Select1stIS2_ESt4lessISsESaIS2_EE14_M_create_nodeIIRKS2_EEEPSt13_Rb_tree_nodeIS2_EDpOT_
FN:419,_ZNSt8_Rb_treeISsSt4pairIKSsSsESt10_Select1stIS2_ESt4lessISsESaIS2_EE15_M_destroy_nodeEPSt13_Rb_tree_nodeIS2_E
FN:427,_ZNSt8_Rb_treeISsSt4pairIKSsSsESt10_Select1stIS2_ESt4lessISsESaIS2_EE13_M_clone_nodeEPKSt13_Rb_tree_nodeIS2_E
FN:439,_ZNSt8_Rb_treeISsSt4pairIKSsSsESt10_Select1stIS2_ESt4lessISsESaIS2_EE13_Rb_tree_implIS6_Lb1EED2Ev
FN:450,_ZNSt8_Rb_treeISsSt4pairIKSsSsESt10_Select1stIS2_ESt4lessISsESaIS2_EE13_Rb_tree_implIS6_Lb1EEC2ERKS6_RKSaISt13_Rb_tree_nodeIS2_EE
FN:464,_ZNSt8_Rb_treeISsSt4pairIKSsSsESt10_Select1stIS2_ESt4lessISsESaIS2_EE13_Rb_tree_implIS6_Lb1EE13_M_initializeEv
FN:477,_ZNSt8_Rb_treeISsSt4pairIKSsSsESt10_Select1stIS2_ESt4lessISsESaIS2_EE7_M_rootEv
FN:481,_ZNKSt8_Rb_treeISsSt4pairIKSsSsESt10_Select1stIS2_ESt4lessISsESaIS2_EE7_M_rootEv
FN:485,_ZNSt8_Rb_treeISsSt4pairIKSsSsESt10_Select1stIS2_ESt4lessISsESaIS2_EE11_M_leftmostEv
FN:493,_ZNSt8_Rb_treeISsSt4pairIKSsSsESt10_Select1stIS2_ESt4lessISsESaIS2_EE12_M_rightmostEv
FN:505,_ZNKSt8_Rb_treeISsSt4pairIKSsSsESt10_Select1stIS2_ESt4lessISsESaIS2_EE8_M_beginEv
FN:512,_ZNSt8_Rb_treeISsSt4pairIKSsSsESt10_Select1stIS2_ESt4lessISsESaIS2_EE6_M_endEv
FN:528,_ZNSt8_Rb_treeISsSt4pairIKSsSsESt10_Select1stIS2_ESt4lessISsESaIS2_EE7_S_leftEPSt18_Rb_tree_node_base
FN:532,_ZNSt8_Rb_treeISsSt4pairIKSsSsESt10_Select1stIS2_ESt4lessISsESaIS2_EE7_S_leftEPKSt18_Rb_tree_node_base
FN:536,_ZNSt8_Rb_treeISsSt4pairIKSsSsESt10_Select1stIS2_ESt4lessISsESaIS2_EE8_S_rightEPSt18_Rb_tree_node_base
FN:540,_ZNSt8_Rb_treeISsSt4pairIKSsSsESt10_Select1stIS2_ESt4lessISsESaIS2_EE8_S_rightEPKSt18_Rb_tree_node_base
FN:552,_ZNSt8_Rb_treeISsSt4pairIKSsSsESt10_Select1stIS2_ESt4lessISsESaIS2_EE10_S_minimumEPSt18_Rb_tree_node_base
FN:560,_ZNSt8_Rb_treeISsSt4pairIKSsSsESt10_Select1stIS2_ESt4lessISsESaIS2_EE10_S_maximumEPSt18_Rb_tree_node_base
FN:654,_ZNSt8_Rb_treeISsSt4pairIKSsSsESt10_Select1stIS2_ESt4lessISsESaIS2_EEC2ERKS8_
FN:1083,_ZNSt8_Rb_treeISsSt4pairIKSsSsESt10_Select1stIS2_ESt4lessISsESaIS2_EE7_M_copyEPKSt13_Rb_tree_nodeIS2_EPSA_
FN:1119,_ZNSt8_Rb_treeISsSt4pairIKSsSsESt10_Select1stIS2_ESt4lessISsESaIS2_EE8_M_eraseEPSt13_Rb_tree_nodeIS2_E
FNDA:0,_ZNSt18_Rb_tree_node_base10_S_minimumEPS_
FNDA:0,_ZNSt18_Rb_tree_node_base10_S_maximumEPS_
FNDA:0,_ZNSt13_Rb_tree_nodeISt4pairIKSsSsEED2Ev
FNDA:0,_ZNSt13_Rb_tree_nodeISt4pairIKSsSsEEC2IIRKS2_EEEDpOT_
FNDA:0,_ZNSt8_Rb_treeISsSt4pairIKSsSsESt10_Select1stIS2_ESt4lessISsESaIS2_EE21_M_get_Node_allocatorEv
FNDA:0,_ZNKSt8_Rb_treeISsSt4pairIKSsSsESt10_Select1stIS2_ESt4lessISsESaIS2_EE21_M_get_Node_allocatorEv
FNDA:0,_ZNSt8_Rb_treeISsSt4pairIKSsSsESt10_Select1stIS2_ESt4lessISsESaIS2_EE11_M_get_nodeEv
FNDA:0,_ZNSt8_Rb_treeISsSt4pairIKSsSsESt10_Select1stIS2_ESt4lessISsESaIS2_EE11_M_put_nodeEPSt13_Rb_tree_nodeIS2_E
FNDA:0,_ZNSt8_Rb_treeISsSt4pairIKSsSsESt10_Select1stIS2_ESt4lessISsESaIS2_EE14_M_create_nodeIIRKS2_EEEPSt13_Rb_tree_nodeIS2_EDpOT_
FNDA:0,_ZNSt8_Rb_treeISsSt4pairIKSsSsESt10_Select1stIS2_ESt4lessISsESaIS2_EE15_M_destroy_nodeEPSt13_Rb_tree_nodeIS2_E
FNDA:0,_ZNSt8_Rb_treeISsSt4pairIKSsSsESt10_Select1stIS2_ESt4lessISsESaIS2_EE13_M_clone_nodeEPKSt13_Rb_tree_nodeIS2_E
FNDA:0,_ZNSt8_Rb_treeISsSt4pairIKSsSsESt10_Select1stIS2_ESt4lessISsESaIS2_EE13_Rb_tree_implIS6_Lb1EED2Ev
FNDA:0,_ZNSt8_Rb_treeISsSt4pairIKSsSsESt10_Select1stIS2_ESt4lessISsESaIS2_EE13_Rb_tree_implIS6_Lb1EEC2ERKS6_RKSaISt13_Rb_tree_nodeIS2_EE
FNDA:0,_ZNSt8_Rb_treeISsSt4pairIKSsSsESt10_Select1stIS2_ESt4lessISsESaIS2_EE13_Rb_tree_implIS6_Lb1EE13_M_initializeEv
FNDA:0,_ZNSt8_Rb_treeISsSt4pairIKSsSsESt10_Select1stIS2_ESt4lessISsESaIS2_EE7_M_rootEv
FNDA:0,_ZNKSt8_Rb_treeISsSt4pairIKSsSsESt10_Select1stIS2_ESt4lessISsESaIS2_EE7_M_rootEv
FNDA:0,_ZNSt8_Rb_treeISsSt4pairIKSsSsESt10_Select1stIS2_ESt4lessISsESaIS2_EE11_M_leftmostEv
FNDA:0,_ZNSt8_Rb_treeISsSt4pairIKSsSsESt10_Select1stIS2_ESt4lessISsESaIS2_EE12_M_rightmostEv
FNDA:0,_ZNKSt8_Rb_treeISsSt4pairIKSsSsESt10_Select1stIS2_ESt4lessISsESaIS2_EE8_M_beginEv
FNDA:0,_ZNSt8_Rb_treeISsSt4pairIKSsSsESt10_Select1stIS2_ESt4lessISsESaIS2_EE6_M_endEv
FNDA:0,_ZNSt8_Rb_treeISsSt4pairIKSsSsESt10_Select1stIS2_ESt4lessISsESaIS2_EE7_S_leftEPSt18_Rb_tree_node_base
FNDA:0,_ZNSt8_Rb_treeISsSt4pairIKSsSsESt10_Select1stIS2_ESt4lessISsESaIS2_EE7_S_leftEPKSt18_Rb_tree_node_base
FNDA:0,_ZNSt8_Rb_treeISsSt4pairIKSsSsESt10_Select1stIS2_ESt4lessISsESaIS2_EE8_S_rightEPSt18_Rb_tree_node_base
FNDA:0,_ZNSt8_Rb_treeISsSt4pairIKSsSsESt10_Select1stIS2_ESt4lessISsESaIS2_EE8_S_rightEPKSt18_Rb_tree_node_base
FNDA:0,_ZNSt8_Rb_treeISsSt4pairIKSsSsESt10_Select1stIS2_ESt4lessISsESaIS2_EE10_S_minimumEPSt18_Rb_tree_node_base
FNDA:0,_ZNSt8_Rb_treeISsSt4pairIKSsSsESt10_Select1stIS2_ESt4lessISsESaIS2_EE10_S_maximumEPSt18_Rb_tree_node_base
FNDA:0,_ZNSt8_Rb_treeISsSt4pairIKSsSsESt10_Select1stIS2_ESt4lessISsESaIS2_EEC2ERKS8_
FNDA:0,_ZNSt8_Rb_treeISsSt4pairIKSsSsESt10_Select1stIS2_ESt4lessISsESaIS2_EE7_M_copyEPKSt13_Rb_tree_nodeIS2_EPSA_
FNDA:0,_ZNSt8_Rb_treeISsSt4pairIKSsSsESt10_Select1stIS2_ESt4lessISsESaIS2_EE8_M_eraseEPSt13_Rb_tree_nodeIS2_E
FNF:29
FNH:0
DA:102,0
DA:104,0
DA:105,0
DA:116,0
DA:118,0
DA:119,0
DA:131,0
DA:138,0
DA:140,0
DA:356,0
DA:357,0
DA:360,0
DA:361,0
DA:369,0
DA:370,0
DA:373,0
DA:374,0
DA:401,0
DA:403,0
DA:406,0
DA:407,0
DA:408,0
DA:410,=====
DA:412,=====
DA:413,=====
DA:415,0
DA:419,0
DA:421,0
DA:422,0
DA:423,0
DA:427,0
DA:429,0
DA:430,0
DA:431,0
DA:432,0
DA:433,0
DA:439,0
DA:450,0
DA:452,0
DA:453,0
DA:464,0
DA:466,0
DA:467,0
DA:468,0
DA:469,0
DA:470,0
DA:477,0
DA:478,0
DA:481,0
DA:482,0
DA:485,0
DA:486,0
DA:493,0
DA:494,0
DA:505,0
DA:508,0
DA:512,0
DA:513,0
DA:528,0
DA:529,0
DA:532,0
DA:533,0
DA:536,0
DA:537,0
DA:540,0
DA:541,0
DA:552,0
DA:553,0
DA:560,0
DA:561,0
DA:654,0
DA:655,0
DA:657,0
DA:659,0
DA:660,0
DA:661,0
DA:662,0
DA:664,0
DA:1083,0
DA:1087,0
DA:1088,0
DA:1092,0
DA:1093,0
DA:1094,0
DA:1095,0
DA:1097,0
DA:1099,0
DA:1100,0
DA:1101,0
DA:1102,0
DA:1103,0
DA:1104,0
DA:1105,0
DA:1108,=====
DA:1110,=====
DA:1111,=====
DA:1113,0
DA:1119,0
DA:1123,0
DA:1125,0
DA:1126,0
DA:1127,0
DA:1128,0
DA:1130,0
LF:104
LH:0
end_of_record
SF:/usr/include/c++/4.8/ext/atomicity.h
FN:48,_ZN9__gnu_cxxL18__exchange_and_addEPVii
FN:65,_ZN9__gnu_cxxL25__exchange_and_add_singleEPii
FN:78,_ZN9__gnu_cxxL27__exchange_and_add_dispatchEPii
FNDA:0,_ZN9__gnu_cxxL18__exchange_and_addEPVii
FNDA:0,_ZN9__gnu_cxxL25__exchange_and_add_singleEPii
FNDA:0,_ZN9__gnu_cxxL27__exchange_and_add_dispatchEPii
FNF:3
FNH:0
DA:48,0
DA:49,0
DA:65,0
DA:67,0
DA:68,0
DA:69,0
DA:78,0
DA:81,0
DA:82,0
DA:84,0
LF:10
LH:0
end_of_record
SF:/usr/include/c++/4.8/ext/new_allocator.h
FN:79,_ZN9__gnu_cxx13new_allocatorIcEC2Ev
FN:81,_ZN9__gnu_cxx13new_allocatorISt13_Rb_tree_nodeISt4pairIKSsSsEEEC2ERKS6_
FN:81,_ZN9__gnu_cxx13new_allocatorIcEC2ERKS1_
FN:86,_ZN9__gnu_cxx13new_allocatorISt13_Rb_tree_nodeISt4pairIKSsSsEEED2Ev
FN:86,_ZN9__gnu_cxx13new_allocatorIcED2Ev
FN:99,_ZN9__gnu_cxx13new_allocatorISt13_Rb_tree_nodeISt4pairIKSsSsEEE8allocateEmPKv
FN:109,_ZN9__gnu_cxx13new_allocatorISt13_Rb_tree_nodeISt4pairIKSsSsEEE10deallocateEPS5_m
FN:113,_ZNK9__gnu_cxx13new_allocatorISt13_Rb_tree_nodeISt4pairIKSsSsEEE8max_sizeEv
FN:119,_ZN9__gnu_cxx13new_allocatorISt13_Rb_tree_nodeISt4pairIKSsSsEEE9constructIS5_IRKS4_EEEvPT_DpOT0_
FN:124,_ZN9__gnu_cxx13new_allocatorISt13_Rb_tree_nodeISt4pairIKSsSsEEE7destroyIS5_EEvPT_
FNDA:0,_ZN9__gnu_cxx13new_allocatorIcEC2Ev
FNDA:0,_ZN9__gnu_cxx13new_allocatorISt13_Rb_tree_nodeISt4pairIKSsSsEEEC2ERKS6_
FNDA:0,_ZN9__gnu_cxx13new_allocatorIcEC2ERKS1_
FNDA:0,_ZN9__gnu_cxx13new_allocatorISt13_Rb_tree_nodeISt4pairIKSsSsEEED2Ev
FNDA:0,_ZN9__gnu_cxx13new_allocatorIcED2Ev
FNDA:0,_ZN9__gnu_cxx13new_allocatorISt13_Rb_tree_nodeISt4pairIKSsSsEEE8allocateEmPKv
FNDA:0,_ZN9__gnu_cxx13new_allocatorISt13_Rb_tree_nodeISt4pairIKSsSsEEE10deallocateEPS5_m
FNDA:0,_ZNK9__gnu_cxx13new_allocatorISt13_Rb_tree_nodeISt4pairIKSsSsEEE8max_sizeEv
FNDA:0,_ZN9__gnu_cxx13new_allocatorISt13_Rb_tree_nodeISt4pairIKSsSsEEE9constructIS5_IRKS4_EEEvPT_DpOT0_
FNDA:0,_ZN9__gnu_cxx13new_allocatorISt13_Rb_tree_nodeISt4pairIKSsSsEEE7destroyIS5_EEvPT_
FNF:10
FNH:0
DA:79,0
DA:81,0
DA:86,0
DA:99,0
DA:101,0
DA:102,0
DA:104,0
DA:109,0
DA:110,0
DA:113,0
DA:114,0
DA:119,0
DA:120,0
DA:124,0
LF:14
LH:0
end_of_record
SF:/usr/include/c++/4.8/iostream
DA:74,10
LF:1
LH:1
end_of_record
SF:/usr/include/c++/4.8/new
FN:109,_ZnwmPv
FN:115,_ZdlPvS_
FNDA:0,_ZnwmPv
FNDA:0,_ZdlPvS_
FNF:2
FNH:0
DA:109,0
DA:110,0
DA:115,0
LF:3
LH:0
end_of_record
SF:/usr/include/x86_64-linux-gnu/c++/4.8/bits/gthr-default.h
FN:247,_ZL18__gthread_active_pv
FNDA:0,_ZL18__gthread_active_pv
FNF:1
FNH:0
DA:247,0
DA:251,0
LF:2
LH:0
end_of_record
