TN:
SF:/home/taller2-appserver/Appserver/src/main.cpp
FN:9,main
FN:16,_Z41__static_initialization_and_destruction_0ii
FN:16,_GLOBAL__sub_I_main
FNDA:4,main
FNDA:4,_GLOBAL__sub_I_main
FNDA:4,_Z41__static_initialization_and_destruction_0ii
FNF:3
FNH:3
DA:9,4
DA:11,4
DA:12,4
DA:14,4
DA:16,12
LF:5
LH:5
end_of_record
SF:/usr/include/c++/4.8/iostream
DA:74,4
LF:1
LH:1
end_of_record
TN:
SF:/home/taller2-appserver/Appserver/src/external/json/json.h
FN:603,_ZN4Json12RuntimeErrorD0Ev
FN:603,_ZN4Json12RuntimeErrorD2Ev
FN:614,_ZN4Json10LogicErrorD2Ev
FN:614,_ZN4Json10LogicErrorD0Ev
FN:666,_ZN4Json12StaticStringC2EPKc
FN:670,_ZNK4Json12StaticString5c_strEv
FN:1159,_ZN4Json12PathArgumentD2Ev
FN:1159,_ZN4Json12PathArgumentC2EOS0_
FN:1159,_ZN4Json12PathArgumentC2ERKS0_
FN:1458,_ZN4Json6Reader15StructuredErrorC2EOS1_
FN:1458,_ZN4Json6Reader15StructuredErrorC2Ev
FN:1458,_ZN4Json6Reader15StructuredErrorC2ERKS1_
FN:1458,_ZN4Json6Reader15StructuredErrorD2Ev
FN:1597,_ZN4Json6Reader9ErrorInfoC2Ev
FN:1597,_ZN4Json6Reader9ErrorInfoC2ERKS1_
FN:1597,_ZN4Json6Reader9ErrorInfoD2Ev
FN:1661,_ZN4Json10CharReaderC2Ev
FN:1663,_ZN4Json10CharReaderD2Ev
FN:1663,_ZN4Json10CharReaderD0Ev
FN:1685,_ZN4Json10CharReader7FactoryC2Ev
FN:1687,_ZN4Json10CharReader7FactoryD0Ev
FN:1687,_ZN4Json10CharReader7FactoryD2Ev
FN:1888,_ZN4Json12StreamWriter7FactoryC2Ev
FN:1973,_ZN4Json6WriterC2Ev
FN:1993,_ZN4Json10FastWriterD0Ev
FN:1993,_ZN4Json10FastWriterD2Ev
FN:2045,_ZN4Json12StyledWriterD0Ev
FN:2045,_ZN4Json12StyledWriterD2Ev
FNDA:0,_ZN4Json12RuntimeErrorD0Ev
FNDA:0,_ZN4Json12RuntimeErrorD2Ev
FNDA:0,_ZN4Json10LogicErrorD0Ev
FNDA:0,_ZN4Json10LogicErrorD2Ev
FNDA:0,_ZN4Json12StaticStringC2EPKc
FNDA:0,_ZNK4Json12StaticString5c_strEv
FNDA:0,_ZN4Json12PathArgumentC2EOS0_
FNDA:0,_ZN4Json12PathArgumentC2ERKS0_
FNDA:0,_ZN4Json12PathArgumentD2Ev
FNDA:0,_ZN4Json6Reader15StructuredErrorC2EOS1_
FNDA:0,_ZN4Json6Reader15StructuredErrorC2ERKS1_
FNDA:0,_ZN4Json6Reader15StructuredErrorD2Ev
FNDA:0,_ZN4Json6Reader15StructuredErrorC2Ev
FNDA:31,_ZN4Json6Reader9ErrorInfoC2ERKS1_
FNDA:62,_ZN4Json6Reader9ErrorInfoD2Ev
FNDA:31,_ZN4Json6Reader9ErrorInfoC2Ev
FNDA:0,_ZN4Json10CharReaderC2Ev
FNDA:0,_ZN4Json10CharReaderD0Ev
FNDA:0,_ZN4Json10CharReaderD2Ev
FNDA:0,_ZN4Json10CharReader7FactoryC2Ev
FNDA:0,_ZN4Json10CharReader7FactoryD0Ev
FNDA:0,_ZN4Json10CharReader7FactoryD2Ev
FNDA:0,_ZN4Json12StreamWriter7FactoryC2Ev
FNDA:1589,_ZN4Json6WriterC2Ev
FNDA:0,_ZN4Json10FastWriterD0Ev
FNDA:1589,_ZN4Json10FastWriterD2Ev
FNDA:0,_ZN4Json12StyledWriterD0Ev
FNDA:0,_ZN4Json12StyledWriterD2Ev
FNF:28
FNH:5
DA:603,0
DA:614,0
DA:666,0
DA:670,0
DA:1159,0
DA:1458,0
DA:1597,124
DA:1661,0
DA:1663,0
DA:1685,0
DA:1687,0
DA:1888,0
DA:1973,1589
DA:1993,1589
DA:2045,0
LF:15
LH:3
end_of_record
SF:/home/taller2-appserver/Appserver/src/external/json/jsoncpp.cpp
FN:104,_ZN4JsonL15codePointToUTF8Ej
FN:133,_ZN4JsonL18isControlCharacterEc
FN:149,_ZN4JsonL12uintToStringEyRPc
FN:162,_ZN4JsonL16fixNumericLocaleEPcS0_
FN:248,_ZN4Json8FeaturesC2Ev
FN:252,_ZN4Json8Features3allEv
FN:254,_ZN4Json8Features10strictModeEv
FN:266,_ZN4JsonL15containsNewLineEPKcS1_
FN:276,_ZN4Json6ReaderC2Ev
FN:281,_ZN4Json6ReaderC2ERKNS_8FeaturesE
FN:287,_ZN4Json6Reader5parseERKSsRNS_5ValueEb
FN:295,_ZN4Json6Reader5parseERSiRNS_5ValueEb
FN:308,_ZN4Json6Reader5parseEPKcS2_RNS_5ValueEb
FN:350,_ZN4Json6Reader9readValueEv
FN:434,_ZN4Json6Reader17skipCommentTokensERNS0_5TokenE
FN:444,_ZN4Json6Reader9readTokenERNS0_5TokenE
FN:515,_ZN4Json6Reader10skipSpacesEv
FN:525,_ZN4Json6Reader5matchEPKci
FN:536,_ZN4Json6Reader11readCommentEv
FN:559,_ZN4JsonL12normalizeEOLEPKcS1_
FN:579,_ZN4Json6Reader10addCommentEPKcS2_NS_16CommentPlacementE
FN:590,_ZN4Json6Reader17readCStyleCommentEv
FN:599,_ZN4Json6Reader19readCppStyleCommentEv
FN:615,_ZN4Json6Reader10readNumberEv
FN:637,_ZN4Json6Reader10readStringEv
FN:649,_ZN4Json6Reader10readObjectERNS0_5TokenE
FN:705,_ZN4Json6Reader9readArrayERNS0_5TokenE
FN:743,_ZN4Json6Reader12decodeNumberERNS0_5TokenE
FN:753,_ZN4Json6Reader12decodeNumberERNS0_5TokenERNS_5ValueE
FN:795,_ZN4Json6Reader12decodeDoubleERNS0_5TokenE
FN:805,_ZN4Json6Reader12decodeDoubleERNS0_5TokenERNS_5ValueE
FN:817,_ZN4Json6Reader12decodeStringERNS0_5TokenE
FN:828,_ZN4Json6Reader12decodeStringERNS0_5TokenERSs
FN:881,_ZN4Json6Reader22decodeUnicodeCodePointERNS0_5TokenERPKcS4_Rj
FN:910,_ZN4Json6Reader27decodeUnicodeEscapeSequenceERNS0_5TokenERPKcS4_Rj
FN:940,_ZN4Json6Reader8addErrorERKSsRNS0_5TokenEPKc
FN:949,_ZN4Json6Reader16recoverFromErrorENS0_9TokenTypeE
FN:962,_ZN4Json6Reader18addErrorAndRecoverERKSsRNS0_5TokenENS0_9TokenTypeE
FN:969,_ZN4Json6Reader12currentValueEv
FN:971,_ZN4Json6Reader11getNextCharEv
FN:977,_ZNK4Json6Reader24getLocationLineAndColumnEPKcRiS3_
FN:1000,_ZNK4Json6Reader24getLocationLineAndColumnEPKc
FN:1009,_ZNK4Json6Reader24getFormatedErrorMessagesEv
FN:1013,_ZNK4Json6Reader25getFormattedErrorMessagesEv
FN:1029,_ZNK4Json6Reader19getStructuredErrorsEv
FN:1044,_ZN4Json6Reader9pushErrorERKNS_5ValueERKSs
FN:1061,_ZN4Json6Reader9pushErrorERKNS_5ValueERKSsS3_
FN:1079,_ZNK4Json6Reader4goodEv
FN:1101,_ZN4Json11OurFeatures3allEv
FN:1107,_ZN4Json9OurReaderD2Ev
FN:1111,_ZN4Json9OurReader15StructuredErrorD2Ev
FN:1111,_ZN4Json9OurReader15StructuredErrorC2ERKS1_
FN:1111,_ZN4Json9OurReader15StructuredErrorC2Ev
FN:1111,_ZN4Json9OurReader15StructuredErrorC2EOS1_
FN:1159,_ZN4Json9OurReader9ErrorInfoC2Ev
FN:1159,_ZN4Json9OurReader9ErrorInfoD2Ev
FN:1159,_ZN4Json9OurReader9ErrorInfoC2ERKS1_
FN:1226,_ZN4Json9OurReaderC2ERKNS_11OurFeaturesE
FN:1233,_ZN4Json9OurReader5parseEPKcS2_RNS_5ValueEb
FN:1281,_ZN4Json9OurReader9readValueEv
FN:1384,_ZN4Json9OurReader17skipCommentTokensERNS0_5TokenE
FN:1394,_ZN4Json9OurReader9readTokenERNS0_5TokenE
FN:1494,_ZN4Json9OurReader10skipSpacesEv
FN:1504,_ZN4Json9OurReader5matchEPKci
FN:1515,_ZN4Json9OurReader11readCommentEv
FN:1539,_ZN4Json9OurReader10addCommentEPKcS2_NS_16CommentPlacementE
FN:1550,_ZN4Json9OurReader17readCStyleCommentEv
FN:1559,_ZN4Json9OurReader19readCppStyleCommentEv
FN:1575,_ZN4Json9OurReader10readNumberEb
FN:1601,_ZN4Json9OurReader10readStringEv
FN:1614,_ZN4Json9OurReader21readStringSingleQuoteEv
FN:1626,_ZN4Json9OurReader10readObjectERNS0_5TokenE
FN:1688,_ZN4Json9OurReader9readArrayERNS0_5TokenE
FN:1726,_ZN4Json9OurReader12decodeNumberERNS0_5TokenE
FN:1736,_ZN4Json9OurReader12decodeNumberERNS0_5TokenERNS_5ValueE
FN:1776,_ZN4Json9OurReader12decodeDoubleERNS0_5TokenE
FN:1786,_ZN4Json9OurReader12decodeDoubleERNS0_5TokenERNS_5ValueE
FN:1823,_ZN4Json9OurReader12decodeStringERNS0_5TokenE
FN:1834,_ZN4Json9OurReader12decodeStringERNS0_5TokenERSs
FN:1887,_ZN4Json9OurReader22decodeUnicodeCodePointERNS0_5TokenERPKcS4_Rj
FN:1916,_ZN4Json9OurReader27decodeUnicodeEscapeSequenceERNS0_5TokenERPKcS4_Rj
FN:1946,_ZN4Json9OurReader8addErrorERKSsRNS0_5TokenEPKc
FN:1955,_ZN4Json9OurReader16recoverFromErrorENS0_9TokenTypeE
FN:1968,_ZN4Json9OurReader18addErrorAndRecoverERKSsRNS0_5TokenENS0_9TokenTypeE
FN:1975,_ZN4Json9OurReader12currentValueEv
FN:1977,_ZN4Json9OurReader11getNextCharEv
FN:1983,_ZNK4Json9OurReader24getLocationLineAndColumnEPKcRiS3_
FN:2006,_ZNK4Json9OurReader24getLocationLineAndColumnEPKc
FN:2014,_ZNK4Json9OurReader25getFormattedErrorMessagesEv
FN:2030,_ZNK4Json9OurReader19getStructuredErrorsEv
FN:2045,_ZN4Json9OurReader9pushErrorERKNS_5ValueERKSs
FN:2062,_ZN4Json9OurReader9pushErrorERKNS_5ValueERKSsS3_
FN:2080,_ZNK4Json9OurReader4goodEv
FN:2085,_ZN4Json13OurCharReaderD2Ev
FN:2085,_ZN4Json13OurCharReaderD0Ev
FN:2089,_ZN4Json13OurCharReaderC2EbRKNS_11OurFeaturesE
FN:2095,_ZN4Json13OurCharReader5parseEPKcS2_PNS_5ValueEPSs
FN:2106,_ZN4Json17CharReaderBuilderC2Ev
FN:2110,_ZN4Json17CharReaderBuilderD0Ev
FN:2110,_ZN4Json17CharReaderBuilderD2Ev
FN:2112,_ZNK4Json17CharReaderBuilder13newCharReaderEv
FN:2127,_ZN4JsonL18getValidReaderKeysEPSt3setISsSt4lessISsESaISsEE
FN:2141,_ZNK4Json17CharReaderBuilder8validateEPNS_5ValueE
FN:2158,_ZN4Json17CharReaderBuilderixESs
FN:2163,_ZN4Json17CharReaderBuilder10strictModeEPNS_5ValueE
FN:2178,_ZN4Json17CharReaderBuilder11setDefaultsEPNS_5ValueE
FN:2197,_ZN4Json15parseFromStreamERKNS_10CharReader7FactoryERSiPNS_5ValueEPSs
FN:2211,_ZN4JsonrsERSiRNS_5ValueE
FN:2257,_ZN4Json17ValueIteratorBaseC2Ev
FN:2261,_ZN4Json17ValueIteratorBaseC2ERKSt17_Rb_tree_iteratorISt4pairIKNS_5Value8CZStringES3_EE
FN:2265,_ZNK4Json17ValueIteratorBase5derefEv
FN:2269,_ZN4Json17ValueIteratorBase9incrementEv
FN:2273,_ZN4Json17ValueIteratorBase9decrementEv
FN:2278,_ZNK4Json17ValueIteratorBase15computeDistanceERKS0_
FN:2305,_ZNK4Json17ValueIteratorBase7isEqualERKS0_
FN:2312,_ZN4Json17ValueIteratorBase4copyERKS0_
FN:2317,_ZNK4Json17ValueIteratorBase3keyEv
FN:2327,_ZNK4Json17ValueIteratorBase5indexEv
FN:2334,_ZNK4Json17ValueIteratorBase4nameEv
FN:2342,_ZNK4Json17ValueIteratorBase10memberNameEv
FN:2347,_ZNK4Json17ValueIteratorBase10memberNameEPPKc
FN:2365,_ZN4Json18ValueConstIteratorC2Ev
FN:2367,_ZN4Json18ValueConstIteratorC2ERKSt17_Rb_tree_iteratorISt4pairIKNS_5Value8CZStringES3_EE
FN:2371,_ZN4Json18ValueConstIteratorC2ERKNS_13ValueIteratorE
FN:2374,_ZN4Json18ValueConstIteratoraSERKNS_17ValueIteratorBaseE
FN:2388,_ZN4Json13ValueIteratorC2Ev
FN:2390,_ZN4Json13ValueIteratorC2ERKSt17_Rb_tree_iteratorISt4pairIKNS_5Value8CZStringES3_EE
FN:2393,_ZN4Json13ValueIteratorC2ERKNS_18ValueConstIteratorE
FN:2398,_ZN4Json13ValueIteratorC2ERKS0_
FN:2401,_ZN4Json13ValueIteratoraSERKS0_
FN:2456,_Z41__static_initialization_and_destruction_0ii
FN:2477,_ZN4JsonL7InRangeIiyEEbdT_T0_
FN:2477,_ZN4JsonL7InRangeIxxEEbdT_T0_
FN:2477,_ZN4JsonL7InRangeIijEEbdT_T0_
FN:2477,_ZN4JsonL7InRangeIiiEEbdT_T0_
FN:2505,_ZN4JsonL20duplicateStringValueEPKcm
FN:2526,_ZN4JsonL29duplicateAndPrefixStringValueEPKcj
FN:2547,_ZN4JsonL20decodePrefixedStringEbPKcPjPS1_
FN:2577,_ZN4JsonL26releasePrefixedStringValueEPc
FN:2580,_ZN4JsonL18releaseStringValueEPcj
FN:2601,_ZN4Json9ExceptionC2ERKSs
FN:2604,_ZN4Json9ExceptionD0Ev
FN:2604,_ZN4Json9ExceptionD2Ev
FN:2606,_ZNK4Json9Exception4whatEv
FN:2610,_ZN4Json12RuntimeErrorC2ERKSs
FN:2613,_ZN4Json10LogicErrorC2ERKSs
FN:2616,_ZN4Json17throwRuntimeErrorERKSs
FN:2620,_ZN4Json15throwLogicErrorERKSs
FN:2633,_ZN4Json5Value11CommentInfoC2Ev
FN:2636,_ZN4Json5Value11CommentInfoD2Ev
FN:2641,_ZN4Json5Value11CommentInfo10setCommentEPKcm
FN:2665,_ZN4Json5Value8CZStringC2Ej
FN:2667,_ZN4Json5Value8CZStringC2EPKcjNS1_17DuplicationPolicyE
FN:2674,_ZN4Json5Value8CZStringC2ERKS1_
FN:2686,_ZN4Json5Value8CZStringC2EOS1_
FN:2692,_ZN4Json5Value8CZStringD2Ev
FN:2698,_ZN4Json5Value8CZString4swapERS1_
FN:2703,_ZN4Json5Value8CZStringaSES1_
FN:2708,_ZNK4Json5Value8CZStringltERKS1_
FN:2722,_ZNK4Json5Value8CZStringeqERKS1_
FN:2734,_ZNK4Json5Value8CZString5indexEv
FN:2737,_ZNK4Json5Value8CZString4dataEv
FN:2738,_ZNK4Json5Value8CZString6lengthEv
FN:2739,_ZNK4Json5Value8CZString14isStaticStringEv
FN:2753,_ZN4Json5ValueC2ENS_9ValueTypeE
FN:2780,_ZN4Json5ValueC2Ei
FN:2785,_ZN4Json5ValueC2Ej
FN:2790,_ZN4Json5ValueC2Ex
FN:2794,_ZN4Json5ValueC2Ey
FN:2800,_ZN4Json5ValueC2Ed
FN:2805,_ZN4Json5ValueC2EPKc
FN:2810,_ZN4Json5ValueC2EPKcS2_
FN:2816,_ZN4Json5ValueC2ERKSs
FN:2822,_ZN4Json5ValueC2ERKNS_12StaticStringE
FN:2834,_ZN4Json5ValueC2Eb
FN:2839,_ZN4Json5ValueC2ERKS0_
FN:2885,_ZN4Json5ValueC2EOS0_
FN:2891,_ZN4Json5ValueD2Ev
FN:2917,_ZN4Json5ValueaSES0_
FN:2922,_ZN4Json5Value11swapPayloadERS0_
FN:2932,_ZN4Json5Value4swapERS0_
FN:2939,_ZNK4Json5Value4typeEv
FN:2941,_ZNK4Json5Value7compareERKS0_
FN:2949,_ZNK4Json5ValueltERKS0_
FN:2996,_ZNK4Json5ValueleERKS0_
FN:2998,_ZNK4Json5ValuegeERKS0_
FN:3000,_ZNK4Json5ValuegtERKS0_
FN:3002,_ZNK4Json5ValueeqERKS0_
FN:3047,_ZNK4Json5ValueneERKS0_
FN:3049,_ZNK4Json5Value9asCStringEv
FN:3071,_ZNK4Json5Value9getStringEPPKcS3_
FN:3080,_ZNK4Json5Value8asStringEv
FN:3115,_ZNK4Json5Value5asIntEv
FN:3137,_ZNK4Json5Value6asUIntEv
FN:3161,_ZNK4Json5Value7asInt64Ev
FN:3182,_ZNK4Json5Value8asUInt64Ev
FN:3204,_ZNK4Json5Value12asLargestIntEv
FN:3212,_ZNK4Json5Value13asLargestUIntEv
FN:3220,_ZNK4Json5Value8asDoubleEv
FN:3242,_ZNK4Json5Value7asFloatEv
FN:3265,_ZNK4Json5Value6asBoolEv
FN:3284,_ZNK4Json5Value15isConvertibleToENS_9ValueTypeE
FN:3318,_ZNK4Json5Value4sizeEv
FN:3341,_ZNK4Json5Value5emptyEv
FN:3348,_ZNK4Json5ValuentEv
FN:3350,_ZN4Json5Value5clearEv
FN:3366,_ZN4Json5Value6resizeEj
FN:3384,_ZN4Json5ValueixEj
FN:3400,_ZN4Json5ValueixEi
FN:3407,_ZNK4Json5ValueixEj
FN:3420,_ZNK4Json5ValueixEi
FN:3427,_ZN4Json5Value9initBasicENS_9ValueTypeEb
FN:3438,_ZN4Json5Value16resolveReferenceEPKc
FN:3457,_ZN4Json5Value16resolveReferenceEPKcS2_
FN:3476,_ZNK4Json5Value3getEjRKS0_
FN:3481,_ZNK4Json5Value12isValidIndexEj
FN:3483,_ZNK4Json5Value4findEPKcS2_
FN:3494,_ZNK4Json5ValueixEPKc
FN:3500,_ZNK4Json5ValueixERKSs
FN:3507,_ZN4Json5ValueixEPKc
FN:3511,_ZN4Json5ValueixERKSs
FN:3515,_ZN4Json5ValueixERKNS_12StaticStringE
FN:3531,_ZN4Json5Value6appendERKS0_
FN:3533,_ZNK4Json5Value3getEPKcS2_RKS0_
FN:3538,_ZNK4Json5Value3getEPKcRKS0_
FN:3542,_ZNK4Json5Value3getERKSsRKS0_
FN:3548,_ZN4Json5Value12removeMemberEPKcS2_PS0_
FN:3561,_ZN4Json5Value12removeMemberEPKcPS0_
FN:3565,_ZN4Json5Value12removeMemberERKSsPS0_
FN:3569,_ZN4Json5Value12removeMemberEPKc
FN:3580,_ZN4Json5Value12removeMemberERKSs
FN:3585,_ZN4Json5Value11removeIndexEjPS0_
FN:3615,_ZNK4Json5Value8isMemberEPKcS2_
FN:3620,_ZNK4Json5Value8isMemberEPKc
FN:3624,_ZNK4Json5Value8isMemberERKSs
FN:3635,_ZNK4Json5Value14getMemberNamesEv
FN:3677,_ZN4JsonL10IsIntegralEd
FN:3682,_ZNK4Json5Value6isNullEv
FN:3684,_ZNK4Json5Value6isBoolEv
FN:3686,_ZNK4Json5Value5isIntEv
FN:3701,_ZNK4Json5Value6isUIntEv
FN:3716,_ZNK4Json5Value7isInt64Ev
FN:3736,_ZNK4Json5Value8isUInt64Ev
FN:3756,_ZNK4Json5Value10isIntegralEv
FN:3764,_ZNK4Json5Value8isDoubleEv
FN:3766,_ZNK4Json5Value9isNumericEv
FN:3768,_ZNK4Json5Value8isStringEv
FN:3770,_ZNK4Json5Value7isArrayEv
FN:3772,_ZNK4Json5Value8isObjectEv
FN:3774,_ZN4Json5Value10setCommentEPKcmNS_16CommentPlacementE
FN:3784,_ZN4Json5Value10setCommentEPKcNS_16CommentPlacementE
FN:3788,_ZN4Json5Value10setCommentERKSsNS_16CommentPlacementE
FN:3792,_ZNK4Json5Value10hasCommentENS_16CommentPlacementE
FN:3796,_ZNK4Json5Value10getCommentENS_16CommentPlacementE
FN:3802,_ZN4Json5Value14setOffsetStartEl
FN:3804,_ZN4Json5Value14setOffsetLimitEl
FN:3806,_ZNK4Json5Value14getOffsetStartEv
FN:3808,_ZNK4Json5Value14getOffsetLimitEv
FN:3810,_ZNK4Json5Value14toStyledStringEv
FN:3815,_ZNK4Json5Value5beginEv
FN:3828,_ZNK4Json5Value3endEv
FN:3841,_ZN4Json5Value5beginEv
FN:3854,_ZN4Json5Value3endEv
FN:3870,_ZN4Json12PathArgumentC2Ev
FN:3872,_ZN4Json12PathArgumentC2Ej
FN:3875,_ZN4Json12PathArgumentC2EPKc
FN:3878,_ZN4Json12PathArgumentC2ERKSs
FN:3884,_ZN4Json4PathC2ERKSsRKNS_12PathArgumentES5_S5_S5_S5_
FN:3899,_ZN4Json4Path8makePathERKSsRKSt6vectorIPKNS_12PathArgumentESaIS6_EE
FN:3930,_ZN4Json4Path12addPathInArgERKSsRKSt6vectorIPKNS_12PathArgumentESaIS6_EERN9__gnu_cxx17__normal_iteratorIPKS6_S8_EENS4_4KindE
FN:3943,_ZN4Json4Path11invalidPathERKSsi
FN:3947,_ZNK4Json4Path7resolveERKNS_5ValueE
FN:3970,_ZNK4Json4Path7resolveERKNS_5ValueES3_
FN:3989,_ZNK4Json4Path4makeERNS_5ValueE
FN:4106,_ZN4JsonL24containsControlCharacterEPKc
FN:4114,_ZN4JsonL25containsControlCharacter0EPKcj
FN:4124,_ZN4Json13valueToStringEx
FN:4140,_ZN4Json13valueToStringEy
FN:4150,_ZN4Json13valueToStringEi
FN:4154,_ZN4Json13valueToStringEj
FN:4160,_ZN4Json13valueToStringEdbj
FN:4190,_ZN4Json13valueToStringEd
FN:4192,_ZN4Json13valueToStringEb
FN:4194,_ZN4Json19valueToQuotedStringEPKc
FN:4257,_ZN4JsonL8strnpbrkEPKcS1_m
FN:4271,_ZN4JsonL20valueToQuotedStringNEPKcj
FN:4336,_ZN4Json6WriterD0Ev
FN:4336,_ZN4Json6WriterD2Ev
FN:4341,_ZN4Json10FastWriterC2Ev
FN:4345,_ZN4Json10FastWriter23enableYAMLCompatibilityEv
FN:4347,_ZN4Json10FastWriter20dropNullPlaceholdersEv
FN:4349,_ZN4Json10FastWriter18omitEndingLineFeedEv
FN:4351,_ZN4Json10FastWriter5writeERKNS_5ValueE
FN:4359,_ZN4Json10FastWriter10writeValueERKNS_5ValueE
FN:4416,_ZN4Json12StyledWriterC2Ev
FN:4419,_ZN4Json12StyledWriter5writeERKNS_5ValueE
FN:4430,_ZN4Json12StyledWriter10writeValueERKNS_5ValueE
FN:4489,_ZN4Json12StyledWriter15writeArrayValueERKNS_5ValueE
FN:4532,_ZN4Json12StyledWriter14isMultineArrayERKNS_5ValueE
FN:4559,_ZN4Json12StyledWriter9pushValueERKSs
FN:4566,_ZN4Json12StyledWriter11writeIndentEv
FN:4577,_ZN4Json12StyledWriter15writeWithIndentERKSs
FN:4582,_ZN4Json12StyledWriter6indentEv
FN:4584,_ZN4Json12StyledWriter8unindentEv
FN:4589,_ZN4Json12StyledWriter23writeCommentBeforeValueERKNS_5ValueE
FN:4609,_ZN4Json12StyledWriter32writeCommentAfterValueOnSameLineERKNS_5ValueE
FN:4620,_ZN4Json12StyledWriter18hasCommentForValueERKNS_5ValueE
FN:4629,_ZN4Json18StyledStreamWriterC2ESs
FN:4633,_ZN4Json18StyledStreamWriter5writeERSoRKNS_5ValueE
FN:4647,_ZN4Json18StyledStreamWriter10writeValueERKNS_5ValueE
FN:4706,_ZN4Json18StyledStreamWriter15writeArrayValueERKNS_5ValueE
FN:4751,_ZN4Json18StyledStreamWriter14isMultineArrayERKNS_5ValueE
FN:4778,_ZN4Json18StyledStreamWriter9pushValueERKSs
FN:4785,_ZN4Json18StyledStreamWriter11writeIndentEv
FN:4793,_ZN4Json18StyledStreamWriter15writeWithIndentERKSs
FN:4799,_ZN4Json18StyledStreamWriter6indentEv
FN:4801,_ZN4Json18StyledStreamWriter8unindentEv
FN:4806,_ZN4Json18StyledStreamWriter23writeCommentBeforeValueERKNS_5ValueE
FN:4824,_ZN4Json18StyledStreamWriter32writeCommentAfterValueOnSameLineERKNS_5ValueE
FN:4835,_ZN4Json18StyledStreamWriter18hasCommentForValueERKNS_5ValueE
FN:4854,_ZN4Json23BuiltStyledStreamWriterD2Ev
FN:4854,_ZN4Json23BuiltStyledStreamWriterD0Ev
FN:4893,_ZN4Json23BuiltStyledStreamWriterC2ERKSsNS_12CommentStyle4EnumES2_S2_S2_bj
FN:4913,_ZN4Json23BuiltStyledStreamWriter5writeERKNS_5ValueEPSo
FN:4928,_ZN4Json23BuiltStyledStreamWriter10writeValueERKNS_5ValueE
FN:4987,_ZN4Json23BuiltStyledStreamWriter15writeArrayValueERKNS_5ValueE
FN:5034,_ZN4Json23BuiltStyledStreamWriter14isMultineArrayERKNS_5ValueE
FN:5061,_ZN4Json23BuiltStyledStreamWriter9pushValueERKSs
FN:5068,_ZN4Json23BuiltStyledStreamWriter11writeIndentEv
FN:5080,_ZN4Json23BuiltStyledStreamWriter15writeWithIndentERKSs
FN:5086,_ZN4Json23BuiltStyledStreamWriter6indentEv
FN:5088,_ZN4Json23BuiltStyledStreamWriter8unindentEv
FN:5093,_ZN4Json23BuiltStyledStreamWriter23writeCommentBeforeValueERKNS_5ValueE
FN:5112,_ZN4Json23BuiltStyledStreamWriter32writeCommentAfterValueOnSameLineERKNS_5ValueE
FN:5124,_ZN4Json23BuiltStyledStreamWriter18hasCommentForValueERKNS_5ValueE
FN:5133,_ZN4Json12StreamWriterC2Ev
FN:5137,_ZN4Json12StreamWriterD2Ev
FN:5137,_ZN4Json12StreamWriterD0Ev
FN:5140,_ZN4Json12StreamWriter7FactoryD0Ev
FN:5140,_ZN4Json12StreamWriter7FactoryD2Ev
FN:5142,_ZN4Json19StreamWriterBuilderC2Ev
FN:5146,_ZN4Json19StreamWriterBuilderD0Ev
FN:5146,_ZN4Json19StreamWriterBuilderD2Ev
FN:5148,_ZNK4Json19StreamWriterBuilder15newStreamWriterEv
FN:5180,_ZN4JsonL18getValidWriterKeysEPSt3setISsSt4lessISsESaISsEE
FN:5190,_ZNK4Json19StreamWriterBuilder8validateEPNS_5ValueE
FN:5207,_ZN4Json19StreamWriterBuilderixESs
FN:5212,_ZN4Json19StreamWriterBuilder11setDefaultsEPNS_5ValueE
FN:5224,_ZN4Json11writeStringERKNS_12StreamWriter7FactoryERKNS_5ValueE
FN:5231,_ZN4JsonlsERSoRKNS_5ValueE
FN:5238,_GLOBAL__sub_I__ZN4Json8FeaturesC2Ev
FNDA:0,_ZN4JsonL15codePointToUTF8Ej
FNDA:1230721,_ZN4JsonL18isControlCharacterEc
FNDA:176,_ZN4JsonL12uintToStringEyRPc
FNDA:0,_ZN4JsonL16fixNumericLocaleEPcS0_
FNDA:403,_ZN4Json8FeaturesC2Ev
FNDA:403,_ZN4Json8Features3allEv
FNDA:0,_ZN4Json8Features10strictModeEv
FNDA:0,_ZN4JsonL15containsNewLineEPKcS1_
FNDA:403,_ZN4Json6ReaderC2Ev
FNDA:0,_ZN4Json6ReaderC2ERKNS_8FeaturesE
FNDA:403,_ZN4Json6Reader5parseERKSsRNS_5ValueEb
FNDA:0,_ZN4Json6Reader5parseERSiRNS_5ValueEb
FNDA:403,_ZN4Json6Reader5parseEPKcS2_RNS_5ValueEb
FNDA:35299,_ZN4Json6Reader9readValueEv
FNDA:35702,_ZN4Json6Reader17skipCommentTokensERNS0_5TokenE
FNDA:117126,_ZN4Json6Reader9readTokenERNS0_5TokenE
FNDA:117498,_ZN4Json6Reader10skipSpacesEv
FNDA:0,_ZN4Json6Reader5matchEPKci
FNDA:0,_ZN4Json6Reader11readCommentEv
FNDA:0,_ZN4JsonL12normalizeEOLEPKcS1_
FNDA:0,_ZN4Json6Reader10addCommentEPKcS2_NS_16CommentPlacementE
FNDA:0,_ZN4Json6Reader17readCStyleCommentEv
FNDA:0,_ZN4Json6Reader19readCppStyleCommentEv
FNDA:0,_ZN4Json6Reader10readNumberEv
FNDA:46528,_ZN4Json6Reader10readStringEv
FNDA:11632,_ZN4Json6Reader10readObjectERNS0_5TokenE
FNDA:372,_ZN4Json6Reader9readArrayERNS0_5TokenE
FNDA:0,_ZN4Json6Reader12decodeNumberERNS0_5TokenE
FNDA:0,_ZN4Json6Reader12decodeNumberERNS0_5TokenERNS_5ValueE
FNDA:0,_ZN4Json6Reader12decodeDoubleERNS0_5TokenE
FNDA:0,_ZN4Json6Reader12decodeDoubleERNS0_5TokenERNS_5ValueE
FNDA:23264,_ZN4Json6Reader12decodeStringERNS0_5TokenE
FNDA:46528,_ZN4Json6Reader12decodeStringERNS0_5TokenERSs
FNDA:0,_ZN4Json6Reader22decodeUnicodeCodePointERNS0_5TokenERPKcS4_Rj
FNDA:0,_ZN4Json6Reader27decodeUnicodeEscapeSequenceERNS0_5TokenERPKcS4_Rj
FNDA:31,_ZN4Json6Reader8addErrorERKSsRNS0_5TokenEPKc
FNDA:0,_ZN4Json6Reader16recoverFromErrorENS0_9TokenTypeE
FNDA:0,_ZN4Json6Reader18addErrorAndRecoverERKSsRNS0_5TokenENS0_9TokenTypeE
FNDA:176030,_ZN4Json6Reader12currentValueEv
FNDA:1645686,_ZN4Json6Reader11getNextCharEv
FNDA:0,_ZNK4Json6Reader24getLocationLineAndColumnEPKcRiS3_
FNDA:0,_ZNK4Json6Reader24getLocationLineAndColumnEPKc
FNDA:0,_ZNK4Json6Reader24getFormatedErrorMessagesEv
FNDA:0,_ZNK4Json6Reader25getFormattedErrorMessagesEv
FNDA:0,_ZNK4Json6Reader19getStructuredErrorsEv
FNDA:0,_ZN4Json6Reader9pushErrorERKNS_5ValueERKSs
FNDA:0,_ZN4Json6Reader9pushErrorERKNS_5ValueERKSsS3_
FNDA:0,_ZNK4Json6Reader4goodEv
FNDA:0,_ZN4Json11OurFeatures3allEv
FNDA:0,_ZN4Json9OurReaderD2Ev
FNDA:0,_ZN4Json9OurReader15StructuredErrorC2EOS1_
FNDA:0,_ZN4Json9OurReader15StructuredErrorC2ERKS1_
FNDA:0,_ZN4Json9OurReader15StructuredErrorD2Ev
FNDA:0,_ZN4Json9OurReader15StructuredErrorC2Ev
FNDA:0,_ZN4Json9OurReader9ErrorInfoC2ERKS1_
FNDA:0,_ZN4Json9OurReader9ErrorInfoD2Ev
FNDA:0,_ZN4Json9OurReader9ErrorInfoC2Ev
FNDA:0,_ZN4Json9OurReaderC2ERKNS_11OurFeaturesE
FNDA:0,_ZN4Json9OurReader5parseEPKcS2_RNS_5ValueEb
FNDA:0,_ZN4Json9OurReader9readValueEv
FNDA:0,_ZN4Json9OurReader17skipCommentTokensERNS0_5TokenE
FNDA:0,_ZN4Json9OurReader9readTokenERNS0_5TokenE
FNDA:0,_ZN4Json9OurReader10skipSpacesEv
FNDA:0,_ZN4Json9OurReader5matchEPKci
FNDA:0,_ZN4Json9OurReader11readCommentEv
FNDA:0,_ZN4Json9OurReader10addCommentEPKcS2_NS_16CommentPlacementE
FNDA:0,_ZN4Json9OurReader17readCStyleCommentEv
FNDA:0,_ZN4Json9OurReader19readCppStyleCommentEv
FNDA:0,_ZN4Json9OurReader10readNumberEb
FNDA:0,_ZN4Json9OurReader10readStringEv
FNDA:0,_ZN4Json9OurReader21readStringSingleQuoteEv
FNDA:0,_ZN4Json9OurReader10readObjectERNS0_5TokenE
FNDA:0,_ZN4Json9OurReader9readArrayERNS0_5TokenE
FNDA:0,_ZN4Json9OurReader12decodeNumberERNS0_5TokenE
FNDA:0,_ZN4Json9OurReader12decodeNumberERNS0_5TokenERNS_5ValueE
FNDA:0,_ZN4Json9OurReader12decodeDoubleERNS0_5TokenE
FNDA:0,_ZN4Json9OurReader12decodeDoubleERNS0_5TokenERNS_5ValueE
FNDA:0,_ZN4Json9OurReader12decodeStringERNS0_5TokenE
FNDA:0,_ZN4Json9OurReader12decodeStringERNS0_5TokenERSs
FNDA:0,_ZN4Json9OurReader22decodeUnicodeCodePointERNS0_5TokenERPKcS4_Rj
FNDA:0,_ZN4Json9OurReader27decodeUnicodeEscapeSequenceERNS0_5TokenERPKcS4_Rj
FNDA:0,_ZN4Json9OurReader8addErrorERKSsRNS0_5TokenEPKc
FNDA:0,_ZN4Json9OurReader16recoverFromErrorENS0_9TokenTypeE
FNDA:0,_ZN4Json9OurReader18addErrorAndRecoverERKSsRNS0_5TokenENS0_9TokenTypeE
FNDA:0,_ZN4Json9OurReader12currentValueEv
FNDA:0,_ZN4Json9OurReader11getNextCharEv
FNDA:0,_ZNK4Json9OurReader24getLocationLineAndColumnEPKcRiS3_
FNDA:0,_ZNK4Json9OurReader24getLocationLineAndColumnEPKc
FNDA:0,_ZNK4Json9OurReader25getFormattedErrorMessagesEv
FNDA:0,_ZNK4Json9OurReader19getStructuredErrorsEv
FNDA:0,_ZN4Json9OurReader9pushErrorERKNS_5ValueERKSs
FNDA:0,_ZN4Json9OurReader9pushErrorERKNS_5ValueERKSsS3_
FNDA:0,_ZNK4Json9OurReader4goodEv
FNDA:0,_ZN4Json13OurCharReaderD0Ev
FNDA:0,_ZN4Json13OurCharReaderD2Ev
FNDA:0,_ZN4Json13OurCharReaderC2EbRKNS_11OurFeaturesE
FNDA:0,_ZN4Json13OurCharReader5parseEPKcS2_PNS_5ValueEPSs
FNDA:0,_ZN4Json17CharReaderBuilderC2Ev
FNDA:0,_ZN4Json17CharReaderBuilderD0Ev
FNDA:0,_ZN4Json17CharReaderBuilderD2Ev
FNDA:0,_ZNK4Json17CharReaderBuilder13newCharReaderEv
FNDA:0,_ZN4JsonL18getValidReaderKeysEPSt3setISsSt4lessISsESaISsEE
FNDA:0,_ZNK4Json17CharReaderBuilder8validateEPNS_5ValueE
FNDA:0,_ZN4Json17CharReaderBuilderixESs
FNDA:0,_ZN4Json17CharReaderBuilder10strictModeEPNS_5ValueE
FNDA:0,_ZN4Json17CharReaderBuilder11setDefaultsEPNS_5ValueE
FNDA:0,_ZN4Json15parseFromStreamERKNS_10CharReader7FactoryERSiPNS_5ValueEPSs
FNDA:0,_ZN4JsonrsERSiRNS_5ValueE
FNDA:0,_ZN4Json17ValueIteratorBaseC2Ev
FNDA:0,_ZN4Json17ValueIteratorBaseC2ERKSt17_Rb_tree_iteratorISt4pairIKNS_5Value8CZStringES3_EE
FNDA:0,_ZNK4Json17ValueIteratorBase5derefEv
FNDA:0,_ZN4Json17ValueIteratorBase9incrementEv
FNDA:0,_ZN4Json17ValueIteratorBase9decrementEv
FNDA:0,_ZNK4Json17ValueIteratorBase15computeDistanceERKS0_
FNDA:0,_ZNK4Json17ValueIteratorBase7isEqualERKS0_
FNDA:0,_ZN4Json17ValueIteratorBase4copyERKS0_
FNDA:0,_ZNK4Json17ValueIteratorBase3keyEv
FNDA:0,_ZNK4Json17ValueIteratorBase5indexEv
FNDA:0,_ZNK4Json17ValueIteratorBase4nameEv
FNDA:0,_ZNK4Json17ValueIteratorBase10memberNameEv
FNDA:0,_ZNK4Json17ValueIteratorBase10memberNameEPPKc
FNDA:0,_ZN4Json18ValueConstIteratorC2Ev
FNDA:0,_ZN4Json18ValueConstIteratorC2ERKSt17_Rb_tree_iteratorISt4pairIKNS_5Value8CZStringES3_EE
FNDA:0,_ZN4Json18ValueConstIteratorC2ERKNS_13ValueIteratorE
FNDA:0,_ZN4Json18ValueConstIteratoraSERKNS_17ValueIteratorBaseE
FNDA:0,_ZN4Json13ValueIteratorC2Ev
FNDA:0,_ZN4Json13ValueIteratorC2ERKSt17_Rb_tree_iteratorISt4pairIKNS_5Value8CZStringES3_EE
FNDA:0,_ZN4Json13ValueIteratorC2ERKNS_18ValueConstIteratorE
FNDA:0,_ZN4Json13ValueIteratorC2ERKS0_
FNDA:0,_ZN4Json13ValueIteratoraSERKS0_
FNDA:0,_ZN4JsonL7InRangeIiyEEbdT_T0_
FNDA:0,_ZN4JsonL7InRangeIxxEEbdT_T0_
FNDA:0,_ZN4JsonL7InRangeIijEEbdT_T0_
FNDA:0,_ZN4JsonL7InRangeIiiEEbdT_T0_
FNDA:75234,_ZN4JsonL20duplicateStringValueEPKcm
FNDA:52590,_ZN4JsonL29duplicateAndPrefixStringValueEPKcj
FNDA:47420,_ZN4JsonL20decodePrefixedStringEbPKcPjPS1_
FNDA:52590,_ZN4JsonL26releasePrefixedStringValueEPc
FNDA:75234,_ZN4JsonL18releaseStringValueEPcj
FNDA:0,_ZN4Json9ExceptionC2ERKSs
FNDA:0,_ZN4Json9ExceptionD0Ev
FNDA:0,_ZN4Json9ExceptionD2Ev
FNDA:0,_ZNK4Json9Exception4whatEv
FNDA:0,_ZN4Json12RuntimeErrorC2ERKSs
FNDA:0,_ZN4Json10LogicErrorC2ERKSs
FNDA:0,_ZN4Json17throwRuntimeErrorERKSs
FNDA:0,_ZN4Json15throwLogicErrorERKSs
FNDA:0,_ZN4Json5Value11CommentInfoC2Ev
FNDA:0,_ZN4Json5Value11CommentInfoD2Ev
FNDA:0,_ZN4Json5Value11CommentInfo10setCommentEPKcm
FNDA:23041,_ZN4Json5Value8CZStringC2Ej
FNDA:43522,_ZN4Json5Value8CZStringC2EPKcjNS1_17DuplicationPolicyE
FNDA:112204,_ZN4Json5Value8CZStringC2ERKS1_
FNDA:0,_ZN4Json5Value8CZStringC2EOS1_
FNDA:178767,_ZN4Json5Value8CZStringD2Ev
FNDA:0,_ZN4Json5Value8CZString4swapERS1_
FNDA:0,_ZN4Json5Value8CZStringaSES1_
FNDA:247155,_ZNK4Json5Value8CZStringltERKS1_
FNDA:2242,_ZNK4Json5Value8CZStringeqERKS1_
FNDA:2253,_ZNK4Json5Value8CZString5indexEv
FNDA:18096,_ZNK4Json5Value8CZString4dataEv
FNDA:18096,_ZNK4Json5Value8CZString6lengthEv
FNDA:0,_ZNK4Json5Value8CZString14isStaticStringEv
FNDA:17040,_ZN4Json5ValueC2ENS_9ValueTypeE
FNDA:96,_ZN4Json5ValueC2Ei
FNDA:0,_ZN4Json5ValueC2Ej
FNDA:0,_ZN4Json5ValueC2Ex
FNDA:0,_ZN4Json5ValueC2Ey
FNDA:0,_ZN4Json5ValueC2Ed
FNDA:0,_ZN4Json5ValueC2EPKc
FNDA:0,_ZN4Json5ValueC2EPKcS2_
FNDA:24576,_ZN4Json5ValueC2ERKSs
FNDA:0,_ZN4Json5ValueC2ERKNS_12StaticStringE
FNDA:0,_ZN4Json5ValueC2Eb
FNDA:115806,_ZN4Json5ValueC2ERKS0_
FNDA:0,_ZN4Json5ValueC2EOS0_
FNDA:157518,_ZN4Json5ValueD2Ev
FNDA:5830,_ZN4Json5ValueaSES0_
FNDA:41098,_ZN4Json5Value11swapPayloadERS0_
FNDA:5830,_ZN4Json5Value4swapERS0_
FNDA:29033,_ZNK4Json5Value4typeEv
FNDA:0,_ZNK4Json5Value7compareERKS0_
FNDA:0,_ZNK4Json5ValueltERKS0_
FNDA:0,_ZNK4Json5ValueleERKS0_
FNDA:0,_ZNK4Json5ValuegeERKS0_
FNDA:0,_ZNK4Json5ValuegtERKS0_
FNDA:0,_ZNK4Json5ValueeqERKS0_
FNDA:0,_ZNK4Json5ValueneERKS0_
FNDA:0,_ZNK4Json5Value9asCStringEv
FNDA:19406,_ZNK4Json5Value9getStringEPPKcS3_
FNDA:0,_ZNK4Json5Value8asStringEv
FNDA:0,_ZNK4Json5Value5asIntEv
FNDA:0,_ZNK4Json5Value6asUIntEv
FNDA:176,_ZNK4Json5Value7asInt64Ev
FNDA:0,_ZNK4Json5Value8asUInt64Ev
FNDA:176,_ZNK4Json5Value12asLargestIntEv
FNDA:0,_ZNK4Json5Value13asLargestUIntEv
FNDA:0,_ZNK4Json5Value8asDoubleEv
FNDA:0,_ZNK4Json5Value7asFloatEv
FNDA:0,_ZNK4Json5Value6asBoolEv
FNDA:0,_ZNK4Json5Value15isConvertibleToENS_9ValueTypeE
FNDA:2525,_ZNK4Json5Value4sizeEv
FNDA:0,_ZNK4Json5Value5emptyEv
FNDA:0,_ZNK4Json5ValuentEv
FNDA:0,_ZN4Json5Value5clearEv
FNDA:0,_ZN4Json5Value6resizeEj
FNDA:13693,_ZN4Json5ValueixEj
FNDA:12832,_ZN4Json5ValueixEi
FNDA:9348,_ZNK4Json5ValueixEj
FNDA:0,_ZNK4Json5ValueixEi
FNDA:41712,_ZN4Json5Value9initBasicENS_9ValueTypeEb
FNDA:0,_ZN4Json5Value16resolveReferenceEPKc
FNDA:25426,_ZN4Json5Value16resolveReferenceEPKcS2_
FNDA:0,_ZNK4Json5Value3getEjRKS0_
FNDA:0,_ZNK4Json5Value12isValidIndexEj
FNDA:18096,_ZNK4Json5Value4findEPKcS2_
FNDA:0,_ZNK4Json5ValueixEPKc
FNDA:18096,_ZNK4Json5ValueixERKSs
FNDA:0,_ZN4Json5ValueixEPKc
FNDA:25426,_ZN4Json5ValueixERKSs
FNDA:0,_ZN4Json5ValueixERKNS_12StaticStringE
FNDA:861,_ZN4Json5Value6appendERKS0_
FNDA:0,_ZNK4Json5Value3getEPKcS2_RKS0_
FNDA:0,_ZNK4Json5Value3getEPKcRKS0_
FNDA:0,_ZNK4Json5Value3getERKSsRKS0_
FNDA:0,_ZN4Json5Value12removeMemberEPKcS2_PS0_
FNDA:0,_ZN4Json5Value12removeMemberEPKcPS0_
FNDA:0,_ZN4Json5Value12removeMemberERKSsPS0_
FNDA:0,_ZN4Json5Value12removeMemberEPKc
FNDA:0,_ZN4Json5Value12removeMemberERKSs
FNDA:0,_ZN4Json5Value11removeIndexEjPS0_
FNDA:0,_ZNK4Json5Value8isMemberEPKcS2_
FNDA:0,_ZNK4Json5Value8isMemberEPKc
FNDA:0,_ZNK4Json5Value8isMemberERKSs
FNDA:9048,_ZNK4Json5Value14getMemberNamesEv
FNDA:0,_ZN4JsonL10IsIntegralEd
FNDA:0,_ZNK4Json5Value6isNullEv
FNDA:0,_ZNK4Json5Value6isBoolEv
FNDA:0,_ZNK4Json5Value5isIntEv
FNDA:0,_ZNK4Json5Value6isUIntEv
FNDA:0,_ZNK4Json5Value7isInt64Ev
FNDA:0,_ZNK4Json5Value8isUInt64Ev
FNDA:0,_ZNK4Json5Value10isIntegralEv
FNDA:0,_ZNK4Json5Value8isDoubleEv
FNDA:0,_ZNK4Json5Value9isNumericEv
FNDA:0,_ZNK4Json5Value8isStringEv
FNDA:0,_ZNK4Json5Value7isArrayEv
FNDA:0,_ZNK4Json5Value8isObjectEv
FNDA:0,_ZN4Json5Value10setCommentEPKcmNS_16CommentPlacementE
FNDA:0,_ZN4Json5Value10setCommentEPKcNS_16CommentPlacementE
FNDA:0,_ZN4Json5Value10setCommentERKSsNS_16CommentPlacementE
FNDA:0,_ZNK4Json5Value10hasCommentENS_16CommentPlacementE
FNDA:0,_ZNK4Json5Value10getCommentENS_16CommentPlacementE
FNDA:35299,_ZN4Json5Value14setOffsetStartEl
FNDA:35299,_ZN4Json5Value14setOffsetLimitEl
FNDA:0,_ZNK4Json5Value14getOffsetStartEv
FNDA:0,_ZNK4Json5Value14getOffsetLimitEv
FNDA:0,_ZNK4Json5Value14toStyledStringEv
FNDA:0,_ZNK4Json5Value5beginEv
FNDA:0,_ZNK4Json5Value3endEv
FNDA:0,_ZN4Json5Value5beginEv
FNDA:0,_ZN4Json5Value3endEv
FNDA:0,_ZN4Json12PathArgumentC2Ev
FNDA:0,_ZN4Json12PathArgumentC2Ej
FNDA:0,_ZN4Json12PathArgumentC2EPKc
FNDA:0,_ZN4Json12PathArgumentC2ERKSs
FNDA:0,_ZN4Json4PathC2ERKSsRKNS_12PathArgumentES5_S5_S5_S5_
FNDA:0,_ZN4Json4Path8makePathERKSsRKSt6vectorIPKNS_12PathArgumentESaIS6_EE
FNDA:0,_ZN4Json4Path12addPathInArgERKSsRKSt6vectorIPKNS_12PathArgumentESaIS6_EERN9__gnu_cxx17__normal_iteratorIPKS6_S8_EENS4_4KindE
FNDA:0,_ZN4Json4Path11invalidPathERKSsi
FNDA:0,_ZNK4Json4Path7resolveERKNS_5ValueE
FNDA:0,_ZNK4Json4Path7resolveERKNS_5ValueES3_
FNDA:0,_ZNK4Json4Path4makeERNS_5ValueE
FNDA:0,_ZN4JsonL24containsControlCharacterEPKc
FNDA:37497,_ZN4JsonL25containsControlCharacter0EPKcj
FNDA:176,_ZN4Json13valueToStringEx
FNDA:0,_ZN4Json13valueToStringEy
FNDA:0,_ZN4Json13valueToStringEi
FNDA:0,_ZN4Json13valueToStringEj
FNDA:0,_ZN4Json13valueToStringEdbj
FNDA:0,_ZN4Json13valueToStringEd
FNDA:0,_ZN4Json13valueToStringEb
FNDA:0,_ZN4Json19valueToQuotedStringEPKc
FNDA:37502,_ZN4JsonL8strnpbrkEPKcS1_m
FNDA:37502,_ZN4JsonL20valueToQuotedStringNEPKcj
FNDA:0,_ZN4Json6WriterD0Ev
FNDA:1589,_ZN4Json6WriterD2Ev
FNDA:1589,_ZN4Json10FastWriterC2Ev
FNDA:0,_ZN4Json10FastWriter23enableYAMLCompatibilityEv
FNDA:0,_ZN4Json10FastWriter20dropNullPlaceholdersEv
FNDA:0,_ZN4Json10FastWriter18omitEndingLineFeedEv
FNDA:1589,_ZN4Json10FastWriter5writeERKNS_5ValueE
FNDA:29033,_ZN4Json10FastWriter10writeValueERKNS_5ValueE
FNDA:0,_ZN4Json12StyledWriterC2Ev
FNDA:0,_ZN4Json12StyledWriter5writeERKNS_5ValueE
FNDA:0,_ZN4Json12StyledWriter10writeValueERKNS_5ValueE
FNDA:0,_ZN4Json12StyledWriter15writeArrayValueERKNS_5ValueE
FNDA:0,_ZN4Json12StyledWriter14isMultineArrayERKNS_5ValueE
FNDA:0,_ZN4Json12StyledWriter9pushValueERKSs
FNDA:0,_ZN4Json12StyledWriter11writeIndentEv
FNDA:0,_ZN4Json12StyledWriter15writeWithIndentERKSs
FNDA:0,_ZN4Json12StyledWriter6indentEv
FNDA:0,_ZN4Json12StyledWriter8unindentEv
FNDA:0,_ZN4Json12StyledWriter23writeCommentBeforeValueERKNS_5ValueE
FNDA:0,_ZN4Json12StyledWriter32writeCommentAfterValueOnSameLineERKNS_5ValueE
FNDA:0,_ZN4Json12StyledWriter18hasCommentForValueERKNS_5ValueE
FNDA:0,_ZN4Json18StyledStreamWriterC2ESs
FNDA:0,_ZN4Json18StyledStreamWriter5writeERSoRKNS_5ValueE
FNDA:0,_ZN4Json18StyledStreamWriter10writeValueERKNS_5ValueE
FNDA:0,_ZN4Json18StyledStreamWriter15writeArrayValueERKNS_5ValueE
FNDA:0,_ZN4Json18StyledStreamWriter14isMultineArrayERKNS_5ValueE
FNDA:0,_ZN4Json18StyledStreamWriter9pushValueERKSs
FNDA:0,_ZN4Json18StyledStreamWriter11writeIndentEv
FNDA:0,_ZN4Json18StyledStreamWriter15writeWithIndentERKSs
FNDA:0,_ZN4Json18StyledStreamWriter6indentEv
FNDA:0,_ZN4Json18StyledStreamWriter8unindentEv
FNDA:0,_ZN4Json18StyledStreamWriter23writeCommentBeforeValueERKNS_5ValueE
FNDA:0,_ZN4Json18StyledStreamWriter32writeCommentAfterValueOnSameLineERKNS_5ValueE
FNDA:0,_ZN4Json18StyledStreamWriter18hasCommentForValueERKNS_5ValueE
FNDA:0,_ZN4Json23BuiltStyledStreamWriterD0Ev
FNDA:0,_ZN4Json23BuiltStyledStreamWriterD2Ev
FNDA:0,_ZN4Json23BuiltStyledStreamWriterC2ERKSsNS_12CommentStyle4EnumES2_S2_S2_bj
FNDA:0,_ZN4Json23BuiltStyledStreamWriter5writeERKNS_5ValueEPSo
FNDA:0,_ZN4Json23BuiltStyledStreamWriter10writeValueERKNS_5ValueE
FNDA:0,_ZN4Json23BuiltStyledStreamWriter15writeArrayValueERKNS_5ValueE
FNDA:0,_ZN4Json23BuiltStyledStreamWriter14isMultineArrayERKNS_5ValueE
FNDA:0,_ZN4Json23BuiltStyledStreamWriter9pushValueERKSs
FNDA:0,_ZN4Json23BuiltStyledStreamWriter11writeIndentEv
FNDA:0,_ZN4Json23BuiltStyledStreamWriter15writeWithIndentERKSs
FNDA:0,_ZN4Json23BuiltStyledStreamWriter6indentEv
FNDA:0,_ZN4Json23BuiltStyledStreamWriter8unindentEv
FNDA:0,_ZN4Json23BuiltStyledStreamWriter23writeCommentBeforeValueERKNS_5ValueE
FNDA:0,_ZN4Json23BuiltStyledStreamWriter32writeCommentAfterValueOnSameLineERKNS_5ValueE
FNDA:0,_ZN4Json23BuiltStyledStreamWriter18hasCommentForValueERKNS_5ValueE
FNDA:0,_ZN4Json12StreamWriterC2Ev
FNDA:0,_ZN4Json12StreamWriterD0Ev
FNDA:0,_ZN4Json12StreamWriterD2Ev
FNDA:0,_ZN4Json12StreamWriter7FactoryD0Ev
FNDA:0,_ZN4Json12StreamWriter7FactoryD2Ev
FNDA:0,_ZN4Json19StreamWriterBuilderC2Ev
FNDA:0,_ZN4Json19StreamWriterBuilderD0Ev
FNDA:0,_ZN4Json19StreamWriterBuilderD2Ev
FNDA:0,_ZNK4Json19StreamWriterBuilder15newStreamWriterEv
FNDA:0,_ZN4JsonL18getValidWriterKeysEPSt3setISsSt4lessISsESaISsEE
FNDA:0,_ZNK4Json19StreamWriterBuilder8validateEPNS_5ValueE
FNDA:0,_ZN4Json19StreamWriterBuilderixESs
FNDA:0,_ZN4Json19StreamWriterBuilder11setDefaultsEPNS_5ValueE
FNDA:0,_ZN4Json11writeStringERKNS_12StreamWriter7FactoryERKNS_5ValueE
FNDA:0,_ZN4JsonlsERSoRKNS_5ValueE
FNDA:20,_GLOBAL__sub_I__ZN4Json8FeaturesC2Ev
FNDA:20,_Z41__static_initialization_and_destruction_0ii
FNF:351
FNH:68
DA:104,0
DA:105,0
DA:109,0
DA:110,0
DA:111,0
DA:112,0
DA:113,0
DA:114,0
DA:115,0
DA:116,0
DA:117,0
DA:118,0
DA:119,0
DA:120,0
DA:121,0
DA:122,0
DA:123,0
DA:124,0
DA:125,0
DA:126,0
DA:129,0
DA:133,1230721
DA:149,176
DA:150,176
DA:151,176
DA:152,176
DA:153,176
DA:155,176
DA:162,0
DA:163,0
DA:164,0
DA:165,0
DA:167,0
DA:169,0
DA:248,403
DA:250,403
DA:252,403
DA:254,0
DA:255,0
DA:256,0
DA:257,0
DA:258,0
DA:259,0
DA:260,0
DA:266,0
DA:267,0
DA:268,0
DA:269,0
DA:270,0
DA:276,403
DA:279,403
DA:281,0
DA:283,0
DA:284,0
DA:287,403
DA:288,403
DA:289,403
DA:290,403
DA:291,403
DA:292,403
DA:295,0
DA:303,0
DA:304,0
DA:305,0
DA:308,403
DA:312,403
DA:313,0
DA:316,403
DA:317,403
DA:318,403
DA:319,403
DA:320,403
DA:321,403
DA:322,403
DA:323,403
DA:324,806
DA:325,0
DA:326,403
DA:328,403
DA:329,403
DA:331,403
DA:332,403
DA:333,0
DA:334,403
DA:335,0
DA:338,0
DA:339,0
DA:340,0
DA:343,0
DA:344,0
DA:347,403
DA:350,35299
DA:355,35299
DA:356,35299
DA:359,35299
DA:360,35299
DA:362,35299
DA:363,0
DA:364,0
DA:367,35299
DA:369,11632
DA:370,11632
DA:371,11632
DA:373,372
DA:374,372
DA:375,372
DA:377,0
DA:378,0
DA:380,23264
DA:381,23264
DA:384,0
DA:385,0
DA:386,0
DA:387,0
DA:389,0
DA:392,0
DA:393,0
DA:394,0
DA:395,0
DA:397,0
DA:400,0
DA:401,0
DA:402,0
DA:403,0
DA:405,0
DA:409,0
DA:412,0
DA:413,0
DA:414,0
DA:415,0
DA:416,0
DA:417,0
DA:420,31
DA:421,31
DA:422,31
DA:425,35268
DA:426,35268
DA:427,35268
DA:430,35268
DA:431,35268
DA:434,35702
DA:435,35702
DA:436,35702
DA:437,35702
DA:438,35702
DA:440,0
DA:442,35702
DA:444,117126
DA:445,117126
DA:446,117126
DA:447,117126
DA:448,117126
DA:449,117126
DA:451,11632
DA:452,11632
DA:454,11632
DA:455,11632
DA:457,372
DA:458,372
DA:460,372
DA:461,372
DA:463,46528
DA:464,46528
DA:465,46528
DA:467,0
DA:468,0
DA:469,0
DA:481,0
DA:482,0
DA:483,0
DA:485,0
DA:486,0
DA:487,0
DA:489,0
DA:490,0
DA:491,0
DA:493,0
DA:494,0
DA:495,0
DA:497,22892
DA:498,22892
DA:500,23264
DA:501,23264
DA:503,434
DA:504,434
DA:506,0
DA:507,0
DA:509,117126
DA:510,0
DA:511,117126
DA:512,117126
DA:515,117498
DA:516,235368
DA:517,117592
DA:518,117592
DA:519,372
DA:523,117498
DA:525,0
DA:526,0
DA:527,0
DA:528,0
DA:529,0
DA:530,0
DA:531,0
DA:532,0
DA:533,0
DA:536,0
DA:537,0
DA:538,0
DA:539,0
DA:540,0
DA:541,0
DA:542,0
DA:543,0
DA:544,0
DA:545,0
DA:547,0
DA:548,0
DA:549,0
DA:550,0
DA:551,0
DA:554,0
DA:556,0
DA:559,0
DA:560,0
DA:561,0
DA:562,0
DA:563,0
DA:564,0
DA:565,0
DA:566,0
DA:568,0
DA:570,0
DA:572,0
DA:575,0
DA:579,0
DA:580,0
DA:581,0
DA:582,0
DA:583,0
DA:584,0
DA:586,0
DA:587,0
DA:588,0
DA:590,0
DA:591,0
DA:592,0
DA:593,0
DA:594,0
DA:596,0
DA:599,0
DA:600,0
DA:601,0
DA:602,0
DA:603,0
DA:604,0
DA:606,0
DA:607,0
DA:609,0
DA:612,0
DA:615,0
DA:616,0
DA:617,0
DA:619,0
DA:620,0
DA:622,0
DA:623,0
DA:624,0
DA:625,0
DA:628,0
DA:629,0
DA:630,0
DA:631,0
DA:632,0
DA:633,0
DA:635,0
DA:637,46528
DA:638,46528
DA:639,1575083
DA:640,1528555
DA:641,1528555
DA:642,5
DA:643,1528550
DA:644,46528
DA:646,46528
DA:649,11632
DA:651,11632
DA:652,23264
DA:653,11632
DA:654,11632
DA:655,11632
DA:656,23264
DA:657,46528
DA:658,0
DA:659,23264
DA:660,0
DA:661,23264
DA:662,11632
DA:663,23264
DA:664,23264
DA:665,23264
DA:666,0
DA:667,0
DA:668,0
DA:669,0
DA:670,0
DA:671,0
DA:677,23264
DA:679,0
DA:681,23264
DA:682,23264
DA:683,23264
DA:684,23264
DA:685,23264
DA:686,0
DA:689,46528
DA:690,34896
DA:691,0
DA:693,0
DA:695,23264
DA:696,46528
DA:697,0
DA:698,23264
DA:699,11632
DA:702,11632
DA:705,372
DA:706,372
DA:707,372
DA:708,372
DA:709,372
DA:710,372
DA:713,0
DA:714,0
DA:716,372
DA:718,11632
DA:719,11632
DA:720,11632
DA:721,11632
DA:722,11632
DA:723,0
DA:727,11632
DA:728,23264
DA:729,0
DA:732,11632
DA:733,11632
DA:735,0
DA:737,11632
DA:738,372
DA:739,11260
DA:740,744
DA:743,0
DA:744,0
DA:745,0
DA:746,0
DA:747,0
DA:748,0
DA:749,0
DA:750,0
DA:753,0
DA:757,0
DA:758,0
DA:759,0
DA:760,0
DA:763,0
DA:764,0
DA:765,0
DA:766,0
DA:767,0
DA:768,0
DA:769,0
DA:770,0
DA:771,0
DA:772,0
DA:777,0
DA:778,0
DA:779,0
DA:782,0
DA:784,0
DA:785,0
DA:786,0
DA:787,0
DA:788,0
DA:789,0
DA:791,0
DA:792,0
DA:795,0
DA:796,0
DA:797,0
DA:798,0
DA:799,0
DA:800,0
DA:801,0
DA:802,0
DA:805,0
DA:806,0
DA:807,0
DA:808,0
DA:809,0
DA:810,0
DA:812,0
DA:813,0
DA:814,0
DA:817,23264
DA:818,23264
DA:819,23264
DA:820,0
DA:821,46528
DA:822,23264
DA:823,23264
DA:824,23264
DA:825,46528
DA:828,46528
DA:829,46528
DA:830,46528
DA:831,46528
DA:832,1575083
DA:833,1482027
DA:834,1482027
DA:835,0
DA:836,1482027
DA:837,5
DA:838,0
DA:839,5
DA:840,5
DA:842,0
DA:843,0
DA:845,0
DA:846,0
DA:848,0
DA:849,0
DA:851,0
DA:852,0
DA:854,0
DA:855,0
DA:857,5
DA:858,5
DA:860,0
DA:861,0
DA:863,0
DA:864,0
DA:867,0
DA:868,0
DA:869,0
DA:870,0
DA:872,0
DA:875,1482022
DA:878,46528
DA:881,0
DA:886,0
DA:887,0
DA:888,0
DA:890,0
DA:894,0
DA:896,0
DA:897,0
DA:898,0
DA:900,0
DA:905,0
DA:907,0
DA:910,0
DA:914,0
DA:918,0
DA:919,0
DA:920,0
DA:921,0
DA:922,0
DA:923,0
DA:924,0
DA:925,0
DA:926,0
DA:927,0
DA:928,0
DA:933,0
DA:935,0
DA:936,0
DA:940,31
DA:941,31
DA:942,31
DA:943,31
DA:944,31
DA:945,31
DA:946,31
DA:949,0
DA:950,0
DA:953,0
DA:954,0
DA:955,0
DA:958,0
DA:959,0
DA:962,0
DA:965,0
DA:966,0
DA:969,176030
DA:971,1645686
DA:972,1645686
DA:973,278
DA:974,1645408
DA:977,0
DA:980,0
DA:981,0
DA:982,0
DA:983,0
DA:984,0
DA:985,0
DA:986,0
DA:987,0
DA:988,0
DA:989,0
DA:990,0
DA:991,0
DA:992,0
DA:996,0
DA:997,0
DA:998,0
DA:1000,0
DA:1002,0
DA:1004,0
DA:1005,0
DA:1009,0
DA:1010,0
DA:1013,0
DA:1014,0
DA:1015,0
DA:1016,0
DA:1018,0
DA:1020,0
DA:1021,0
DA:1022,0
DA:1024,0
DA:1026,0
DA:1029,0
DA:1030,0
DA:1031,0
DA:1032,0
DA:1034,0
DA:1035,0
DA:1036,0
DA:1037,0
DA:1038,0
DA:1039,0
DA:1040,0
DA:1041,0
DA:1044,0
DA:1045,0
DA:1046,0
DA:1047,0
DA:1048,0
DA:1050,0
DA:1051,0
DA:1052,0
DA:1053,0
DA:1054,0
DA:1055,0
DA:1056,0
DA:1057,0
DA:1058,0
DA:1061,0
DA:1062,0
DA:1063,0
DA:1064,0
DA:1065,0
DA:1066,0
DA:1068,0
DA:1069,0
DA:1070,0
DA:1071,0
DA:1072,0
DA:1073,0
DA:1074,0
DA:1075,0
DA:1076,0
DA:1079,0
DA:1080,0
DA:1101,0
DA:1107,0
DA:1111,0
DA:1159,0
DA:1226,0
DA:1230,0
DA:1231,0
DA:1233,0
DA:1237,0
DA:1238,0
DA:1241,0
DA:1242,0
DA:1243,0
DA:1244,0
DA:1245,0
DA:1246,0
DA:1247,0
DA:1248,0
DA:1249,0
DA:1250,0
DA:1251,0
DA:1253,0
DA:1254,0
DA:1256,0
DA:1257,0
DA:1258,0
DA:1259,0
DA:1260,0
DA:1263,0
DA:1264,0
DA:1265,0
DA:1266,0
DA:1269,0
DA:1270,0
DA:1271,0
DA:1274,0
DA:1275,0
DA:1278,0
DA:1281,0
DA:1282,0
DA:1283,0
DA:1285,0
DA:1286,0
DA:1288,0
DA:1289,0
DA:1290,0
DA:1293,0
DA:1295,0
DA:1296,0
DA:1297,0
DA:1299,0
DA:1300,0
DA:1301,0
DA:1303,0
DA:1304,0
DA:1306,0
DA:1307,0
DA:1310,0
DA:1311,0
DA:1312,0
DA:1313,0
DA:1315,0
DA:1318,0
DA:1319,0
DA:1320,0
DA:1321,0
DA:1323,0
DA:1326,0
DA:1327,0
DA:1328,0
DA:1329,0
DA:1331,0
DA:1334,0
DA:1335,0
DA:1336,0
DA:1337,0
DA:1339,0
DA:1342,0
DA:1343,0
DA:1344,0
DA:1345,0
DA:1347,0
DA:1350,0
DA:1351,0
DA:1352,0
DA:1353,0
DA:1355,0
DA:1359,0
DA:1362,0
DA:1363,0
DA:1364,0
DA:1365,0
DA:1366,0
DA:1367,0
DA:1370,0
DA:1371,0
DA:1372,0
DA:1375,0
DA:1376,0
DA:1377,0
DA:1380,0
DA:1381,0
DA:1384,0
DA:1385,0
DA:1386,0
DA:1387,0
DA:1388,0
DA:1390,0
DA:1392,0
DA:1394,0
DA:1395,0
DA:1396,0
DA:1397,0
DA:1398,0
DA:1399,0
DA:1401,0
DA:1402,0
DA:1404,0
DA:1405,0
DA:1407,0
DA:1408,0
DA:1410,0
DA:1411,0
DA:1413,0
DA:1414,0
DA:1415,0
DA:1417,0
DA:1418,0
DA:1419,0
DA:1420,0
DA:1423,0
DA:1424,0
DA:1425,0
DA:1436,0
DA:1437,0
DA:1438,0
DA:1440,0
DA:1441,0
DA:1443,0
DA:1444,0
DA:1446,0
DA:1448,0
DA:1449,0
DA:1450,0
DA:1452,0
DA:1453,0
DA:1454,0
DA:1456,0
DA:1457,0
DA:1458,0
DA:1460,0
DA:1461,0
DA:1462,0
DA:1464,0
DA:1466,0
DA:1468,0
DA:1469,0
DA:1470,0
DA:1472,0
DA:1474,0
DA:1476,0
DA:1477,0
DA:1479,0
DA:1480,0
DA:1482,0
DA:1483,0
DA:1485,0
DA:1486,0
DA:1488,0
DA:1489,0
DA:1490,0
DA:1491,0
DA:1494,0
DA:1495,0
DA:1496,0
DA:1497,0
DA:1498,0
DA:1502,0
DA:1504,0
DA:1505,0
DA:1506,0
DA:1507,0
DA:1508,0
DA:1509,0
DA:1510,0
DA:1511,0
DA:1512,0
DA:1515,0
DA:1516,0
DA:1517,0
DA:1518,0
DA:1519,0
DA:1520,0
DA:1521,0
DA:1522,0
DA:1523,0
DA:1524,0
DA:1526,0
DA:1527,0
DA:1528,0
DA:1529,0
DA:1530,0
DA:1533,0
DA:1535,0
DA:1539,0
DA:1540,0
DA:1541,0
DA:1542,0
DA:1543,0
DA:1544,0
DA:1546,0
DA:1547,0
DA:1548,0
DA:1550,0
DA:1551,0
DA:1552,0
DA:1553,0
DA:1554,0
DA:1556,0
DA:1559,0
DA:1560,0
DA:1561,0
DA:1562,0
DA:1563,0
DA:1564,0
DA:1566,0
DA:1567,0
DA:1569,0
DA:1572,0
DA:1575,0
DA:1576,0
DA:1577,0
DA:1578,0
DA:1579,0
DA:1581,0
DA:1583,0
DA:1584,0
DA:1586,0
DA:1587,0
DA:1588,0
DA:1589,0
DA:1592,0
DA:1593,0
DA:1594,0
DA:1595,0
DA:1596,0
DA:1597,0
DA:1599,0
DA:1601,0
DA:1602,0
DA:1603,0
DA:1604,0
DA:1605,0
DA:1606,0
DA:1607,0
DA:1608,0
DA:1610,0
DA:1614,0
DA:1615,0
DA:1616,0
DA:1617,0
DA:1618,0
DA:1619,0
DA:1620,0
DA:1621,0
DA:1623,0
DA:1626,0
DA:1628,0
DA:1629,0
DA:1630,0
DA:1631,0
DA:1632,0
DA:1633,0
DA:1634,0
DA:1635,0
DA:1636,0
DA:1637,0
DA:1638,0
DA:1639,0
DA:1640,0
DA:1641,0
DA:1642,0
DA:1643,0
DA:1644,0
DA:1645,0
DA:1646,0
DA:1647,0
DA:1648,0
DA:1654,0
DA:1656,0
DA:1658,0
DA:1659,0
DA:1660,0
DA:1662,0
DA:1664,0
DA:1665,0
DA:1666,0
DA:1667,0
DA:1668,0
DA:1669,0
DA:1672,0
DA:1673,0
DA:1674,0
DA:1676,0
DA:1678,0
DA:1679,0
DA:1680,0
DA:1681,0
DA:1682,0
DA:1685,0
DA:1688,0
DA:1689,0
DA:1690,0
DA:1691,0
DA:1692,0
DA:1693,0
DA:1696,0
DA:1697,0
DA:1699,0
DA:1701,0
DA:1702,0
DA:1703,0
DA:1704,0
DA:1705,0
DA:1706,0
DA:1710,0
DA:1711,0
DA:1712,0
DA:1715,0
DA:1716,0
DA:1718,0
DA:1720,0
DA:1721,0
DA:1722,0
DA:1723,0
DA:1726,0
DA:1727,0
DA:1728,0
DA:1729,0
DA:1730,0
DA:1731,0
DA:1732,0
DA:1733,0
DA:1736,0
DA:1740,0
DA:1741,0
DA:1742,0
DA:1743,0
DA:1747,0
DA:1748,0
DA:1749,0
DA:1750,0
DA:1751,0
DA:1752,0
DA:1753,0
DA:1754,0
DA:1755,0
DA:1760,0
DA:1761,0
DA:1762,0
DA:1765,0
DA:1767,0
DA:1768,0
DA:1769,0
DA:1770,0
DA:1772,0
DA:1773,0
DA:1776,0
DA:1777,0
DA:1778,0
DA:1779,0
DA:1780,0
DA:1781,0
DA:1782,0
DA:1783,0
DA:1786,0
DA:1787,0
DA:1788,0
DA:1790,0
DA:1793,0
DA:1794,0
DA:1796,0
DA:1803,0
DA:1805,0
DA:1807,0
DA:1808,0
DA:1809,0
DA:1811,0
DA:1812,0
DA:1815,0
DA:1816,0
DA:1818,0
DA:1819,0
DA:1820,0
DA:1823,0
DA:1824,0
DA:1825,0
DA:1826,0
DA:1827,0
DA:1828,0
DA:1829,0
DA:1830,0
DA:1831,0
DA:1834,0
DA:1835,0
DA:1836,0
DA:1837,0
DA:1838,0
DA:1839,0
DA:1840,0
DA:1841,0
DA:1842,0
DA:1843,0
DA:1844,0
DA:1845,0
DA:1846,0
DA:1848,0
DA:1849,0
DA:1851,0
DA:1852,0
DA:1854,0
DA:1855,0
DA:1857,0
DA:1858,0
DA:1860,0
DA:1861,0
DA:1863,0
DA:1864,0
DA:1866,0
DA:1867,0
DA:1869,0
DA:1870,0
DA:1873,0
DA:1874,0
DA:1875,0
DA:1876,0
DA:1878,0
DA:1881,0
DA:1884,0
DA:1887,0
DA:1892,0
DA:1893,0
DA:1894,0
DA:1896,0
DA:1900,0
DA:1902,0
DA:1903,0
DA:1904,0
DA:1906,0
DA:1911,0
DA:1913,0
DA:1916,0
DA:1920,0
DA:1924,0
DA:1925,0
DA:1926,0
DA:1927,0
DA:1928,0
DA:1929,0
DA:1930,0
DA:1931,0
DA:1932,0
DA:1933,0
DA:1934,0
DA:1939,0
DA:1941,0
DA:1942,0
DA:1946,0
DA:1947,0
DA:1948,0
DA:1949,0
DA:1950,0
DA:1951,0
DA:1952,0
DA:1955,0
DA:1956,0
DA:1959,0
DA:1960,0
DA:1961,0
DA:1964,0
DA:1965,0
DA:1968,0
DA:1971,0
DA:1972,0
DA:1975,0
DA:1977,0
DA:1978,0
DA:1979,0
DA:1980,0
DA:1983,0
DA:1986,0
DA:1987,0
DA:1988,0
DA:1989,0
DA:1990,0
DA:1991,0
DA:1992,0
DA:1993,0
DA:1994,0
DA:1995,0
DA:1996,0
DA:1997,0
DA:1998,0
DA:2002,0
DA:2003,0
DA:2004,0
DA:2006,0
DA:2008,0
DA:2010,0
DA:2011,0
DA:2014,0
DA:2015,0
DA:2016,0
DA:2017,0
DA:2019,0
DA:2021,0
DA:2022,0
DA:2023,0
DA:2025,0
DA:2027,0
DA:2030,0
DA:2031,0
DA:2032,0
DA:2033,0
DA:2035,0
DA:2036,0
DA:2037,0
DA:2038,0
DA:2039,0
DA:2040,0
DA:2041,0
DA:2042,0
DA:2045,0
DA:2046,0
DA:2047,0
DA:2048,0
DA:2049,0
DA:2051,0
DA:2052,0
DA:2053,0
DA:2054,0
DA:2055,0
DA:2056,0
DA:2057,0
DA:2058,0
DA:2059,0
DA:2062,0
DA:2063,0
DA:2064,0
DA:2065,0
DA:2066,0
DA:2067,0
DA:2069,0
DA:2070,0
DA:2071,0
DA:2072,0
DA:2073,0
DA:2074,0
DA:2075,0
DA:2076,0
DA:2077,0
DA:2080,0
DA:2081,0
DA:2085,0
DA:2089,0
DA:2093,0
DA:2094,0
DA:2095,0
DA:2098,0
DA:2099,0
DA:2100,0
DA:2102,0
DA:2106,0
DA:2108,0
DA:2109,0
DA:2110,0
DA:2111,0
DA:2112,0
DA:2114,0
DA:2115,0
DA:2116,0
DA:2117,0
DA:2118,0
DA:2119,0
DA:2120,0
DA:2121,0
DA:2122,0
DA:2123,0
DA:2124,0
DA:2125,0
DA:2127,0
DA:2129,0
DA:2130,0
DA:2131,0
DA:2132,0
DA:2133,0
DA:2134,0
DA:2135,0
DA:2136,0
DA:2137,0
DA:2138,0
DA:2139,0
DA:2140,0
DA:2141,0
DA:2143,0
DA:2144,0
DA:2145,0
DA:2146,0
DA:2147,0
DA:2148,0
DA:2149,0
DA:2150,0
DA:2151,0
DA:2152,0
DA:2153,0
DA:2156,0
DA:2158,0
DA:2160,0
DA:2163,0
DA:2166,0
DA:2167,0
DA:2168,0
DA:2169,0
DA:2170,0
DA:2171,0
DA:2172,0
DA:2173,0
DA:2174,0
DA:2176,0
DA:2178,0
DA:2181,0
DA:2182,0
DA:2183,0
DA:2184,0
DA:2185,0
DA:2186,0
DA:2187,0
DA:2188,0
DA:2189,0
DA:2190,0
DA:2192,0
DA:2197,0
DA:2201,0
DA:2202,0
DA:2203,0
DA:2204,0
DA:2205,0
DA:2207,0
DA:2208,0
DA:2211,0
DA:2212,0
DA:2213,0
DA:2214,0
DA:2215,0
DA:2218,0
DA:2220,0
DA:2222,0
DA:2257,0
DA:2258,0
DA:2259,0
DA:2261,0
DA:2263,0
DA:2265,0
DA:2266,0
DA:2269,0
DA:2270,0
DA:2271,0
DA:2273,0
DA:2274,0
DA:2275,0
DA:2278,0
DA:2287,0
DA:2288,0
DA:2296,0
DA:2297,0
DA:2299,0
DA:2301,0
DA:2305,0
DA:2306,0
DA:2307,0
DA:2309,0
DA:2312,0
DA:2313,0
DA:2314,0
DA:2315,0
DA:2317,0
DA:2318,0
DA:2319,0
DA:2320,0
DA:2321,0
DA:2322,0
DA:2324,0
DA:2327,0
DA:2328,0
DA:2329,0
DA:2330,0
DA:2331,0
DA:2334,0
DA:2337,0
DA:2338,0
DA:2339,0
DA:2342,0
DA:2343,0
DA:2344,0
DA:2347,0
DA:2348,0
DA:2349,0
DA:2350,0
DA:2351,0
DA:2353,0
DA:2354,0
DA:2365,0
DA:2367,0
DA:2369,0
DA:2371,0
DA:2372,0
DA:2374,0
DA:2376,0
DA:2377,0
DA:2388,0
DA:2390,0
DA:2391,0
DA:2393,0
DA:2394,0
DA:2395,0
DA:2398,0
DA:2399,0
DA:2401,0
DA:2402,0
DA:2403,0
DA:2456,20
DA:2457,20
DA:2477,0
DA:2481,0
DA:2505,75234
DA:2510,75234
DA:2511,0
DA:2513,75234
DA:2514,75234
DA:2517,0
DA:2519,75234
DA:2520,75234
DA:2521,75234
DA:2526,52590
DA:2532,52590
DA:2535,52590
DA:2536,52590
DA:2537,52590
DA:2540,0
DA:2542,52590
DA:2543,52590
DA:2544,52590
DA:2545,52590
DA:2547,47420
DA:2551,47420
DA:2552,0
DA:2553,0
DA:2555,47420
DA:2556,47420
DA:2558,47420
DA:2577,52590
DA:2578,52590
DA:2579,52590
DA:2580,75234
DA:2581,75234
DA:2582,75234
DA:2601,0
DA:2602,0
DA:2603,0
DA:2604,0
DA:2605,0
DA:2606,0
DA:2608,0
DA:2610,0
DA:2611,0
DA:2612,0
DA:2613,0
DA:2614,0
DA:2615,0
DA:2616,0
DA:2618,0
DA:2620,0
DA:2622,0
DA:2633,0
DA:2634,0
DA:2636,0
DA:2637,0
DA:2638,0
DA:2639,0
DA:2641,0
DA:2642,0
DA:2643,0
DA:2644,0
DA:2646,0
DA:2647,0
DA:2651,0
DA:2652,0
DA:2665,23041
DA:2667,43522
DA:2668,43522
DA:2670,43522
DA:2671,43522
DA:2672,43522
DA:2674,112204
DA:2675,214520
DA:2676,75234
DA:2677,187438
DA:2681,112204
DA:2682,112204
DA:2683,112204
DA:2686,0
DA:2687,0
DA:2688,0
DA:2689,0
DA:2692,178767
DA:2693,178767
DA:2694,75234
DA:2696,178767
DA:2698,0
DA:2699,0
DA:2700,0
DA:2701,0
DA:2703,0
DA:2704,0
DA:2705,0
DA:2708,247155
DA:2709,247155
DA:2712,83366
DA:2713,83366
DA:2714,83366
DA:2715,83366
DA:2716,83366
DA:2717,83366
DA:2718,49427
DA:2719,37232
DA:2722,2242
DA:2723,2242
DA:2726,1042
DA:2727,1042
DA:2728,1042
DA:2729,1040
DA:2730,1040
DA:2731,1040
DA:2734,2253
DA:2737,18096
DA:2738,18096
DA:2739,0
DA:2753,17040
DA:2754,17040
DA:2755,17040
DA:2757,3832
DA:2760,0
DA:2761,0
DA:2763,0
DA:2764,0
DA:2766,0
DA:2767,0
DA:2770,13208
DA:2771,13208
DA:2773,0
DA:2774,0
DA:2776,0
DA:2778,17040
DA:2780,96
DA:2781,96
DA:2782,96
DA:2783,96
DA:2785,0
DA:2786,0
DA:2787,0
DA:2788,0
DA:2790,0
DA:2791,0
DA:2792,0
DA:2793,0
DA:2794,0
DA:2795,0
DA:2796,0
DA:2797,0
DA:2800,0
DA:2801,0
DA:2802,0
DA:2803,0
DA:2805,0
DA:2806,0
DA:2807,0
DA:2808,0
DA:2810,0
DA:2811,0
DA:2813,0
DA:2814,0
DA:2816,24576
DA:2817,24576
DA:2819,24576
DA:2820,24576
DA:2822,0
DA:2823,0
DA:2824,0
DA:2825,0
DA:2834,0
DA:2835,0
DA:2836,0
DA:2837,0
DA:2839,115806
DA:2842,115806
DA:2844,115806
DA:2850,74061
DA:2851,74061
DA:2853,28014
DA:2857,28014
DA:2858,28014
DA:2859,28014
DA:2861,0
DA:2862,0
DA:2864,28014
DA:2867,13731
DA:2868,13731
DA:2870,0
DA:2872,115806
DA:2873,0
DA:2874,0
DA:2875,0
DA:2876,0
DA:2878,0
DA:2881,115806
DA:2885,0
DA:2886,0
DA:2887,0
DA:2888,0
DA:2891,157518
DA:2892,157518
DA:2898,77989
DA:2900,52590
DA:2901,52590
DA:2902,52590
DA:2905,26939
DA:2906,26939
DA:2908,0
DA:2911,157518
DA:2912,0
DA:2914,157518
DA:2915,157518
DA:2917,5830
DA:2918,5830
DA:2919,5830
DA:2922,41098
DA:2923,41098
DA:2924,41098
DA:2925,41098
DA:2926,41098
DA:2927,41098
DA:2928,41098
DA:2929,41098
DA:2930,41098
DA:2932,5830
DA:2933,5830
DA:2934,5830
DA:2935,5830
DA:2936,5830
DA:2937,5830
DA:2939,29033
DA:2941,0
DA:2942,0
DA:2943,0
DA:2944,0
DA:2945,0
DA:2946,0
DA:2949,0
DA:2950,0
DA:2951,0
DA:2952,0
DA:2953,0
DA:2955,0
DA:2957,0
DA:2959,0
DA:2961,0
DA:2963,0
DA:2966,0
DA:2967,0
DA:2968,0
DA:2974,0
DA:2975,0
DA:2976,0
DA:2977,0
DA:2978,0
DA:2979,0
DA:2980,0
DA:2981,0
DA:2985,0
DA:2986,0
DA:2987,0
DA:2988,0
DA:2991,0
DA:2996,0
DA:2998,0
DA:3000,0
DA:3002,0
DA:3007,0
DA:3008,0
DA:3009,0
DA:3010,0
DA:3012,0
DA:3014,0
DA:3016,0
DA:3018,0
DA:3020,0
DA:3023,0
DA:3024,0
DA:3030,0
DA:3031,0
DA:3032,0
DA:3033,0
DA:3034,0
DA:3035,0
DA:3039,0
DA:3040,0
DA:3042,0
DA:3047,0
DA:3049,0
DA:3050,0
DA:3052,0
DA:3055,0
DA:3056,0
DA:3071,19406
DA:3072,19406
DA:3073,19406
DA:3075,19406
DA:3076,19406
DA:3077,19406
DA:3080,0
DA:3081,0
DA:3083,0
DA:3086,0
DA:3089,0
DA:3090,0
DA:3093,0
DA:3095,0
DA:3097,0
DA:3099,0
DA:3101,0
DA:3115,0
DA:3116,0
DA:3118,0
DA:3119,0
DA:3121,0
DA:3122,0
DA:3124,0
DA:3126,0
DA:3128,0
DA:3130,0
DA:3132,0
DA:3134,0
DA:3137,0
DA:3138,0
DA:3140,0
DA:3141,0
DA:3143,0
DA:3144,0
DA:3146,0
DA:3148,0
DA:3150,0
DA:3152,0
DA:3154,0
DA:3156,0
DA:3161,176
DA:3162,176
DA:3164,176
DA:3166,0
DA:3167,0
DA:3169,0
DA:3171,0
DA:3173,0
DA:3175,0
DA:3177,0
DA:3179,0
DA:3182,0
DA:3183,0
DA:3185,0
DA:3186,0
DA:3188,0
DA:3190,0
DA:3192,0
DA:3194,0
DA:3196,0
DA:3198,0
DA:3200,0
DA:3204,176
DA:3208,176
DA:3212,0
DA:3216,0
DA:3220,0
DA:3221,0
DA:3223,0
DA:3226,0
DA:3231,0
DA:3233,0
DA:3235,0
DA:3237,0
DA:3239,0
DA:3242,0
DA:3243,0
DA:3245,0
DA:3248,0
DA:3254,0
DA:3256,0
DA:3258,0
DA:3260,0
DA:3262,0
DA:3265,0
DA:3266,0
DA:3268,0
DA:3270,0
DA:3272,0
DA:3274,0
DA:3277,0
DA:3279,0
DA:3281,0
DA:3284,0
DA:3285,0
DA:3287,0
DA:3288,0
DA:3289,0
DA:3290,0
DA:3291,0
DA:3292,0
DA:3294,0
DA:3295,0
DA:3296,0
DA:3298,0
DA:3299,0
DA:3300,0
DA:3302,0
DA:3304,0
DA:3306,0
DA:3307,0
DA:3309,0
DA:3311,0
DA:3313,0
DA:3318,2525
DA:3319,2525
DA:3326,31
DA:3328,2494
DA:3329,2253
DA:3330,2253
DA:3331,2253
DA:3333,241
DA:3335,0
DA:3337,0
DA:3341,0
DA:3342,0
DA:3343,0
DA:3345,0
DA:3348,0
DA:3350,0
DA:3351,0
DA:3354,0
DA:3355,0
DA:3356,0
DA:3359,0
DA:3360,0
DA:3362,0
DA:3364,0
DA:3366,0
DA:3367,0
DA:3369,0
DA:3370,0
DA:3371,0
DA:3372,0
DA:3373,0
DA:3374,0
DA:3375,0
DA:3377,0
DA:3378,0
DA:3380,0
DA:3382,0
DA:3384,13693
DA:3385,13693
DA:3388,13693
DA:3389,15
DA:3390,13693
DA:3391,13693
DA:3392,13693
DA:3393,1200
DA:3395,24986
DA:3396,12493
DA:3397,26186
DA:3400,12832
DA:3401,12832
DA:3404,12832
DA:3407,9348
DA:3408,9348
DA:3411,9348
DA:3412,0
DA:3413,9348
DA:3414,9348
DA:3415,9348
DA:3416,0
DA:3417,9348
DA:3420,0
DA:3421,0
DA:3424,0
DA:3427,41712
DA:3428,41712
DA:3429,41712
DA:3430,41712
DA:3431,41712
DA:3432,41712
DA:3433,41712
DA:3438,0
DA:3439,0
DA:3442,0
DA:3443,0
DA:3445,0
DA:3446,0
DA:3447,0
DA:3448,0
DA:3450,0
DA:3451,0
DA:3452,0
DA:3453,0
DA:3457,25426
DA:3459,25426
DA:3462,25426
DA:3463,0
DA:3465,25426
DA:3466,25426
DA:3467,25426
DA:3468,1040
DA:3470,48772
DA:3471,24386
DA:3472,24386
DA:3473,49812
DA:3476,0
DA:3477,0
DA:3478,0
DA:3481,0
DA:3483,18096
DA:3485,18096
DA:3488,18096
DA:3489,18096
DA:3490,18096
DA:3491,18096
DA:3492,18096
DA:3494,0
DA:3496,0
DA:3497,0
DA:3498,0
DA:3500,18096
DA:3502,18096
DA:3503,18096
DA:3504,18096
DA:3507,0
DA:3508,0
DA:3511,25426
DA:3512,25426
DA:3515,0
DA:3516,0
DA:3531,861
DA:3533,0
DA:3535,0
DA:3536,0
DA:3538,0
DA:3540,0
DA:3542,0
DA:3544,0
DA:3548,0
DA:3550,0
DA:3551,0
DA:3553,0
DA:3554,0
DA:3555,0
DA:3556,0
DA:3557,0
DA:3558,0
DA:3559,0
DA:3561,0
DA:3563,0
DA:3565,0
DA:3567,0
DA:3569,0
DA:3571,0
DA:3573,0
DA:3574,0
DA:3576,0
DA:3577,0
DA:3578,0
DA:3580,0
DA:3582,0
DA:3585,0
DA:3586,0
DA:3587,0
DA:3589,0
DA:3590,0
DA:3591,0
DA:3592,0
DA:3594,0
DA:3595,0
DA:3597,0
DA:3598,0
DA:3599,0
DA:3600,0
DA:3602,0
DA:3603,0
DA:3604,0
DA:3605,0
DA:3615,0
DA:3617,0
DA:3618,0
DA:3620,0
DA:3622,0
DA:3624,0
DA:3626,0
DA:3635,9048
DA:3636,9048
DA:3639,9048
DA:3640,0
DA:3641,9048
DA:3642,9048
DA:3643,9048
DA:3644,9048
DA:3645,27144
DA:3646,18096
DA:3647,36192
DA:3649,9048
DA:3677,0
DA:3679,0
DA:3682,0
DA:3684,0
DA:3686,0
DA:3687,0
DA:3689,0
DA:3691,0
DA:3693,0
DA:3694,0
DA:3696,0
DA:3698,0
DA:3701,0
DA:3702,0
DA:3704,0
DA:3706,0
DA:3708,0
DA:3709,0
DA:3711,0
DA:3713,0
DA:3716,0
DA:3718,0
DA:3720,0
DA:3722,0
DA:3727,0
DA:3728,0
DA:3730,0
DA:3733,0
DA:3736,0
DA:3738,0
DA:3740,0
DA:3742,0
DA:3747,0
DA:3748,0
DA:3750,0
DA:3753,0
DA:3756,0
DA:3758,0
DA:3764,0
DA:3766,0
DA:3768,0
DA:3770,0
DA:3772,0
DA:3774,0
DA:3775,0
DA:3776,0
DA:3777,0
DA:3779,0
DA:3781,0
DA:3782,0
DA:3784,0
DA:3785,0
DA:3786,0
DA:3788,0
DA:3789,0
DA:3790,0
DA:3792,0
DA:3793,0
DA:3796,0
DA:3797,0
DA:3798,0
DA:3799,0
DA:3802,35299
DA:3804,35299
DA:3806,0
DA:3808,0
DA:3810,0
DA:3811,0
DA:3812,0
DA:3815,0
DA:3816,0
DA:3819,0
DA:3820,0
DA:3821,0
DA:3823,0
DA:3825,0
DA:3828,0
DA:3829,0
DA:3832,0
DA:3833,0
DA:3834,0
DA:3836,0
DA:3838,0
DA:3841,0
DA:3842,0
DA:3845,0
DA:3846,0
DA:3847,0
DA:3849,0
DA:3851,0
DA:3854,0
DA:3855,0
DA:3858,0
DA:3859,0
DA:3860,0
DA:3862,0
DA:3864,0
DA:3870,0
DA:3872,0
DA:3873,0
DA:3875,0
DA:3876,0
DA:3878,0
DA:3879,0
DA:3884,0
DA:3889,0
DA:3890,0
DA:3891,0
DA:3892,0
DA:3893,0
DA:3894,0
DA:3895,0
DA:3896,0
DA:3897,0
DA:3899,0
DA:3900,0
DA:3901,0
DA:3902,0
DA:3903,0
DA:3904,0
DA:3905,0
DA:3906,0
DA:3907,0
DA:3909,0
DA:3910,0
DA:3911,0
DA:3912,0
DA:3914,0
DA:3915,0
DA:3916,0
DA:3917,0
DA:3918,0
DA:3919,0
DA:3920,0
DA:3922,0
DA:3923,0
DA:3924,0
DA:3925,0
DA:3928,0
DA:3930,0
DA:3934,0
DA:3936,0
DA:3939,0
DA:3941,0
DA:3943,0
DA:3945,0
DA:3947,0
DA:3948,0
DA:3949,0
DA:3950,0
DA:3951,0
DA:3952,0
DA:3955,0
DA:3956,0
DA:3957,0
DA:3960,0
DA:3961,0
DA:3967,0
DA:3970,0
DA:3971,0
DA:3972,0
DA:3973,0
DA:3974,0
DA:3975,0
DA:3976,0
DA:3977,0
DA:3978,0
DA:3979,0
DA:3980,0
DA:3981,0
DA:3982,0
DA:3983,0
DA:3986,0
DA:3989,0
DA:3990,0
DA:3991,0
DA:3992,0
DA:3993,0
DA:3994,0
DA:3997,0
DA:3998,0
DA:3999,0
DA:4002,0
DA:4005,0
DA:4106,0
DA:4107,0
DA:4108,0
DA:4109,0
DA:4111,0
DA:4114,37497
DA:4115,37497
DA:4116,1305695
DA:4117,1230701
DA:4118,0
DA:4119,1230701
DA:4121,37497
DA:4124,176
DA:4126,176
DA:4127,176
DA:4128,0
DA:4129,0
DA:4130,176
DA:4131,0
DA:4132,0
DA:4134,176
DA:4136,176
DA:4137,176
DA:4140,0
DA:4142,0
DA:4143,0
DA:4144,0
DA:4145,0
DA:4150,0
DA:4151,0
DA:4154,0
DA:4155,0
DA:4160,0
DA:4164,0
DA:4167,0
DA:4172,0
DA:4173,0
DA:4176,0
DA:4177,0
DA:4178,0
DA:4179,0
DA:4181,0
DA:4185,0
DA:4186,0
DA:4187,0
DA:4190,0
DA:4192,0
DA:4194,0
DA:4195,0
DA:4196,0
DA:4198,0
DA:4199,0
DA:4200,0
DA:4205,0
DA:4206,0
DA:4207,0
DA:4208,0
DA:4209,0
DA:4210,0
DA:4212,0
DA:4213,0
DA:4215,0
DA:4216,0
DA:4218,0
DA:4219,0
DA:4221,0
DA:4222,0
DA:4224,0
DA:4225,0
DA:4227,0
DA:4228,0
DA:4230,0
DA:4231,0
DA:4241,0
DA:4242,0
DA:4243,0
DA:4244,0
DA:4245,0
DA:4247,0
DA:4249,0
DA:4252,0
DA:4253,0
DA:4257,37502
DA:4258,37502
DA:4260,37502
DA:4261,1268223
DA:4262,1230726
DA:4263,9845793
DA:4264,8615072
DA:4265,5
DA:4269,37497
DA:4271,37502
DA:4272,37502
DA:4273,0
DA:4275,74999
DA:4276,37497
DA:4277,37497
DA:4282,5
DA:4283,5
DA:4284,5
DA:4285,5
DA:4286,5
DA:4287,30
DA:4288,25
DA:4290,0
DA:4291,0
DA:4293,0
DA:4294,0
DA:4296,0
DA:4297,0
DA:4299,0
DA:4300,0
DA:4302,5
DA:4303,5
DA:4305,0
DA:4306,0
DA:4308,0
DA:4309,0
DA:4319,20
DA:4320,0
DA:4321,0
DA:4322,0
DA:4323,0
DA:4325,20
DA:4327,20
DA:4330,5
DA:4331,5
DA:4336,1589
DA:4341,1589
DA:4343,1589
DA:4345,0
DA:4347,0
DA:4349,0
DA:4351,1589
DA:4352,1589
DA:4353,1589
DA:4354,1589
DA:4355,1589
DA:4356,1589
DA:4359,29033
DA:4360,29033
DA:4362,0
DA:4363,0
DA:4364,0
DA:4366,176
DA:4367,176
DA:4369,0
DA:4370,0
DA:4372,0
DA:4373,0
DA:4379,19406
DA:4380,19406
DA:4381,19406
DA:4384,0
DA:4385,0
DA:4387,403
DA:4388,403
DA:4389,9751
DA:4390,9348
DA:4391,8961
DA:4392,9348
DA:4394,403
DA:4395,403
DA:4397,9048
DA:4398,9048
DA:4399,27144
DA:4401,18096
DA:4402,18096
DA:4403,9048
DA:4404,18096
DA:4405,18096
DA:4406,18096
DA:4408,9048
DA:4409,9048
DA:4411,29033
DA:4416,0
DA:4417,0
DA:4419,0
DA:4420,0
DA:4421,0
DA:4422,0
DA:4423,0
DA:4424,0
DA:4425,0
DA:4426,0
DA:4427,0
DA:4430,0
DA:4431,0
DA:4433,0
DA:4434,0
DA:4436,0
DA:4437,0
DA:4439,0
DA:4440,0
DA:4442,0
DA:4443,0
DA:4449,0
DA:4450,0
DA:4451,0
DA:4452,0
DA:4455,0
DA:4456,0
DA:4458,0
DA:4459,0
DA:4461,0
DA:4462,0
DA:4463,0
DA:4465,0
DA:4466,0
DA:4467,0
DA:4469,0
DA:4470,0
DA:4471,0
DA:4472,0
DA:4473,0
DA:4474,0
DA:4475,0
DA:4476,0
DA:4477,0
DA:4479,0
DA:4480,0
DA:4481,0
DA:4482,0
DA:4483,0
DA:4484,0
DA:4485,0
DA:4487,0
DA:4489,0
DA:4490,0
DA:4491,0
DA:4492,0
DA:4494,0
DA:4495,0
DA:4496,0
DA:4497,0
DA:4498,0
DA:4499,0
DA:4501,0
DA:4502,0
DA:4503,0
DA:4504,0
DA:4506,0
DA:4507,0
DA:4509,0
DA:4510,0
DA:4511,0
DA:4513,0
DA:4514,0
DA:4515,0
DA:4516,0
DA:4517,0
DA:4520,0
DA:4521,0
DA:4522,0
DA:4523,0
DA:4524,0
DA:4525,0
DA:4527,0
DA:4530,0
DA:4532,0
DA:4533,0
DA:4534,0
DA:4535,0
DA:4536,0
DA:4537,0
DA:4538,0
DA:4539,0
DA:4541,0
DA:4543,0
DA:4544,0
DA:4545,0
DA:4546,0
DA:4547,0
DA:4548,0
DA:4550,0
DA:4551,0
DA:4553,0
DA:4554,0
DA:4556,0
DA:4559,0
DA:4560,0
DA:4561,0
DA:4563,0
DA:4564,0
DA:4566,0
DA:4567,0
DA:4568,0
DA:4569,0
DA:4570,0
DA:4571,0
DA:4572,0
DA:4574,0
DA:4577,0
DA:4578,0
DA:4579,0
DA:4580,0
DA:4582,0
DA:4584,0
DA:4585,0
DA:4586,0
DA:4587,0
DA:4589,0
DA:4590,0
DA:4591,0
DA:4593,0
DA:4594,0
DA:4595,0
DA:4596,0
DA:4597,0
DA:4598,0
DA:4599,0
DA:4600,0
DA:4601,0
DA:4602,0
DA:4606,0
DA:4609,0
DA:4610,0
DA:4611,0
DA:4613,0
DA:4614,0
DA:4615,0
DA:4616,0
DA:4618,0
DA:4620,0
DA:4621,0
DA:4622,0
DA:4623,0
DA:4629,0
DA:4631,0
DA:4633,0
DA:4634,0
DA:4635,0
DA:4636,0
DA:4637,0
DA:4638,0
DA:4639,0
DA:4640,0
DA:4641,0
DA:4642,0
DA:4643,0
DA:4644,0
DA:4645,0
DA:4647,0
DA:4648,0
DA:4650,0
DA:4651,0
DA:4653,0
DA:4654,0
DA:4656,0
DA:4657,0
DA:4659,0
DA:4660,0
DA:4666,0
DA:4667,0
DA:4668,0
DA:4669,0
DA:4672,0
DA:4673,0
DA:4675,0
DA:4676,0
DA:4678,0
DA:4679,0
DA:4680,0
DA:4682,0
DA:4683,0
DA:4684,0
DA:4686,0
DA:4687,0
DA:4688,0
DA:4689,0
DA:4690,0
DA:4691,0
DA:4692,0
DA:4693,0
DA:4694,0
DA:4696,0
DA:4697,0
DA:4698,0
DA:4699,0
DA:4700,0
DA:4701,0
DA:4702,0
DA:4704,0
DA:4706,0
DA:4707,0
DA:4708,0
DA:4709,0
DA:4711,0
DA:4712,0
DA:4713,0
DA:4714,0
DA:4715,0
DA:4716,0
DA:4718,0
DA:4719,0
DA:4720,0
DA:4721,0
DA:4723,0
DA:4724,0
DA:4725,0
DA:4726,0
DA:4728,0
DA:4729,0
DA:4730,0
DA:4732,0
DA:4733,0
DA:4734,0
DA:4735,0
DA:4736,0
DA:4739,0
DA:4740,0
DA:4741,0
DA:4742,0
DA:4743,0
DA:4744,0
DA:4746,0
DA:4749,0
DA:4751,0
DA:4752,0
DA:4753,0
DA:4754,0
DA:4755,0
DA:4756,0
DA:4757,0
DA:4758,0
DA:4760,0
DA:4762,0
DA:4763,0
DA:4764,0
DA:4765,0
DA:4766,0
DA:4767,0
DA:4769,0
DA:4770,0
DA:4772,0
DA:4773,0
DA:4775,0
DA:4778,0
DA:4779,0
DA:4780,0
DA:4782,0
DA:4783,0
DA:4785,0
DA:4790,0
DA:4791,0
DA:4793,0
DA:4794,0
DA:4795,0
DA:4796,0
DA:4797,0
DA:4799,0
DA:4801,0
DA:4802,0
DA:4803,0
DA:4804,0
DA:4806,0
DA:4807,0
DA:4808,0
DA:4810,0
DA:4811,0
DA:4812,0
DA:4813,0
DA:4814,0
DA:4815,0
DA:4816,0
DA:4818,0
DA:4819,0
DA:4821,0
DA:4824,0
DA:4825,0
DA:4826,0
DA:4828,0
DA:4829,0
DA:4830,0
DA:4832,0
DA:4833,0
DA:4835,0
DA:4836,0
DA:4837,0
DA:4838,0
DA:4854,0
DA:4893,0
DA:4910,0
DA:4912,0
DA:4913,0
DA:4915,0
DA:4916,0
DA:4917,0
DA:4918,0
DA:4919,0
DA:4920,0
DA:4921,0
DA:4922,0
DA:4923,0
DA:4924,0
DA:4925,0
DA:4926,0
DA:4928,0
DA:4929,0
DA:4931,0
DA:4932,0
DA:4934,0
DA:4935,0
DA:4937,0
DA:4938,0
DA:4940,0
DA:4941,0
DA:4947,0
DA:4948,0
DA:4949,0
DA:4950,0
DA:4953,0
DA:4954,0
DA:4956,0
DA:4957,0
DA:4959,0
DA:4960,0
DA:4961,0
DA:4963,0
DA:4964,0
DA:4965,0
DA:4967,0
DA:4968,0
DA:4969,0
DA:4970,0
DA:4971,0
DA:4972,0
DA:4973,0
DA:4974,0
DA:4975,0
DA:4977,0
DA:4978,0
DA:4979,0
DA:4980,0
DA:4981,0
DA:4982,0
DA:4983,0
DA:4985,0
DA:4987,0
DA:4988,0
DA:4989,0
DA:4990,0
DA:4992,0
DA:4993,0
DA:4994,0
DA:4995,0
DA:4996,0
DA:4997,0
DA:4999,0
DA:5000,0
DA:5001,0
DA:5002,0
DA:5004,0
DA:5005,0
DA:5006,0
DA:5007,0
DA:5009,0
DA:5010,0
DA:5011,0
DA:5013,0
DA:5014,0
DA:5015,0
DA:5016,0
DA:5017,0
DA:5020,0
DA:5021,0
DA:5022,0
DA:5023,0
DA:5024,0
DA:5025,0
DA:5026,0
DA:5028,0
DA:5029,0
DA:5032,0
DA:5034,0
DA:5035,0
DA:5036,0
DA:5037,0
DA:5038,0
DA:5039,0
DA:5040,0
DA:5041,0
DA:5043,0
DA:5045,0
DA:5046,0
DA:5047,0
DA:5048,0
DA:5049,0
DA:5050,0
DA:5052,0
DA:5053,0
DA:5055,0
DA:5056,0
DA:5058,0
DA:5061,0
DA:5062,0
DA:5063,0
DA:5065,0
DA:5066,0
DA:5068,0
DA:5074,0
DA:5076,0
DA:5078,0
DA:5080,0
DA:5081,0
DA:5082,0
DA:5083,0
DA:5084,0
DA:5086,0
DA:5088,0
DA:5089,0
DA:5090,0
DA:5091,0
DA:5093,0
DA:5094,0
DA:5095,0
DA:5096,0
DA:5098,0
DA:5099,0
DA:5100,0
DA:5101,0
DA:5102,0
DA:5103,0
DA:5104,0
DA:5106,0
DA:5107,0
DA:5109,0
DA:5112,0
DA:5113,0
DA:5114,0
DA:5115,0
DA:5117,0
DA:5118,0
DA:5119,0
DA:5124,0
DA:5125,0
DA:5126,0
DA:5127,0
DA:5133,0
DA:5134,0
DA:5136,0
DA:5137,0
DA:5139,0
DA:5140,0
DA:5141,0
DA:5142,0
DA:5144,0
DA:5145,0
DA:5146,0
DA:5147,0
DA:5148,0
DA:5150,0
DA:5151,0
DA:5152,0
DA:5153,0
DA:5154,0
DA:5155,0
DA:5156,0
DA:5157,0
DA:5158,0
DA:5159,0
DA:5160,0
DA:5162,0
DA:5164,0
DA:5165,0
DA:5166,0
DA:5167,0
DA:5168,0
DA:5170,0
DA:5171,0
DA:5172,0
DA:5174,0
DA:5175,0
DA:5178,0
DA:5180,0
DA:5182,0
DA:5183,0
DA:5184,0
DA:5185,0
DA:5186,0
DA:5187,0
DA:5188,0
DA:5189,0
DA:5190,0
DA:5192,0
DA:5193,0
DA:5194,0
DA:5195,0
DA:5196,0
DA:5197,0
DA:5198,0
DA:5199,0
DA:5200,0
DA:5201,0
DA:5202,0
DA:5205,0
DA:5207,0
DA:5209,0
DA:5212,0
DA:5215,0
DA:5216,0
DA:5217,0
DA:5218,0
DA:5219,0
DA:5220,0
DA:5222,0
DA:5224,0
DA:5225,0
DA:5226,0
DA:5227,0
DA:5228,0
DA:5231,0
DA:5232,0
DA:5233,0
DA:5234,0
DA:5235,0
DA:5238,60
LF:2798
LH:477
end_of_record
SF:/usr/include/c++/4.8/bits/alloc_traits.h
FN:253,_ZNSt16allocator_traitsISaISsEE12_S_constructISsISsEEENSt9enable_ifIXsrNS1_18__construct_helperIT_IDpT0_EEE5valueEvE4typeERS0_PS5_DpOS6_
FN:253,_ZNSt16allocator_traitsISaIPKN4Json12PathArgumentEEE12_S_constructIS3_IS3_EEENSt9enable_ifIXsrNS5_18__construct_helperIT_IDpT0_EEE5valueEvE4typeERS4_PS9_DpOSA_
FN:253,_ZNSt16allocator_traitsISaISt13_Rb_tree_nodeISt4pairIKN4Json5Value8CZStringES3_EEEE12_S_constructIS7_IRS6_EEENSt9enable_ifIXsrNS9_18__construct_helperIT_IDpT0_EEE5valueEvE4typeERS8_PSE_DpOSF_
FN:253,_ZNSt16allocator_traitsISaISt13_Rb_tree_nodeISt4pairIKN4Json5Value8CZStringES3_EEEE12_S_constructIS7_IRKS6_EEENSt9enable_ifIXsrNS9_18__construct_helperIT_IDpT0_EEE5valueEvE4typeERS8_PSF_DpOSG_
FN:253,_ZNSt16allocator_traitsISaISt13_Rb_tree_nodeISsEEE12_S_constructIS1_ISsEEENSt9enable_ifIXsrNS3_18__construct_helperIT_IDpT0_EEE5valueEvE4typeERS2_PS7_DpOS8_
FN:253,_ZNSt16allocator_traitsISaIN4Json12PathArgumentEEE12_S_constructIS1_IS1_EEENSt9enable_ifIXsrNS3_18__construct_helperIT_IDpT0_EEE5valueEvE4typeERS2_PS7_DpOS8_
FN:253,_ZNSt16allocator_traitsISaISsEE12_S_constructISsIRKSsEEENSt9enable_ifIXsrNS1_18__construct_helperIT_IDpT0_EEE5valueEvE4typeERS0_PS7_DpOS8_
FN:253,_ZNSt16allocator_traitsISaIN4Json12PathArgumentEEE12_S_constructIS1_IRKS1_EEENSt9enable_ifIXsrNS3_18__construct_helperIT_IDpT0_EEE5valueEvE4typeERS2_PS9_DpOSA_
FN:253,_ZNSt16allocator_traitsISaISt13_Rb_tree_nodeISt4pairIKN4Json5Value8CZStringES3_EEEE12_S_constructIS7_IRKSt21piecewise_construct_tSt5tupleIIRS5_EESE_IIEEEEENSt9enable_ifIXsrNS9_18__construct_helperIT_IDpT0_EEE5valueEvE4typeERS8_PSK_DpOSL_
FN:253,_ZNSt16allocator_traitsISaIN4Json9OurReader15StructuredErrorEEE12_S_constructIS2_IRKS2_EEENSt9enable_ifIXsrNS4_18__construct_helperIT_IDpT0_EEE5valueEvE4typeERS3_PSA_DpOSB_
FN:253,_ZNSt16allocator_traitsISaIN4Json6Reader15StructuredErrorEEE12_S_constructIS2_IRKS2_EEENSt9enable_ifIXsrNS4_18__construct_helperIT_IDpT0_EEE5valueEvE4typeERS3_PSA_DpOSB_
FN:280,_ZNSt16allocator_traitsISaIPKN4Json12PathArgumentEEE10_S_destroyIS3_EENSt9enable_ifIXsrNS5_16__destroy_helperIT_EE5valueEvE4typeERS4_PS9_
FN:280,_ZNSt16allocator_traitsISaIN4Json6Reader15StructuredErrorEEE10_S_destroyIS2_EENSt9enable_ifIXsrNS4_16__destroy_helperIT_EE5valueEvE4typeERS3_PS8_
FN:280,_ZNSt16allocator_traitsISaISsEE10_S_destroyISsEENSt9enable_ifIXsrNS1_16__destroy_helperIT_EE5valueEvE4typeERS0_PS5_
FN:280,_ZNSt16allocator_traitsISaIN4Json9OurReader15StructuredErrorEEE10_S_destroyIS2_EENSt9enable_ifIXsrNS4_16__destroy_helperIT_EE5valueEvE4typeERS3_PS8_
FN:280,_ZNSt16allocator_traitsISaIN4Json12PathArgumentEEE10_S_destroyIS1_EENSt9enable_ifIXsrNS3_16__destroy_helperIT_EE5valueEvE4typeERS2_PS7_
FN:305,_ZNSt16allocator_traitsISaIN4Json6Reader15StructuredErrorEEE11_S_max_sizeIKS3_EENSt9enable_ifIXsrNS4_16__maxsize_helperIT_EE5valueEmE4typeERS9_
FN:305,_ZNSt16allocator_traitsISaIPKN4Json12PathArgumentEEE11_S_max_sizeIKS4_EENSt9enable_ifIXsrNS5_16__maxsize_helperIT_EE5valueEmE4typeERSA_
FN:305,_ZNSt16allocator_traitsISaIN4Json9OurReader15StructuredErrorEEE11_S_max_sizeIKS3_EENSt9enable_ifIXsrNS4_16__maxsize_helperIT_EE5valueEmE4typeERS9_
FN:305,_ZNSt16allocator_traitsISaISsEE11_S_max_sizeIKS0_EENSt9enable_ifIXsrNS1_16__maxsize_helperIT_EE5valueEmE4typeERS6_
FN:305,_ZNSt16allocator_traitsISaIN4Json12PathArgumentEEE11_S_max_sizeIKS2_EENSt9enable_ifIXsrNS3_16__maxsize_helperIT_EE5valueEmE4typeERS8_
FN:391,_ZNSt16allocator_traitsISaISsEE9constructISsISsEEEDTcl12_S_constructfp_fp0_spcl7forwardIT0_Efp1_EEERS0_PT_DpOS3_
FN:391,_ZNSt16allocator_traitsISaIN4Json9OurReader15StructuredErrorEEE9constructIS2_IRKS2_EEEDTcl12_S_constructfp_fp0_spcl7forwardIT0_Efp1_EEERS3_PT_DpOS8_
FN:391,_ZNSt16allocator_traitsISaIPKN4Json12PathArgumentEEE9constructIS3_IS3_EEEDTcl12_S_constructfp_fp0_spcl7forwardIT0_Efp1_EEERS4_PT_DpOS7_
FN:391,_ZNSt16allocator_traitsISaISt13_Rb_tree_nodeISt4pairIKN4Json5Value8CZStringES3_EEEE9constructIS7_IRKS6_EEEDTcl12_S_constructfp_fp0_spcl7forwardIT0_Efp1_EEERS8_PT_DpOSD_
FN:391,_ZNSt16allocator_traitsISaIN4Json12PathArgumentEEE9constructIS1_IRKS1_EEEDTcl12_S_constructfp_fp0_spcl7forwardIT0_Efp1_EEERS2_PT_DpOS7_
FN:391,_ZNSt16allocator_traitsISaISt13_Rb_tree_nodeISt4pairIKN4Json5Value8CZStringES3_EEEE9constructIS7_IRS6_EEEDTcl12_S_constructfp_fp0_spcl7forwardIT0_Efp1_EEERS8_PT_DpOSC_
FN:391,_ZNSt16allocator_traitsISaIN4Json12PathArgumentEEE9constructIS1_IS1_EEEDTcl12_S_constructfp_fp0_spcl7forwardIT0_Efp1_EEERS2_PT_DpOS5_
FN:391,_ZNSt16allocator_traitsISaISsEE9constructISsIRKSsEEEDTcl12_S_constructfp_fp0_spcl7forwardIT0_Efp1_EEERS0_PT_DpOS5_
FN:391,_ZNSt16allocator_traitsISaISt13_Rb_tree_nodeISt4pairIKN4Json5Value8CZStringES3_EEEE9constructIS7_IRKSt21piecewise_construct_tSt5tupleIIRS5_EESE_IIEEEEEDTcl12_S_constructfp_fp0_spcl7forwardIT0_Efp1_EEERS8_PT_DpOSI_
FN:391,_ZNSt16allocator_traitsISaIN4Json6Reader15StructuredErrorEEE9constructIS2_IRKS2_EEEDTcl12_S_constructfp_fp0_spcl7forwardIT0_Efp1_EEERS3_PT_DpOS8_
FN:391,_ZNSt16allocator_traitsISaISt13_Rb_tree_nodeISsEEE9constructIS1_ISsEEEDTcl12_S_constructfp_fp0_spcl7forwardIT0_Efp1_EEERS2_PT_DpOS5_
FN:404,_ZNSt16allocator_traitsISaIPKN4Json12PathArgumentEEE7destroyIS3_EEvRS4_PT_
FN:404,_ZNSt16allocator_traitsISaIN4Json6Reader15StructuredErrorEEE7destroyIS2_EEvRS3_PT_
FN:404,_ZNSt16allocator_traitsISaIN4Json9OurReader15StructuredErrorEEE7destroyIS2_EEvRS3_PT_
FN:404,_ZNSt16allocator_traitsISaISsEE7destroyISsEEvRS0_PT_
FN:404,_ZNSt16allocator_traitsISaIN4Json12PathArgumentEEE7destroyIS1_EEvRS2_PT_
FN:415,_ZNSt16allocator_traitsISaIN4Json6Reader15StructuredErrorEEE8max_sizeERKS3_
FN:415,_ZNSt16allocator_traitsISaIN4Json9OurReader15StructuredErrorEEE8max_sizeERKS3_
FN:415,_ZNSt16allocator_traitsISaIPKN4Json12PathArgumentEEE8max_sizeERKS4_
FN:415,_ZNSt16allocator_traitsISaISsEE8max_sizeERKS0_
FN:415,_ZNSt16allocator_traitsISaIN4Json12PathArgumentEEE8max_sizeERKS2_
FNDA:38446,_ZNSt16allocator_traitsISaISt13_Rb_tree_nodeISt4pairIKN4Json5Value8CZStringES3_EEEE12_S_constructIS7_IRKS6_EEENSt9enable_ifIXsrNS9_18__construct_helperIT_IDpT0_EEE5valueEvE4typeERS8_PSF_DpOSG_
FNDA:36879,_ZNSt16allocator_traitsISaISt13_Rb_tree_nodeISt4pairIKN4Json5Value8CZStringES3_EEEE12_S_constructIS7_IRS6_EEENSt9enable_ifIXsrNS9_18__construct_helperIT_IDpT0_EEE5valueEvE4typeERS8_PSE_DpOSF_
FNDA:0,_ZNSt16allocator_traitsISaISt13_Rb_tree_nodeISsEEE12_S_constructIS1_ISsEEENSt9enable_ifIXsrNS3_18__construct_helperIT_IDpT0_EEE5valueEvE4typeERS2_PS7_DpOS8_
FNDA:0,_ZNSt16allocator_traitsISaISt13_Rb_tree_nodeISt4pairIKN4Json5Value8CZStringES3_EEEE12_S_constructIS7_IRKSt21piecewise_construct_tSt5tupleIIRS5_EESE_IIEEEEENSt9enable_ifIXsrNS9_18__construct_helperIT_IDpT0_EEE5valueEvE4typeERS8_PSK_DpOSL_
FNDA:0,_ZNSt16allocator_traitsISaIN4Json12PathArgumentEEE12_S_constructIS1_IS1_EEENSt9enable_ifIXsrNS3_18__construct_helperIT_IDpT0_EEE5valueEvE4typeERS2_PS7_DpOS8_
FNDA:0,_ZNSt16allocator_traitsISaIPKN4Json12PathArgumentEEE12_S_constructIS3_IS3_EEENSt9enable_ifIXsrNS5_18__construct_helperIT_IDpT0_EEE5valueEvE4typeERS4_PS9_DpOSA_
FNDA:25060,_ZNSt16allocator_traitsISaISsEE12_S_constructISsISsEEENSt9enable_ifIXsrNS1_18__construct_helperIT_IDpT0_EEE5valueEvE4typeERS0_PS5_DpOS6_
FNDA:2692,_ZNSt16allocator_traitsISaISsEE12_S_constructISsIRKSsEEENSt9enable_ifIXsrNS1_18__construct_helperIT_IDpT0_EEE5valueEvE4typeERS0_PS7_DpOS8_
FNDA:0,_ZNSt16allocator_traitsISaIN4Json12PathArgumentEEE12_S_constructIS1_IRKS1_EEENSt9enable_ifIXsrNS3_18__construct_helperIT_IDpT0_EEE5valueEvE4typeERS2_PS9_DpOSA_
FNDA:0,_ZNSt16allocator_traitsISaIN4Json9OurReader15StructuredErrorEEE12_S_constructIS2_IRKS2_EEENSt9enable_ifIXsrNS4_18__construct_helperIT_IDpT0_EEE5valueEvE4typeERS3_PSA_DpOSB_
FNDA:0,_ZNSt16allocator_traitsISaIN4Json6Reader15StructuredErrorEEE12_S_constructIS2_IRKS2_EEENSt9enable_ifIXsrNS4_18__construct_helperIT_IDpT0_EEE5valueEvE4typeERS3_PSA_DpOSB_
FNDA:0,_ZNSt16allocator_traitsISaIPKN4Json12PathArgumentEEE10_S_destroyIS3_EENSt9enable_ifIXsrNS5_16__destroy_helperIT_EE5valueEvE4typeERS4_PS9_
FNDA:0,_ZNSt16allocator_traitsISaISsEE10_S_destroyISsEENSt9enable_ifIXsrNS1_16__destroy_helperIT_EE5valueEvE4typeERS0_PS5_
FNDA:0,_ZNSt16allocator_traitsISaIN4Json12PathArgumentEEE10_S_destroyIS1_EENSt9enable_ifIXsrNS3_16__destroy_helperIT_EE5valueEvE4typeERS2_PS7_
FNDA:0,_ZNSt16allocator_traitsISaIN4Json9OurReader15StructuredErrorEEE10_S_destroyIS2_EENSt9enable_ifIXsrNS4_16__destroy_helperIT_EE5valueEvE4typeERS3_PS8_
FNDA:0,_ZNSt16allocator_traitsISaIN4Json6Reader15StructuredErrorEEE10_S_destroyIS2_EENSt9enable_ifIXsrNS4_16__destroy_helperIT_EE5valueEvE4typeERS3_PS8_
FNDA:0,_ZNSt16allocator_traitsISaIPKN4Json12PathArgumentEEE11_S_max_sizeIKS4_EENSt9enable_ifIXsrNS5_16__maxsize_helperIT_EE5valueEmE4typeERSA_
FNDA:0,_ZNSt16allocator_traitsISaIN4Json12PathArgumentEEE11_S_max_sizeIKS2_EENSt9enable_ifIXsrNS3_16__maxsize_helperIT_EE5valueEmE4typeERS8_
FNDA:0,_ZNSt16allocator_traitsISaIN4Json9OurReader15StructuredErrorEEE11_S_max_sizeIKS3_EENSt9enable_ifIXsrNS4_16__maxsize_helperIT_EE5valueEmE4typeERS9_
FNDA:0,_ZNSt16allocator_traitsISaIN4Json6Reader15StructuredErrorEEE11_S_max_sizeIKS3_EENSt9enable_ifIXsrNS4_16__maxsize_helperIT_EE5valueEmE4typeERS9_
FNDA:28360,_ZNSt16allocator_traitsISaISsEE11_S_max_sizeIKS0_EENSt9enable_ifIXsrNS1_16__maxsize_helperIT_EE5valueEmE4typeERS6_
FNDA:38446,_ZNSt16allocator_traitsISaISt13_Rb_tree_nodeISt4pairIKN4Json5Value8CZStringES3_EEEE9constructIS7_IRKS6_EEEDTcl12_S_constructfp_fp0_spcl7forwardIT0_Efp1_EEERS8_PT_DpOSD_
FNDA:36879,_ZNSt16allocator_traitsISaISt13_Rb_tree_nodeISt4pairIKN4Json5Value8CZStringES3_EEEE9constructIS7_IRS6_EEEDTcl12_S_constructfp_fp0_spcl7forwardIT0_Efp1_EEERS8_PT_DpOSC_
FNDA:0,_ZNSt16allocator_traitsISaISt13_Rb_tree_nodeISsEEE9constructIS1_ISsEEEDTcl12_S_constructfp_fp0_spcl7forwardIT0_Efp1_EEERS2_PT_DpOS5_
FNDA:0,_ZNSt16allocator_traitsISaISt13_Rb_tree_nodeISt4pairIKN4Json5Value8CZStringES3_EEEE9constructIS7_IRKSt21piecewise_construct_tSt5tupleIIRS5_EESE_IIEEEEEDTcl12_S_constructfp_fp0_spcl7forwardIT0_Efp1_EEERS8_PT_DpOSI_
FNDA:0,_ZNSt16allocator_traitsISaIN4Json12PathArgumentEEE9constructIS1_IS1_EEEDTcl12_S_constructfp_fp0_spcl7forwardIT0_Efp1_EEERS2_PT_DpOS5_
FNDA:0,_ZNSt16allocator_traitsISaIPKN4Json12PathArgumentEEE9constructIS3_IS3_EEEDTcl12_S_constructfp_fp0_spcl7forwardIT0_Efp1_EEERS4_PT_DpOS7_
FNDA:25060,_ZNSt16allocator_traitsISaISsEE9constructISsISsEEEDTcl12_S_constructfp_fp0_spcl7forwardIT0_Efp1_EEERS0_PT_DpOS3_
FNDA:2692,_ZNSt16allocator_traitsISaISsEE9constructISsIRKSsEEEDTcl12_S_constructfp_fp0_spcl7forwardIT0_Efp1_EEERS0_PT_DpOS5_
FNDA:0,_ZNSt16allocator_traitsISaIN4Json12PathArgumentEEE9constructIS1_IRKS1_EEEDTcl12_S_constructfp_fp0_spcl7forwardIT0_Efp1_EEERS2_PT_DpOS7_
FNDA:0,_ZNSt16allocator_traitsISaIN4Json9OurReader15StructuredErrorEEE9constructIS2_IRKS2_EEEDTcl12_S_constructfp_fp0_spcl7forwardIT0_Efp1_EEERS3_PT_DpOS8_
FNDA:0,_ZNSt16allocator_traitsISaIN4Json6Reader15StructuredErrorEEE9constructIS2_IRKS2_EEEDTcl12_S_constructfp_fp0_spcl7forwardIT0_Efp1_EEERS3_PT_DpOS8_
FNDA:0,_ZNSt16allocator_traitsISaIPKN4Json12PathArgumentEEE7destroyIS3_EEvRS4_PT_
FNDA:0,_ZNSt16allocator_traitsISaISsEE7destroyISsEEvRS0_PT_
FNDA:0,_ZNSt16allocator_traitsISaIN4Json12PathArgumentEEE7destroyIS1_EEvRS2_PT_
FNDA:0,_ZNSt16allocator_traitsISaIN4Json9OurReader15StructuredErrorEEE7destroyIS2_EEvRS3_PT_
FNDA:0,_ZNSt16allocator_traitsISaIN4Json6Reader15StructuredErrorEEE7destroyIS2_EEvRS3_PT_
FNDA:0,_ZNSt16allocator_traitsISaIPKN4Json12PathArgumentEEE8max_sizeERKS4_
FNDA:0,_ZNSt16allocator_traitsISaIN4Json12PathArgumentEEE8max_sizeERKS2_
FNDA:0,_ZNSt16allocator_traitsISaIN4Json9OurReader15StructuredErrorEEE8max_sizeERKS3_
FNDA:0,_ZNSt16allocator_traitsISaIN4Json6Reader15StructuredErrorEEE8max_sizeERKS3_
FNDA:28360,_ZNSt16allocator_traitsISaISsEE8max_sizeERKS0_
FNF:42
FNH:10
DA:253,103077
DA:254,103077
DA:280,0
DA:281,0
DA:305,28360
DA:306,28360
DA:391,103077
DA:393,103077
DA:404,0
DA:405,0
DA:415,28360
DA:416,28360
LF:12
LH:8
end_of_record
SF:/usr/include/c++/4.8/bits/allocator.h
FN:113,_ZNSaISsEC2Ev
FN:113,_ZNSaISt13_Rb_tree_nodeISt4pairIKN4Json5Value8CZStringES2_EEEC2Ev
FN:113,_ZNSaISt13_Rb_tree_nodeISsEEC2Ev
FN:113,_ZNSaIPN4Json5ValueEEC2Ev
FN:113,_ZNSaIN4Json9OurReader15StructuredErrorEEC2Ev
FN:113,_ZNSaIPKN4Json12PathArgumentEEC2Ev
FN:113,_ZNSaIN4Json6Reader15StructuredErrorEEC2Ev
FN:113,_ZNSaIN4Json12PathArgumentEEC2Ev
FN:113,_ZNSaIN4Json9OurReader9ErrorInfoEEC2Ev
FN:113,_ZNSaIN4Json6Reader9ErrorInfoEEC2Ev
FN:115,_ZNSaISsEC2ERKS_
FN:115,_ZNSaISt13_Rb_tree_nodeISt4pairIKN4Json5Value8CZStringES2_EEEC2ERKS7_
FN:115,_ZNSaIPN4Json5ValueEEC2ERKS2_
FN:119,_ZNSaIPN4Json9OurReader9ErrorInfoEEC2IS1_EERKSaIT_E
FN:119,_ZNSaIPPN4Json5ValueEEC2IS1_EERKSaIT_E
FN:119,_ZNSaIPN4Json6Reader9ErrorInfoEEC2IS1_EERKSaIT_E
FN:121,_ZNSaISt13_Rb_tree_nodeISsEED2Ev
FN:121,_ZNSaIN4Json9OurReader15StructuredErrorEED2Ev
FN:121,_ZNSaIN4Json6Reader9ErrorInfoEED2Ev
FN:121,_ZNSaIPPN4Json5ValueEED2Ev
FN:121,_ZNSaISsED2Ev
FN:121,_ZNSaIN4Json9OurReader9ErrorInfoEED2Ev
FN:121,_ZNSaIPN4Json9OurReader9ErrorInfoEED2Ev
FN:121,_ZNSaIN4Json12PathArgumentEED2Ev
FN:121,_ZNSaIN4Json6Reader15StructuredErrorEED2Ev
FN:121,_ZNSaIPN4Json5ValueEED2Ev
FN:121,_ZNSaIPKN4Json12PathArgumentEED2Ev
FN:121,_ZNSaIPN4Json6Reader9ErrorInfoEED2Ev
FN:121,_ZNSaISt13_Rb_tree_nodeISt4pairIKN4Json5Value8CZStringES2_EEED2Ev
FN:133,_ZSteqIcEbRKSaIT_ES3_
FNDA:0,_ZNSaIPKN4Json12PathArgumentEEC2Ev
FNDA:0,_ZNSaIN4Json12PathArgumentEEC2Ev
FNDA:9064,_ZNSaISsEC2Ev
FNDA:13208,_ZNSaISt13_Rb_tree_nodeISt4pairIKN4Json5Value8CZStringES2_EEEC2Ev
FNDA:0,_ZNSaISt13_Rb_tree_nodeISsEEC2Ev
FNDA:0,_ZNSaIN4Json9OurReader15StructuredErrorEEC2Ev
FNDA:0,_ZNSaIN4Json9OurReader9ErrorInfoEEC2Ev
FNDA:0,_ZNSaIN4Json6Reader15StructuredErrorEEC2Ev
FNDA:403,_ZNSaIN4Json6Reader9ErrorInfoEEC2Ev
FNDA:403,_ZNSaIPN4Json5ValueEEC2Ev
FNDA:403,_ZNSaIPN4Json5ValueEEC2ERKS2_
FNDA:13731,_ZNSaISt13_Rb_tree_nodeISt4pairIKN4Json5Value8CZStringES2_EEEC2ERKS7_
FNDA:9048,_ZNSaISsEC2ERKS_
FNDA:0,_ZNSaIPN4Json9OurReader9ErrorInfoEEC2IS1_EERKSaIT_E
FNDA:806,_ZNSaIPN4Json6Reader9ErrorInfoEEC2IS1_EERKSaIT_E
FNDA:1612,_ZNSaIPPN4Json5ValueEEC2IS1_EERKSaIT_E
FNDA:0,_ZNSaIPN4Json9OurReader9ErrorInfoEED2Ev
FNDA:806,_ZNSaIPN4Json6Reader9ErrorInfoEED2Ev
FNDA:1612,_ZNSaIPPN4Json5ValueEED2Ev
FNDA:0,_ZNSaIPKN4Json12PathArgumentEED2Ev
FNDA:0,_ZNSaIN4Json12PathArgumentEED2Ev
FNDA:0,_ZNSaIN4Json9OurReader15StructuredErrorEED2Ev
FNDA:0,_ZNSaIN4Json9OurReader9ErrorInfoEED2Ev
FNDA:0,_ZNSaIN4Json6Reader15StructuredErrorEED2Ev
FNDA:403,_ZNSaIN4Json6Reader9ErrorInfoEED2Ev
FNDA:806,_ZNSaIPN4Json5ValueEED2Ev
FNDA:19148,_ZNSaISsED2Ev
FNDA:26939,_ZNSaISt13_Rb_tree_nodeISt4pairIKN4Json5Value8CZStringES2_EEED2Ev
FNDA:20,_ZNSaISt13_Rb_tree_nodeISsEED2Ev
FNDA:835,_ZSteqIcEbRKSaIT_ES3_
FNF:30
FNH:17
DA:113,23078
DA:115,23182
DA:116,23182
DA:119,2418
DA:121,49734
DA:133,835
DA:134,835
LF:7
LH:7
end_of_record
SF:/usr/include/c++/4.8/bits/basic_ios.h
FN:46,_ZSt13__check_facetISt5ctypeIcEERKT_PS3_
FNDA:0,_ZSt13__check_facetISt5ctypeIcEERKT_PS3_
FNF:1
FNH:0
DA:46,0
DA:48,0
DA:49,0
DA:50,0
LF:4
LH:0
end_of_record
SF:/usr/include/c++/4.8/bits/basic_string.h
FN:272,_ZNSs12_Alloc_hiderC2ERKS_
FN:272,_ZNSs12_Alloc_hiderD2Ev
FN:1721,_ZNSs16_S_construct_auxIPKcEEPcT_S3_RKSaIcESt12__false_type
FN:1721,_ZNSs16_S_construct_auxIPcEES0_T_S1_RKSaIcESt12__false_type
FN:1743,_ZNSs12_S_constructIPcEES0_T_S1_RKSaIcE
FN:1743,_ZNSs12_S_constructIPKcEEPcT_S3_RKSaIcE
FN:2454,_ZStplIcSt11char_traitsIcESaIcEESbIT_T0_T1_EPKS3_OS6_
FN:2466,_ZStplIcSt11char_traitsIcESaIcEESbIT_T0_T1_EOS6_PKS3_
FN:2519,_ZSteqIcSt11char_traitsIcESaIcEEbRKSbIT_T0_T1_EPKS3_
FN:2569,_ZStltIcSt11char_traitsIcESaIcEEbRKSbIT_T0_T1_ES8_
FN:2717,_ZSt4swapIcSt11char_traitsIcESaIcEEvRSbIT_T0_T1_ES7_
FNDA:0,_ZNSs12_Alloc_hiderC2ERKS_
FNDA:0,_ZNSs12_Alloc_hiderD2Ev
[...]
FNDA:0,_ZNSt8_Rb_treeISsSt4pairIKSsSsESt10_Select1stIS2_ESt4lessISsESaIS2_EE11_M_get_nodeEv
FNDA:0,_ZNSt8_Rb_treeISsSt4pairIKSsSsESt10_Select1stIS2_ESt4lessISsESaIS2_EE11_M_put_nodeEPSt13_Rb_tree_nodeIS2_E
FNDA:0,_ZNSt8_Rb_treeISsSt4pairIKSsSsESt10_Select1stIS2_ESt4lessISsESaIS2_EE14_M_create_nodeIIRKS2_EEEPSt13_Rb_tree_nodeIS2_EDpOT_
FNDA:0,_ZNSt8_Rb_treeISsSt4pairIKSsSsESt10_Select1stIS2_ESt4lessISsESaIS2_EE15_M_destroy_nodeEPSt13_Rb_tree_nodeIS2_E
FNDA:0,_ZNSt8_Rb_treeISsSt4pairIKSsSsESt10_Select1stIS2_ESt4lessISsESaIS2_EE13_M_clone_nodeEPKSt13_Rb_tree_nodeIS2_E
FNDA:0,_ZNSt8_Rb_treeISsSt4pairIKSsSsESt10_Select1stIS2_ESt4lessISsESaIS2_EE13_Rb_tree_implIS6_Lb1EED2Ev
FNDA:0,_ZNSt8_Rb_treeISsSt4pairIKSsSsESt10_Select1stIS2_ESt4lessISsESaIS2_EE13_Rb_tree_implIS6_Lb1EEC2ERKS6_RKSaISt13_Rb_tree_nodeIS2_EE
FNDA:0,_ZNSt8_Rb_treeISsSt4pairIKSsSsESt10_Select1stIS2_ESt4lessISsESaIS2_EE13_Rb_tree_implIS6_Lb1EE13_M_initializeEv
FNDA:0,_ZNSt8_Rb_treeISsSt4pairIKSsSsESt10_Select1stIS2_ESt4lessISsESaIS2_EE7_M_rootEv
FNDA:0,_ZNKSt8_Rb_treeISsSt4pairIKSsSsESt10_Select1stIS2_ESt4lessISsESaIS2_EE7_M_rootEv
FNDA:0,_ZNSt8_Rb_treeISsSt4pairIKSsSsESt10_Select1stIS2_ESt4lessISsESaIS2_EE11_M_leftmostEv
FNDA:0,_ZNSt8_Rb_treeISsSt4pairIKSsSsESt10_Select1stIS2_ESt4lessISsESaIS2_EE12_M_rightmostEv
FNDA:0,_ZNSt8_Rb_treeISsSt4pairIKSsSsESt10_Select1stIS2_ESt4lessISsESaIS2_EE8_M_beginEv
FNDA:0,_ZNKSt8_Rb_treeISsSt4pairIKSsSsESt10_Select1stIS2_ESt4lessISsESaIS2_EE8_M_beginEv
FNDA:0,_ZNSt8_Rb_treeISsSt4pairIKSsSsESt10_Select1stIS2_ESt4lessISsESaIS2_EE6_M_endEv
FNDA:0,_ZNSt8_Rb_treeISsSt4pairIKSsSsESt10_Select1stIS2_ESt4lessISsESaIS2_EE7_S_leftEPSt18_Rb_tree_node_base
FNDA:0,_ZNSt8_Rb_treeISsSt4pairIKSsSsESt10_Select1stIS2_ESt4lessISsESaIS2_EE7_S_leftEPKSt18_Rb_tree_node_base
FNDA:0,_ZNSt8_Rb_treeISsSt4pairIKSsSsESt10_Select1stIS2_ESt4lessISsESaIS2_EE8_S_rightEPSt18_Rb_tree_node_base
FNDA:0,_ZNSt8_Rb_treeISsSt4pairIKSsSsESt10_Select1stIS2_ESt4lessISsESaIS2_EE8_S_rightEPKSt18_Rb_tree_node_base
FNDA:0,_ZNSt8_Rb_treeISsSt4pairIKSsSsESt10_Select1stIS2_ESt4lessISsESaIS2_EE10_S_minimumEPSt18_Rb_tree_node_base
FNDA:0,_ZNSt8_Rb_treeISsSt4pairIKSsSsESt10_Select1stIS2_ESt4lessISsESaIS2_EE10_S_maximumEPSt18_Rb_tree_node_base
FNDA:0,_ZNSt8_Rb_treeISsSt4pairIKSsSsESt10_Select1stIS2_ESt4lessISsESaIS2_EEC2ERKS8_
FNDA:13,_ZNSt8_Rb_treeISsSt4pairIKSsSsESt10_Select1stIS2_ESt4lessISsESaIS2_EE5clearEv
FNDA:13,_ZNSt8_Rb_treeISsSt4pairIKSsSsESt10_Select1stIS2_ESt4lessISsESaIS2_EEaSERKS8_
FNDA:0,_ZNSt8_Rb_treeISsSt4pairIKSsSsESt10_Select1stIS2_ESt4lessISsESaIS2_EE7_M_copyEPKSt13_Rb_tree_nodeIS2_EPSA_
FNDA:0,_ZNSt8_Rb_treeISsSt4pairIKSsSsESt10_Select1stIS2_ESt4lessISsESaIS2_EE8_M_eraseEPSt13_Rb_tree_nodeIS2_E
FNF:32
FNH:2
DA:102,0
DA:104,0
DA:105,0
DA:116,0
DA:118,0
DA:119,0
DA:131,0
DA:138,0
DA:140,0
DA:356,0
DA:357,0
DA:360,0
DA:361,0
DA:369,0
DA:370,0
DA:373,0
DA:374,0
DA:401,0
DA:403,0
DA:406,0
DA:407,0
DA:408,0
DA:410,=====
DA:412,=====
DA:413,=====
DA:415,0
DA:419,0
DA:421,0
DA:422,0
DA:423,0
DA:427,0
DA:429,0
DA:430,0
DA:431,0
DA:432,0
DA:433,0
DA:439,0
DA:450,0
DA:452,0
DA:453,0
DA:464,0
DA:466,0
DA:467,0
DA:468,0
DA:469,0
DA:470,0
DA:477,0
DA:478,0
DA:481,0
DA:482,0
DA:485,0
DA:486,0
DA:493,0
DA:494,0
DA:501,0
DA:502,0
DA:505,0
DA:508,0
DA:512,0
DA:513,0
DA:528,0
DA:529,0
DA:532,0
DA:533,0
DA:536,0
DA:537,0
DA:540,0
DA:541,0
DA:552,0
DA:553,0
DA:560,0
DA:561,0
DA:654,0
DA:655,0
DA:657,0
DA:659,0
DA:660,0
DA:661,0
DA:662,0
DA:664,0
DA:858,13
DA:860,13
DA:861,13
DA:862,13
DA:863,13
DA:864,13
DA:865,13
DA:987,13
DA:990,13
DA:993,13
DA:995,13
DA:997,13
DA:998,13
DA:999,13
DA:1000,13
DA:1003,13
DA:1083,0
DA:1087,0
DA:1088,0
DA:1092,0
DA:1093,0
DA:1094,0
DA:1095,0
DA:1097,0
DA:1099,0
DA:1100,0
DA:1101,0
DA:1102,0
DA:1103,0
DA:1104,0
DA:1105,0
DA:1108,=====
DA:1110,=====
DA:1111,=====
DA:1113,0
DA:1119,0
DA:1123,0
DA:1125,0
DA:1126,0
DA:1127,0
DA:1128,0
DA:1130,0
LF:122
LH:16
end_of_record
SF:/usr/include/c++/4.8/ext/atomicity.h
FN:48,_ZN9__gnu_cxxL18__exchange_and_addEPVii
FN:65,_ZN9__gnu_cxxL25__exchange_and_add_singleEPii
FN:78,_ZN9__gnu_cxxL27__exchange_and_add_dispatchEPii
FNDA:0,_ZN9__gnu_cxxL18__exchange_and_addEPVii
FNDA:0,_ZN9__gnu_cxxL25__exchange_and_add_singleEPii
FNDA:0,_ZN9__gnu_cxxL27__exchange_and_add_dispatchEPii
FNF:3
FNH:0
DA:48,0
DA:49,0
DA:65,0
DA:67,0
DA:68,0
DA:69,0
DA:78,0
DA:81,0
DA:82,0
DA:84,0
LF:10
LH:0
end_of_record
SF:/usr/include/c++/4.8/ext/new_allocator.h
FN:81,_ZN9__gnu_cxx13new_allocatorIcEC2ERKS1_
FN:81,_ZN9__gnu_cxx13new_allocatorISt13_Rb_tree_nodeISt4pairIKSsSsEEEC2ERKS6_
FN:86,_ZN9__gnu_cxx13new_allocatorIcED2Ev
FN:86,_ZN9__gnu_cxx13new_allocatorISt13_Rb_tree_nodeISt4pairIKSsSsEEED2Ev
FN:99,_ZN9__gnu_cxx13new_allocatorISt13_Rb_tree_nodeISt4pairIKSsSsEEE8allocateEmPKv
FN:109,_ZN9__gnu_cxx13new_allocatorISt13_Rb_tree_nodeISt4pairIKSsSsEEE10deallocateEPS5_m
FN:113,_ZNK9__gnu_cxx13new_allocatorISt13_Rb_tree_nodeISt4pairIKSsSsEEE8max_sizeEv
FN:119,_ZN9__gnu_cxx13new_allocatorISt13_Rb_tree_nodeISt4pairIKSsSsEEE9constructIS5_IRKS4_EEEvPT_DpOT0_
FN:124,_ZN9__gnu_cxx13new_allocatorISt13_Rb_tree_nodeISt4pairIKSsSsEEE7destroyIS5_EEvPT_
FNDA:0,_ZN9__gnu_cxx13new_allocatorISt13_Rb_tree_nodeISt4pairIKSsSsEEEC2ERKS6_
FNDA:0,_ZN9__gnu_cxx13new_allocatorIcEC2ERKS1_
FNDA:0,_ZN9__gnu_cxx13new_allocatorISt13_Rb_tree_nodeISt4pairIKSsSsEEED2Ev
FNDA:0,_ZN9__gnu_cxx13new_allocatorIcED2Ev
FNDA:0,_ZN9__gnu_cxx13new_allocatorISt13_Rb_tree_nodeISt4pairIKSsSsEEE8allocateEmPKv
FNDA:0,_ZN9__gnu_cxx13new_allocatorISt13_Rb_tree_nodeISt4pairIKSsSsEEE10deallocateEPS5_m
FNDA:0,_ZNK9__gnu_cxx13new_allocatorISt13_Rb_tree_nodeISt4pairIKSsSsEEE8max_sizeEv
FNDA:0,_ZN9__gnu_cxx13new_allocatorISt13_Rb_tree_nodeISt4pairIKSsSsEEE9constructIS5_IRKS4_EEEvPT_DpOT0_
FNDA:0,_ZN9__gnu_cxx13new_allocatorISt13_Rb_tree_nodeISt4pairIKSsSsEEE7destroyIS5_EEvPT_
FNF:9
FNH:0
DA:81,0
DA:86,0
DA:99,0
DA:101,0
DA:102,0
DA:104,0
DA:109,0
DA:110,0
DA:113,0
DA:114,0
DA:119,0
DA:120,0
DA:124,0
LF:13
LH:0
end_of_record
SF:/usr/include/c++/4.8/iostream
DA:74,4
LF:1
LH:1
end_of_record
SF:/usr/include/c++/4.8/new
FN:109,_ZnwmPv
FN:115,_ZdlPvS_
FNDA:0,_ZnwmPv
FNDA:0,_ZdlPvS_
FNF:2
FNH:0
DA:109,0
DA:110,0
DA:115,0
LF:3
LH:0
end_of_record
SF:/usr/include/x86_64-linux-gnu/c++/4.8/bits/gthr-default.h
FN:247,_ZL18__gthread_active_pv
FNDA:0,_ZL18__gthread_active_pv
FNF:1
FNH:0
DA:247,0
DA:251,0
LF:2
LH:0
end_of_record
TN:
SF:/home/taller2-appserver/Appserver/src/servicios/JsonObject.cpp
FN:3,_ZN10JsonObjectC2Ev
FN:7,_ZN10JsonObjectixESs
FN:11,_ZN10JsonObject17agregarClaveValorESsSs
FN:15,_ZN10JsonObject17agregarClaveValorESsR9JsonValor
FN:21,_ZN10JsonObjectD0Ev
FN:21,_ZN10JsonObjectD2Ev
FNDA:561,_ZN10JsonObjectC2Ev
FNDA:1040,_ZN10JsonObjectixESs
FNDA:1120,_ZN10JsonObject17agregarClaveValorESsSs
FNDA:2,_ZN10JsonObject17agregarClaveValorESsR9JsonValor
FNDA:0,_ZN10JsonObjectD0Ev
FNDA:561,_ZN10JsonObjectD2Ev
FNF:6
FNH:5
DA:3,561
DA:4,561
DA:5,561
DA:7,1040
DA:8,1040
DA:11,1120
DA:12,1120
DA:13,1120
DA:15,2
DA:16,2
DA:17,2
DA:21,561
DA:24,561
LF:13
LH:13
end_of_record
TN:
SF:/home/taller2-appserver/Appserver/src/servicios/MensajeHTTP.h
FN:11,_ZN11MensajeHTTPC2ERKS_
FNDA:42,_ZN11MensajeHTTPC2ERKS_
FNF:1
FNH:1
DA:11,42
LF:1
LH:1
end_of_record
SF:/home/taller2-appserver/Appserver/src/servicios/MensajeHTTPRequest.h
FN:9,_ZN18MensajeHTTPRequestC2ERKS_
FNDA:40,_ZN18MensajeHTTPRequestC2ERKS_
FNF:1
FNH:1
DA:9,40
LF:1
LH:1
end_of_record
SF:/home/taller2-appserver/Appserver/src/servidor/Servidor.cpp
FN:3,_ZN8ServidorC2Ev
FN:27,_ZN8Servidor15iniciarServidorEv
FN:32,_ZN8Servidor18iniciarBaseDeDatosEv
FN:41,_ZN8Servidor23getRespuestaDelServicioE18MensajeHTTPRequest
FN:116,_ZN8ServidorD0Ev
FN:116,_ZN8ServidorD2Ev
FN:119,_GLOBAL__sub_I__ZN8ServidorC2Ev
FN:119,_Z41__static_initialization_and_destruction_0ii
FNDA:4,_ZN8ServidorC2Ev
FNDA:4,_ZN8Servidor15iniciarServidorEv
FNDA:4,_ZN8Servidor18iniciarBaseDeDatosEv
FNDA:18,_ZN8Servidor23getRespuestaDelServicioE18MensajeHTTPRequest
FNDA:0,_ZN8ServidorD0Ev
FNDA:4,_ZN8ServidorD2Ev
FNDA:4,_GLOBAL__sub_I__ZN8ServidorC2Ev
FNDA:4,_Z41__static_initialization_and_destruction_0ii
FNF:8
FNH:7
DA:3,4
DA:24,4
DA:25,4
DA:27,4
DA:28,4
DA:29,4
DA:32,4
DA:35,4
DA:41,18
DA:101,18
DA:102,18
DA:103,18
DA:104,14
DA:105,14
DA:106,14
DA:110,4
DA:111,4
DA:113,18
DA:116,4
DA:119,16
LF:20
LH:20
end_of_record
SF:/usr/include/c++/4.8/bits/alloc_traits.h
FN:253,_ZNSt16allocator_traitsISaISt13_Rb_tree_nodeISt4pairIKSsSsEEEE12_S_constructIS4_IRKS3_EEENSt9enable_ifIXsrNS6_18__construct_helperIT_IDpT0_EEE5valueEvE4typeERS5_PSC_DpOSD_
FN:391,_ZNSt16allocator_traitsISaISt13_Rb_tree_nodeISt4pairIKSsSsEEEE9constructIS4_IRKS3_EEEDTcl12_S_constructfp_fp0_spcl7forwardIT0_Efp1_EEERS5_PT_DpOSA_
FNDA:357,_ZNSt16allocator_traitsISaISt13_Rb_tree_nodeISt4pairIKSsSsEEEE12_S_constructIS4_IRKS3_EEENSt9enable_ifIXsrNS6_18__construct_helperIT_IDpT0_EEE5valueEvE4typeERS5_PSC_DpOSD_
FNDA:357,_ZNSt16allocator_traitsISaISt13_Rb_tree_nodeISt4pairIKSsSsEEEE9constructIS4_IRKS3_EEEDTcl12_S_constructfp_fp0_spcl7forwardIT0_Efp1_EEERS5_PT_DpOSA_
FNF:2
FNH:2
DA:253,357
DA:254,357
DA:391,357
DA:393,357
LF:4
LH:4
end_of_record
SF:/usr/include/c++/4.8/bits/allocator.h
FN:115,_ZNSaISt13_Rb_tree_nodeISt4pairIKSsSsEEEC2ERKS4_
FN:121,_ZNSaISt13_Rb_tree_nodeISt4pairIKSsSsEEED2Ev
FNDA:42,_ZNSaISt13_Rb_tree_nodeISt4pairIKSsSsEEEC2ERKS4_
FNDA:91,_ZNSaISt13_Rb_tree_nodeISt4pairIKSsSsEEED2Ev
FNF:2
FNH:2
DA:115,42
DA:116,42
DA:121,91
LF:3
LH:3
end_of_record
SF:/usr/include/c++/4.8/bits/basic_string.h
FN:272,_ZNSs12_Alloc_hiderD2Ev
FNDA:0,_ZNSs12_Alloc_hiderD2Ev
FNF:1
FNH:0
DA:272,0
LF:1
LH:0
end_of_record
SF:/usr/include/c++/4.8/bits/char_traits.h
FN:258,_ZNSt11char_traitsIcE6lengthEPKc
FNDA:0,_ZNSt11char_traitsIcE6lengthEPKc
FNF:1
FNH:0
DA:258,0
DA:259,0
LF:2
LH:0
end_of_record
SF:/usr/include/c++/4.8/bits/move.h
FN:76,_ZSt7forwardIRKSt4pairIKSsSsEEOT_RNSt16remove_referenceIS5_E4typeE
FNDA:1785,_ZSt7forwardIRKSt4pairIKSsSsEEOT_RNSt16remove_referenceIS5_E4typeE
FNF:1
FNH:1
DA:76,1785
DA:77,1785
LF:2
LH:2
end_of_record
SF:/usr/include/c++/4.8/bits/stl_map.h
FN:180,_ZNSt3mapISsSsSt4lessISsESaISt4pairIKSsSsEEEC2ERKS6_
FNDA:42,_ZNSt3mapISsSsSt4lessISsESaISt4pairIKSsSsEEEC2ERKS6_
FNF:1
FNH:1
DA:180,42
DA:181,42
LF:2
LH:2
end_of_record
SF:/usr/include/c++/4.8/bits/stl_pair.h
FN:96,_ZNSt4pairIKSsSsED2Ev
FN:127,_ZNSt4pairIKSsSsEC2ERKS1_
FNDA:581,_ZNSt4pairIKSsSsED2Ev
FNDA:357,_ZNSt4pairIKSsSsEC2ERKS1_
FNF:2
FNH:2
DA:96,581
DA:127,357
LF:2
LH:2
end_of_record
SF:/usr/include/c++/4.8/bits/stl_tree.h
FN:102,_ZNSt18_Rb_tree_node_base10_S_minimumEPS_
FN:116,_ZNSt18_Rb_tree_node_base10_S_maximumEPS_
FN:131,_ZNSt13_Rb_tree_nodeISt4pairIKSsSsEED2Ev
FN:138,_ZNSt13_Rb_tree_nodeISt4pairIKSsSsEEC2IIRKS2_EEEDpOT_
FN:356,_ZNSt8_Rb_treeISsSt4pairIKSsSsESt10_Select1stIS2_ESt4lessISsESaIS2_EE21_M_get_Node_allocatorEv
FN:360,_ZNKSt8_Rb_treeISsSt4pairIKSsSsESt10_Select1stIS2_ESt4lessISsESaIS2_EE21_M_get_Node_allocatorEv
FN:369,_ZNSt8_Rb_treeISsSt4pairIKSsSsESt10_Select1stIS2_ESt4lessISsESaIS2_EE11_M_get_nodeEv
FN:373,_ZNSt8_Rb_treeISsSt4pairIKSsSsESt10_Select1stIS2_ESt4lessISsESaIS2_EE11_M_put_nodeEPSt13_Rb_tree_nodeIS2_E
FN:401,_ZNSt8_Rb_treeISsSt4pairIKSsSsESt10_Select1stIS2_ESt4lessISsESaIS2_EE14_M_create_nodeIIRKS2_EEEPSt13_Rb_tree_nodeIS2_EDpOT_
FN:419,_ZNSt8_Rb_treeISsSt4pairIKSsSsESt10_Select1stIS2_ESt4lessISsESaIS2_EE15_M_destroy_nodeEPSt13_Rb_tree_nodeIS2_E
FN:427,_ZNSt8_Rb_treeISsSt4pairIKSsSsESt10_Select1stIS2_ESt4lessISsESaIS2_EE13_M_clone_nodeEPKSt13_Rb_tree_nodeIS2_E
FN:439,_ZNSt8_Rb_treeISsSt4pairIKSsSsESt10_Select1stIS2_ESt4lessISsESaIS2_EE13_Rb_tree_implIS6_Lb1EED2Ev
FN:450,_ZNSt8_Rb_treeISsSt4pairIKSsSsESt10_Select1stIS2_ESt4lessISsESaIS2_EE13_Rb_tree_implIS6_Lb1EEC2ERKS6_RKSaISt13_Rb_tree_nodeIS2_EE
FN:464,_ZNSt8_Rb_treeISsSt4pairIKSsSsESt10_Select1stIS2_ESt4lessISsESaIS2_EE13_Rb_tree_implIS6_Lb1EE13_M_initializeEv
FN:477,_ZNSt8_Rb_treeISsSt4pairIKSsSsESt10_Select1stIS2_ESt4lessISsESaIS2_EE7_M_rootEv
FN:481,_ZNKSt8_Rb_treeISsSt4pairIKSsSsESt10_Select1stIS2_ESt4lessISsESaIS2_EE7_M_rootEv
FN:485,_ZNSt8_Rb_treeISsSt4pairIKSsSsESt10_Select1stIS2_ESt4lessISsESaIS2_EE11_M_leftmostEv
FN:493,_ZNSt8_Rb_treeISsSt4pairIKSsSsESt10_Select1stIS2_ESt4lessISsESaIS2_EE12_M_rightmostEv
FN:505,_ZNKSt8_Rb_treeISsSt4pairIKSsSsESt10_Select1stIS2_ESt4lessISsESaIS2_EE8_M_beginEv
FN:512,_ZNSt8_Rb_treeISsSt4pairIKSsSsESt10_Select1stIS2_ESt4lessISsESaIS2_EE6_M_endEv
FN:528,_ZNSt8_Rb_treeISsSt4pairIKSsSsESt10_Select1stIS2_ESt4lessISsESaIS2_EE7_S_leftEPSt18_Rb_tree_node_base
FN:532,_ZNSt8_Rb_treeISsSt4pairIKSsSsESt10_Select1stIS2_ESt4lessISsESaIS2_EE7_S_leftEPKSt18_Rb_tree_node_base
FN:536,_ZNSt8_Rb_treeISsSt4pairIKSsSsESt10_Select1stIS2_ESt4lessISsESaIS2_EE8_S_rightEPSt18_Rb_tree_node_base
FN:540,_ZNSt8_Rb_treeISsSt4pairIKSsSsESt10_Select1stIS2_ESt4lessISsESaIS2_EE8_S_rightEPKSt18_Rb_tree_node_base
FN:552,_ZNSt8_Rb_treeISsSt4pairIKSsSsESt10_Select1stIS2_ESt4lessISsESaIS2_EE10_S_minimumEPSt18_Rb_tree_node_base
FN:560,_ZNSt8_Rb_treeISsSt4pairIKSsSsESt10_Select1stIS2_ESt4lessISsESaIS2_EE10_S_maximumEPSt18_Rb_tree_node_base
FN:654,_ZNSt8_Rb_treeISsSt4pairIKSsSsESt10_Select1stIS2_ESt4lessISsESaIS2_EEC2ERKS8_
FN:1083,_ZNSt8_Rb_treeISsSt4pairIKSsSsESt10_Select1stIS2_ESt4lessISsESaIS2_EE7_M_copyEPKSt13_Rb_tree_nodeIS2_EPSA_
FN:1119,_ZNSt8_Rb_treeISsSt4pairIKSsSsESt10_Select1stIS2_ESt4lessISsESaIS2_EE8_M_eraseEPSt13_Rb_tree_nodeIS2_E
FNDA:70,_ZNSt18_Rb_tree_node_base10_S_minimumEPS_
FNDA:70,_ZNSt18_Rb_tree_node_base10_S_maximumEPS_
FNDA:581,_ZNSt13_Rb_tree_nodeISt4pairIKSsSsEED2Ev
FNDA:357,_ZNSt13_Rb_tree_nodeISt4pairIKSsSsEEC2IIRKS2_EEEDpOT_
FNDA:1072,_ZNSt8_Rb_treeISsSt4pairIKSsSsESt10_Select1stIS2_ESt4lessISsESaIS2_EE21_M_get_Node_allocatorEv
FNDA:42,_ZNKSt8_Rb_treeISsSt4pairIKSsSsESt10_Select1stIS2_ESt4lessISsESaIS2_EE21_M_get_Node_allocatorEv
FNDA:491,_ZNSt8_Rb_treeISsSt4pairIKSsSsESt10_Select1stIS2_ESt4lessISsESaIS2_EE11_M_get_nodeEv
FNDA:581,_ZNSt8_Rb_treeISsSt4pairIKSsSsESt10_Select1stIS2_ESt4lessISsESaIS2_EE11_M_put_nodeEPSt13_Rb_tree_nodeIS2_E
FNDA:357,_ZNSt8_Rb_treeISsSt4pairIKSsSsESt10_Select1stIS2_ESt4lessISsESaIS2_EE14_M_create_nodeIIRKS2_EEEPSt13_Rb_tree_nodeIS2_EDpOT_
FNDA:581,_ZNSt8_Rb_treeISsSt4pairIKSsSsESt10_Select1stIS2_ESt4lessISsESaIS2_EE15_M_destroy_nodeEPSt13_Rb_tree_nodeIS2_E
FNDA:357,_ZNSt8_Rb_treeISsSt4pairIKSsSsESt10_Select1stIS2_ESt4lessISsESaIS2_EE13_M_clone_nodeEPKSt13_Rb_tree_nodeIS2_E
FNDA:91,_ZNSt8_Rb_treeISsSt4pairIKSsSsESt10_Select1stIS2_ESt4lessISsESaIS2_EE13_Rb_tree_implIS6_Lb1EED2Ev
FNDA:42,_ZNSt8_Rb_treeISsSt4pairIKSsSsESt10_Select1stIS2_ESt4lessISsESaIS2_EE13_Rb_tree_implIS6_Lb1EEC2ERKS6_RKSaISt13_Rb_tree_nodeIS2_EE
FNDA:91,_ZNSt8_Rb_treeISsSt4pairIKSsSsESt10_Select1stIS2_ESt4lessISsESaIS2_EE13_Rb_tree_implIS6_Lb1EE13_M_initializeEv
FNDA:166,_ZNSt8_Rb_treeISsSt4pairIKSsSsESt10_Select1stIS2_ESt4lessISsESaIS2_EE7_M_rootEv
FNDA:55,_ZNKSt8_Rb_treeISsSt4pairIKSsSsESt10_Select1stIS2_ESt4lessISsESaIS2_EE7_M_rootEv
FNDA:222,_ZNSt8_Rb_treeISsSt4pairIKSsSsESt10_Select1stIS2_ESt4lessISsESaIS2_EE11_M_leftmostEv
FNDA:126,_ZNSt8_Rb_treeISsSt4pairIKSsSsESt10_Select1stIS2_ESt4lessISsESaIS2_EE12_M_rightmostEv
FNDA:51,_ZNKSt8_Rb_treeISsSt4pairIKSsSsESt10_Select1stIS2_ESt4lessISsESaIS2_EE8_M_beginEv
FNDA:593,_ZNSt8_Rb_treeISsSt4pairIKSsSsESt10_Select1stIS2_ESt4lessISsESaIS2_EE6_M_endEv
FNDA:894,_ZNSt8_Rb_treeISsSt4pairIKSsSsESt10_Select1stIS2_ESt4lessISsESaIS2_EE7_S_leftEPSt18_Rb_tree_node_base
FNDA:357,_ZNSt8_Rb_treeISsSt4pairIKSsSsESt10_Select1stIS2_ESt4lessISsESaIS2_EE7_S_leftEPKSt18_Rb_tree_node_base
FNDA:984,_ZNSt8_Rb_treeISsSt4pairIKSsSsESt10_Select1stIS2_ESt4lessISsESaIS2_EE8_S_rightEPSt18_Rb_tree_node_base
FNDA:145,_ZNSt8_Rb_treeISsSt4pairIKSsSsESt10_Select1stIS2_ESt4lessISsESaIS2_EE8_S_rightEPKSt18_Rb_tree_node_base
FNDA:51,_ZNSt8_Rb_treeISsSt4pairIKSsSsESt10_Select1stIS2_ESt4lessISsESaIS2_EE10_S_minimumEPSt18_Rb_tree_node_base
FNDA:51,_ZNSt8_Rb_treeISsSt4pairIKSsSsESt10_Select1stIS2_ESt4lessISsESaIS2_EE10_S_maximumEPSt18_Rb_tree_node_base
FNDA:42,_ZNSt8_Rb_treeISsSt4pairIKSsSsESt10_Select1stIS2_ESt4lessISsESaIS2_EEC2ERKS8_
FNDA:196,_ZNSt8_Rb_treeISsSt4pairIKSsSsESt10_Select1stIS2_ESt4lessISsESaIS2_EE7_M_copyEPKSt13_Rb_tree_nodeIS2_EPSA_
FNDA:783,_ZNSt8_Rb_treeISsSt4pairIKSsSsESt10_Select1stIS2_ESt4lessISsESaIS2_EE8_M_eraseEPSt13_Rb_tree_nodeIS2_E
FNF:29
FNH:29
DA:102,70
DA:104,70
DA:105,70
DA:116,70
DA:118,70
DA:119,70
DA:131,581
DA:138,357
DA:140,357
DA:356,1072
DA:357,1072
DA:360,42
DA:361,42
DA:369,491
DA:370,491
DA:373,581
DA:374,581
DA:401,357
DA:403,357
DA:406,357
DA:407,357
DA:408,357
DA:410,=====
DA:412,=====
DA:413,=====
DA:415,357
DA:419,581
DA:421,581
DA:422,581
DA:423,581
DA:427,357
DA:429,357
DA:430,357
DA:431,357
DA:432,357
DA:433,357
DA:439,91
DA:450,42
DA:452,42
DA:453,42
DA:464,91
DA:466,91
DA:467,91
DA:468,91
DA:469,91
DA:470,91
DA:477,166
DA:478,166
DA:481,55
DA:482,55
DA:485,222
DA:486,222
DA:493,126
DA:494,126
DA:505,51
DA:508,51
DA:512,593
DA:513,593
DA:528,894
DA:529,894
DA:532,357
DA:533,357
DA:536,984
DA:537,984
DA:540,145
DA:541,145
DA:552,51
DA:553,51
DA:560,51
DA:561,51
DA:654,42
DA:655,42
DA:657,42
DA:659,38
DA:660,38
DA:661,38
DA:662,38
DA:664,42
DA:1083,196
DA:1087,196
DA:1088,196
DA:1092,196
DA:1093,107
DA:1094,196
DA:1095,196
DA:1097,553
DA:1099,161
DA:1100,161
DA:1101,161
DA:1102,161
DA:1103,38
DA:1104,161
DA:1105,161
DA:1108,=====
DA:1110,=====
DA:1111,=====
DA:1113,196
DA:1119,783
DA:1123,2147
DA:1125,581
DA:1126,581
DA:1127,581
DA:1128,581
DA:1130,783
LF:104
LH:98
end_of_record
SF:/usr/include/c++/4.8/ext/atomicity.h
FN:48,_ZN9__gnu_cxxL18__exchange_and_addEPVii
FN:65,_ZN9__gnu_cxxL25__exchange_and_add_singleEPii
FN:78,_ZN9__gnu_cxxL27__exchange_and_add_dispatchEPii
FNDA:0,_ZN9__gnu_cxxL18__exchange_and_addEPVii
FNDA:0,_ZN9__gnu_cxxL25__exchange_and_add_singleEPii
FNDA:0,_ZN9__gnu_cxxL27__exchange_and_add_dispatchEPii
FNF:3
FNH:0
DA:48,0
DA:49,0
DA:65,0
DA:67,0
DA:68,0
DA:69,0
DA:78,0
DA:81,0
DA:82,0
DA:84,0
LF:10
LH:0
end_of_record
SF:/usr/include/c++/4.8/ext/new_allocator.h
FN:79,_ZN9__gnu_cxx13new_allocatorIcEC2Ev
FN:81,_ZN9__gnu_cxx13new_allocatorISt13_Rb_tree_nodeISt4pairIKSsSsEEEC2ERKS6_
FN:81,_ZN9__gnu_cxx13new_allocatorIcEC2ERKS1_
FN:86,_ZN9__gnu_cxx13new_allocatorIcED2Ev
FN:86,_ZN9__gnu_cxx13new_allocatorISt13_Rb_tree_nodeISt4pairIKSsSsEEED2Ev
FN:99,_ZN9__gnu_cxx13new_allocatorISt13_Rb_tree_nodeISt4pairIKSsSsEEE8allocateEmPKv
FN:109,_ZN9__gnu_cxx13new_allocatorISt13_Rb_tree_nodeISt4pairIKSsSsEEE10deallocateEPS5_m
FN:113,_ZNK9__gnu_cxx13new_allocatorISt13_Rb_tree_nodeISt4pairIKSsSsEEE8max_sizeEv
FN:119,_ZN9__gnu_cxx13new_allocatorISt13_Rb_tree_nodeISt4pairIKSsSsEEE9constructIS5_IRKS4_EEEvPT_DpOT0_
FN:124,_ZN9__gnu_cxx13new_allocatorISt13_Rb_tree_nodeISt4pairIKSsSsEEE7destroyIS5_EEvPT_
FNDA:0,_ZN9__gnu_cxx13new_allocatorIcEC2Ev
FNDA:42,_ZN9__gnu_cxx13new_allocatorISt13_Rb_tree_nodeISt4pairIKSsSsEEEC2ERKS6_
FNDA:0,_ZN9__gnu_cxx13new_allocatorIcEC2ERKS1_
FNDA:91,_ZN9__gnu_cxx13new_allocatorISt13_Rb_tree_nodeISt4pairIKSsSsEEED2Ev
FNDA:0,_ZN9__gnu_cxx13new_allocatorIcED2Ev
FNDA:491,_ZN9__gnu_cxx13new_allocatorISt13_Rb_tree_nodeISt4pairIKSsSsEEE8allocateEmPKv
FNDA:581,_ZN9__gnu_cxx13new_allocatorISt13_Rb_tree_nodeISt4pairIKSsSsEEE10deallocateEPS5_m
FNDA:491,_ZNK9__gnu_cxx13new_allocatorISt13_Rb_tree_nodeISt4pairIKSsSsEEE8max_sizeEv
FNDA:357,_ZN9__gnu_cxx13new_allocatorISt13_Rb_tree_nodeISt4pairIKSsSsEEE9constructIS5_IRKS4_EEEvPT_DpOT0_
FNDA:581,_ZN9__gnu_cxx13new_allocatorISt13_Rb_tree_nodeISt4pairIKSsSsEEE7destroyIS5_EEvPT_
FNF:10
FNH:7
DA:79,0
DA:81,42
DA:86,91
DA:99,491
DA:101,491
DA:102,0
DA:104,491
DA:109,581
DA:110,581
DA:113,491
DA:114,491
DA:119,357
DA:120,357
DA:124,581
LF:14
LH:12
end_of_record
SF:/usr/include/c++/4.8/iostream
DA:74,4
LF:1
LH:1
end_of_record
SF:/usr/include/c++/4.8/new
FN:109,_ZnwmPv
FN:115,_ZdlPvS_
FNDA:1799,_ZnwmPv
FNDA:0,_ZdlPvS_
FNF:2
FNH:1
DA:109,1799
DA:110,1799
DA:115,0
LF:3
LH:2
end_of_record
SF:/usr/include/x86_64-linux-gnu/c++/4.8/bits/gthr-default.h
FN:247,_ZL18__gthread_active_pv
FNDA:0,_ZL18__gthread_active_pv
FNF:1
FNH:0
DA:247,0
DA:251,0
LF:2
LH:0
end_of_record
